{"C:\\Users\\penap\\Documents\\TFG\\Tests\\MedAlerta\\DAODoctores.js": {"path":"C:\\Users\\penap\\Documents\\TFG\\Tests\\MedAlerta\\DAODoctores.js","statementMap":{"0":{"start":{"line":5,"column":8},"end":{"line":5,"column":25}},"1":{"start":{"line":11,"column":8},"end":{"line":30,"column":11}},"2":{"start":{"line":12,"column":12},"end":{"line":29,"column":15}},"3":{"start":{"line":13,"column":16},"end":{"line":28,"column":17}},"4":{"start":{"line":14,"column":20},"end":{"line":14,"column":83}},"5":{"start":{"line":15,"column":20},"end":{"line":15,"column":32}},"6":{"start":{"line":17,"column":20},"end":{"line":17,"column":72}},"7":{"start":{"line":18,"column":45},"end":{"line":18,"column":110}},"8":{"start":{"line":19,"column":20},"end":{"line":27,"column":23}},"9":{"start":{"line":20,"column":24},"end":{"line":20,"column":45}},"10":{"start":{"line":21,"column":24},"end":{"line":26,"column":25}},"11":{"start":{"line":22,"column":28},"end":{"line":22,"column":40}},"12":{"start":{"line":25,"column":28},"end":{"line":25,"column":41}},"13":{"start":{"line":35,"column":8},"end":{"line":54,"column":11}},"14":{"start":{"line":36,"column":12},"end":{"line":53,"column":15}},"15":{"start":{"line":37,"column":16},"end":{"line":52,"column":17}},"16":{"start":{"line":38,"column":20},"end":{"line":38,"column":83}},"17":{"start":{"line":39,"column":20},"end":{"line":39,"column":32}},"18":{"start":{"line":41,"column":20},"end":{"line":41,"column":72}},"19":{"start":{"line":42,"column":49},"end":{"line":42,"column":115}},"20":{"start":{"line":43,"column":20},"end":{"line":51,"column":23}},"21":{"start":{"line":44,"column":24},"end":{"line":44,"column":45}},"22":{"start":{"line":45,"column":24},"end":{"line":50,"column":25}},"23":{"start":{"line":46,"column":28},"end":{"line":46,"column":40}},"24":{"start":{"line":49,"column":28},"end":{"line":49,"column":41}},"25":{"start":{"line":58,"column":8},"end":{"line":77,"column":11}},"26":{"start":{"line":59,"column":12},"end":{"line":76,"column":15}},"27":{"start":{"line":60,"column":16},"end":{"line":75,"column":17}},"28":{"start":{"line":61,"column":20},"end":{"line":61,"column":83}},"29":{"start":{"line":62,"column":20},"end":{"line":62,"column":32}},"30":{"start":{"line":64,"column":20},"end":{"line":64,"column":72}},"31":{"start":{"line":65,"column":43},"end":{"line":65,"column":75}},"32":{"start":{"line":66,"column":20},"end":{"line":74,"column":23}},"33":{"start":{"line":67,"column":24},"end":{"line":67,"column":45}},"34":{"start":{"line":68,"column":24},"end":{"line":73,"column":25}},"35":{"start":{"line":69,"column":28},"end":{"line":69,"column":40}},"36":{"start":{"line":72,"column":28},"end":{"line":72,"column":41}},"37":{"start":{"line":81,"column":8},"end":{"line":100,"column":11}},"38":{"start":{"line":82,"column":12},"end":{"line":99,"column":15}},"39":{"start":{"line":83,"column":16},"end":{"line":98,"column":17}},"40":{"start":{"line":84,"column":20},"end":{"line":84,"column":83}},"41":{"start":{"line":85,"column":20},"end":{"line":85,"column":32}},"42":{"start":{"line":87,"column":20},"end":{"line":87,"column":72}},"43":{"start":{"line":88,"column":49},"end":{"line":88,"column":131}},"44":{"start":{"line":89,"column":20},"end":{"line":97,"column":23}},"45":{"start":{"line":90,"column":24},"end":{"line":90,"column":45}},"46":{"start":{"line":91,"column":24},"end":{"line":96,"column":25}},"47":{"start":{"line":92,"column":28},"end":{"line":92,"column":40}},"48":{"start":{"line":95,"column":28},"end":{"line":95,"column":41}},"49":{"start":{"line":104,"column":22},"end":{"line":104,"column":46}},"50":{"start":{"line":105,"column":21},"end":{"line":105,"column":45}},"51":{"start":{"line":108,"column":38},"end":{"line":108,"column":56}},"52":{"start":{"line":110,"column":8},"end":{"line":169,"column":11}},"53":{"start":{"line":111,"column":12},"end":{"line":168,"column":15}},"54":{"start":{"line":112,"column":16},"end":{"line":167,"column":17}},"55":{"start":{"line":113,"column":20},"end":{"line":113,"column":83}},"56":{"start":{"line":114,"column":20},"end":{"line":114,"column":32}},"57":{"start":{"line":116,"column":20},"end":{"line":116,"column":71}},"58":{"start":{"line":117,"column":32},"end":{"line":157,"column":45}},"59":{"start":{"line":159,"column":20},"end":{"line":166,"column":23}},"60":{"start":{"line":160,"column":24},"end":{"line":160,"column":45}},"61":{"start":{"line":161,"column":24},"end":{"line":165,"column":25}},"62":{"start":{"line":162,"column":28},"end":{"line":162,"column":40}},"63":{"start":{"line":164,"column":28},"end":{"line":164,"column":41}},"64":{"start":{"line":175,"column":8},"end":{"line":194,"column":11}},"65":{"start":{"line":176,"column":12},"end":{"line":193,"column":15}},"66":{"start":{"line":177,"column":16},"end":{"line":192,"column":17}},"67":{"start":{"line":178,"column":20},"end":{"line":178,"column":83}},"68":{"start":{"line":179,"column":20},"end":{"line":179,"column":32}},"69":{"start":{"line":181,"column":20},"end":{"line":181,"column":72}},"70":{"start":{"line":182,"column":49},"end":{"line":182,"column":129}},"71":{"start":{"line":183,"column":20},"end":{"line":191,"column":23}},"72":{"start":{"line":184,"column":24},"end":{"line":184,"column":45}},"73":{"start":{"line":185,"column":24},"end":{"line":190,"column":25}},"74":{"start":{"line":186,"column":28},"end":{"line":186,"column":40}},"75":{"start":{"line":189,"column":28},"end":{"line":189,"column":41}},"76":{"start":{"line":199,"column":8},"end":{"line":218,"column":11}},"77":{"start":{"line":200,"column":12},"end":{"line":217,"column":15}},"78":{"start":{"line":201,"column":16},"end":{"line":216,"column":17}},"79":{"start":{"line":202,"column":20},"end":{"line":202,"column":83}},"80":{"start":{"line":203,"column":20},"end":{"line":203,"column":32}},"81":{"start":{"line":205,"column":20},"end":{"line":205,"column":72}},"82":{"start":{"line":206,"column":44},"end":{"line":206,"column":182}},"83":{"start":{"line":207,"column":20},"end":{"line":215,"column":23}},"84":{"start":{"line":208,"column":24},"end":{"line":208,"column":45}},"85":{"start":{"line":209,"column":24},"end":{"line":214,"column":25}},"86":{"start":{"line":210,"column":28},"end":{"line":210,"column":40}},"87":{"start":{"line":213,"column":28},"end":{"line":213,"column":41}},"88":{"start":{"line":223,"column":8},"end":{"line":246,"column":11}},"89":{"start":{"line":224,"column":12},"end":{"line":245,"column":15}},"90":{"start":{"line":225,"column":16},"end":{"line":244,"column":17}},"91":{"start":{"line":226,"column":20},"end":{"line":226,"column":83}},"92":{"start":{"line":227,"column":20},"end":{"line":227,"column":32}},"93":{"start":{"line":229,"column":20},"end":{"line":229,"column":72}},"94":{"start":{"line":230,"column":50},"end":{"line":234,"column":21}},"95":{"start":{"line":235,"column":20},"end":{"line":243,"column":23}},"96":{"start":{"line":236,"column":24},"end":{"line":236,"column":45}},"97":{"start":{"line":237,"column":24},"end":{"line":242,"column":25}},"98":{"start":{"line":238,"column":28},"end":{"line":238,"column":40}},"99":{"start":{"line":241,"column":28},"end":{"line":241,"column":41}},"100":{"start":{"line":250,"column":8},"end":{"line":269,"column":11}},"101":{"start":{"line":251,"column":12},"end":{"line":268,"column":15}},"102":{"start":{"line":252,"column":16},"end":{"line":267,"column":17}},"103":{"start":{"line":253,"column":20},"end":{"line":253,"column":83}},"104":{"start":{"line":254,"column":20},"end":{"line":254,"column":32}},"105":{"start":{"line":256,"column":20},"end":{"line":256,"column":72}},"106":{"start":{"line":257,"column":54},"end":{"line":257,"column":162}},"107":{"start":{"line":258,"column":20},"end":{"line":266,"column":23}},"108":{"start":{"line":259,"column":24},"end":{"line":259,"column":45}},"109":{"start":{"line":260,"column":24},"end":{"line":265,"column":25}},"110":{"start":{"line":261,"column":28},"end":{"line":261,"column":40}},"111":{"start":{"line":264,"column":28},"end":{"line":264,"column":41}},"112":{"start":{"line":274,"column":8},"end":{"line":293,"column":11}},"113":{"start":{"line":275,"column":12},"end":{"line":292,"column":15}},"114":{"start":{"line":276,"column":16},"end":{"line":291,"column":17}},"115":{"start":{"line":277,"column":20},"end":{"line":277,"column":83}},"116":{"start":{"line":278,"column":20},"end":{"line":278,"column":32}},"117":{"start":{"line":280,"column":20},"end":{"line":280,"column":72}},"118":{"start":{"line":281,"column":52},"end":{"line":281,"column":103}},"119":{"start":{"line":282,"column":20},"end":{"line":290,"column":23}},"120":{"start":{"line":283,"column":24},"end":{"line":283,"column":45}},"121":{"start":{"line":284,"column":24},"end":{"line":289,"column":25}},"122":{"start":{"line":285,"column":28},"end":{"line":285,"column":40}},"123":{"start":{"line":288,"column":28},"end":{"line":288,"column":41}},"124":{"start":{"line":298,"column":8},"end":{"line":317,"column":11}},"125":{"start":{"line":299,"column":12},"end":{"line":316,"column":15}},"126":{"start":{"line":300,"column":16},"end":{"line":315,"column":17}},"127":{"start":{"line":301,"column":20},"end":{"line":301,"column":83}},"128":{"start":{"line":302,"column":20},"end":{"line":302,"column":32}},"129":{"start":{"line":304,"column":20},"end":{"line":304,"column":72}},"130":{"start":{"line":305,"column":42},"end":{"line":305,"column":97}},"131":{"start":{"line":306,"column":20},"end":{"line":314,"column":23}},"132":{"start":{"line":307,"column":24},"end":{"line":307,"column":45}},"133":{"start":{"line":308,"column":24},"end":{"line":313,"column":25}},"134":{"start":{"line":309,"column":28},"end":{"line":309,"column":40}},"135":{"start":{"line":312,"column":28},"end":{"line":312,"column":41}},"136":{"start":{"line":322,"column":0},"end":{"line":322,"column":27}}},"fnMap":{"0":{"name":"(anonymous_0)","decl":{"start":{"line":4,"column":4},"end":{"line":4,"column":5}},"loc":{"start":{"line":4,"column":21},"end":{"line":6,"column":5}},"line":4},"1":{"name":"(anonymous_1)","decl":{"start":{"line":9,"column":4},"end":{"line":9,"column":5}},"loc":{"start":{"line":9,"column":41},"end":{"line":31,"column":5}},"line":9},"2":{"name":"(anonymous_2)","decl":{"start":{"line":11,"column":27},"end":{"line":11,"column":28}},"loc":{"start":{"line":11,"column":48},"end":{"line":30,"column":9}},"line":11},"3":{"name":"(anonymous_3)","decl":{"start":{"line":12,"column":36},"end":{"line":12,"column":37}},"loc":{"start":{"line":12,"column":57},"end":{"line":29,"column":13}},"line":12},"4":{"name":"(anonymous_4)","decl":{"start":{"line":19,"column":82},"end":{"line":19,"column":83}},"loc":{"start":{"line":19,"column":96},"end":{"line":27,"column":21}},"line":19},"5":{"name":"(anonymous_5)","decl":{"start":{"line":33,"column":4},"end":{"line":33,"column":5}},"loc":{"start":{"line":33,"column":45},"end":{"line":55,"column":5}},"line":33},"6":{"name":"(anonymous_6)","decl":{"start":{"line":35,"column":27},"end":{"line":35,"column":28}},"loc":{"start":{"line":35,"column":48},"end":{"line":54,"column":9}},"line":35},"7":{"name":"(anonymous_7)","decl":{"start":{"line":36,"column":36},"end":{"line":36,"column":37}},"loc":{"start":{"line":36,"column":57},"end":{"line":53,"column":13}},"line":36},"8":{"name":"(anonymous_8)","decl":{"start":{"line":43,"column":86},"end":{"line":43,"column":87}},"loc":{"start":{"line":43,"column":100},"end":{"line":51,"column":21}},"line":43},"9":{"name":"(anonymous_9)","decl":{"start":{"line":56,"column":4},"end":{"line":56,"column":5}},"loc":{"start":{"line":56,"column":20},"end":{"line":78,"column":5}},"line":56},"10":{"name":"(anonymous_10)","decl":{"start":{"line":58,"column":27},"end":{"line":58,"column":28}},"loc":{"start":{"line":58,"column":48},"end":{"line":77,"column":9}},"line":58},"11":{"name":"(anonymous_11)","decl":{"start":{"line":59,"column":36},"end":{"line":59,"column":37}},"loc":{"start":{"line":59,"column":57},"end":{"line":76,"column":13}},"line":59},"12":{"name":"(anonymous_12)","decl":{"start":{"line":66,"column":61},"end":{"line":66,"column":62}},"loc":{"start":{"line":66,"column":75},"end":{"line":74,"column":21}},"line":66},"13":{"name":"(anonymous_13)","decl":{"start":{"line":79,"column":4},"end":{"line":79,"column":5}},"loc":{"start":{"line":79,"column":53},"end":{"line":101,"column":5}},"line":79},"14":{"name":"(anonymous_14)","decl":{"start":{"line":81,"column":27},"end":{"line":81,"column":28}},"loc":{"start":{"line":81,"column":48},"end":{"line":100,"column":9}},"line":81},"15":{"name":"(anonymous_15)","decl":{"start":{"line":82,"column":36},"end":{"line":82,"column":37}},"loc":{"start":{"line":82,"column":57},"end":{"line":99,"column":13}},"line":82},"16":{"name":"(anonymous_16)","decl":{"start":{"line":89,"column":101},"end":{"line":89,"column":102}},"loc":{"start":{"line":89,"column":115},"end":{"line":97,"column":21}},"line":89},"17":{"name":"(anonymous_17)","decl":{"start":{"line":102,"column":4},"end":{"line":102,"column":5}},"loc":{"start":{"line":102,"column":63},"end":{"line":170,"column":5}},"line":102},"18":{"name":"(anonymous_18)","decl":{"start":{"line":110,"column":27},"end":{"line":110,"column":28}},"loc":{"start":{"line":110,"column":48},"end":{"line":169,"column":9}},"line":110},"19":{"name":"(anonymous_19)","decl":{"start":{"line":111,"column":36},"end":{"line":111,"column":37}},"loc":{"start":{"line":111,"column":57},"end":{"line":168,"column":13}},"line":111},"20":{"name":"(anonymous_20)","decl":{"start":{"line":159,"column":318},"end":{"line":159,"column":319}},"loc":{"start":{"line":159,"column":332},"end":{"line":166,"column":21}},"line":159},"21":{"name":"(anonymous_21)","decl":{"start":{"line":173,"column":4},"end":{"line":173,"column":5}},"loc":{"start":{"line":173,"column":57},"end":{"line":195,"column":5}},"line":173},"22":{"name":"(anonymous_22)","decl":{"start":{"line":175,"column":27},"end":{"line":175,"column":28}},"loc":{"start":{"line":175,"column":48},"end":{"line":194,"column":9}},"line":175},"23":{"name":"(anonymous_23)","decl":{"start":{"line":176,"column":36},"end":{"line":176,"column":37}},"loc":{"start":{"line":176,"column":57},"end":{"line":193,"column":13}},"line":176},"24":{"name":"(anonymous_24)","decl":{"start":{"line":183,"column":98},"end":{"line":183,"column":99}},"loc":{"start":{"line":183,"column":112},"end":{"line":191,"column":21}},"line":183},"25":{"name":"(anonymous_25)","decl":{"start":{"line":197,"column":4},"end":{"line":197,"column":5}},"loc":{"start":{"line":197,"column":105},"end":{"line":219,"column":5}},"line":197},"26":{"name":"(anonymous_26)","decl":{"start":{"line":199,"column":27},"end":{"line":199,"column":28}},"loc":{"start":{"line":199,"column":48},"end":{"line":218,"column":9}},"line":199},"27":{"name":"(anonymous_27)","decl":{"start":{"line":200,"column":36},"end":{"line":200,"column":37}},"loc":{"start":{"line":200,"column":57},"end":{"line":217,"column":13}},"line":200},"28":{"name":"(anonymous_28)","decl":{"start":{"line":207,"column":146},"end":{"line":207,"column":147}},"loc":{"start":{"line":207,"column":160},"end":{"line":215,"column":21}},"line":207},"29":{"name":"(anonymous_29)","decl":{"start":{"line":221,"column":4},"end":{"line":221,"column":5}},"loc":{"start":{"line":221,"column":25},"end":{"line":247,"column":5}},"line":221},"30":{"name":"(anonymous_30)","decl":{"start":{"line":223,"column":27},"end":{"line":223,"column":28}},"loc":{"start":{"line":223,"column":48},"end":{"line":246,"column":9}},"line":223},"31":{"name":"(anonymous_31)","decl":{"start":{"line":224,"column":36},"end":{"line":224,"column":37}},"loc":{"start":{"line":224,"column":57},"end":{"line":245,"column":13}},"line":224},"32":{"name":"(anonymous_32)","decl":{"start":{"line":235,"column":75},"end":{"line":235,"column":76}},"loc":{"start":{"line":235,"column":89},"end":{"line":243,"column":21}},"line":235},"33":{"name":"(anonymous_33)","decl":{"start":{"line":248,"column":4},"end":{"line":248,"column":5}},"loc":{"start":{"line":248,"column":38},"end":{"line":270,"column":5}},"line":248},"34":{"name":"(anonymous_34)","decl":{"start":{"line":250,"column":27},"end":{"line":250,"column":28}},"loc":{"start":{"line":250,"column":48},"end":{"line":269,"column":9}},"line":250},"35":{"name":"(anonymous_35)","decl":{"start":{"line":251,"column":36},"end":{"line":251,"column":37}},"loc":{"start":{"line":251,"column":57},"end":{"line":268,"column":13}},"line":251},"36":{"name":"(anonymous_36)","decl":{"start":{"line":258,"column":79},"end":{"line":258,"column":80}},"loc":{"start":{"line":258,"column":93},"end":{"line":266,"column":21}},"line":258},"37":{"name":"(anonymous_37)","decl":{"start":{"line":272,"column":4},"end":{"line":272,"column":5}},"loc":{"start":{"line":272,"column":37},"end":{"line":294,"column":5}},"line":272},"38":{"name":"(anonymous_38)","decl":{"start":{"line":274,"column":27},"end":{"line":274,"column":28}},"loc":{"start":{"line":274,"column":48},"end":{"line":293,"column":9}},"line":274},"39":{"name":"(anonymous_39)","decl":{"start":{"line":275,"column":36},"end":{"line":275,"column":37}},"loc":{"start":{"line":275,"column":57},"end":{"line":292,"column":13}},"line":275},"40":{"name":"(anonymous_40)","decl":{"start":{"line":282,"column":78},"end":{"line":282,"column":79}},"loc":{"start":{"line":282,"column":92},"end":{"line":290,"column":21}},"line":282},"41":{"name":"(anonymous_41)","decl":{"start":{"line":296,"column":4},"end":{"line":296,"column":5}},"loc":{"start":{"line":296,"column":29},"end":{"line":318,"column":5}},"line":296},"42":{"name":"(anonymous_42)","decl":{"start":{"line":298,"column":27},"end":{"line":298,"column":28}},"loc":{"start":{"line":298,"column":48},"end":{"line":317,"column":9}},"line":298},"43":{"name":"(anonymous_43)","decl":{"start":{"line":299,"column":36},"end":{"line":299,"column":37}},"loc":{"start":{"line":299,"column":57},"end":{"line":316,"column":13}},"line":299},"44":{"name":"(anonymous_44)","decl":{"start":{"line":306,"column":70},"end":{"line":306,"column":71}},"loc":{"start":{"line":306,"column":84},"end":{"line":314,"column":21}},"line":306}},"branchMap":{"0":{"loc":{"start":{"line":13,"column":16},"end":{"line":28,"column":17}},"type":"if","locations":[{"start":{"line":13,"column":16},"end":{"line":28,"column":17}},{"start":{"line":16,"column":21},"end":{"line":28,"column":17}}],"line":13},"1":{"loc":{"start":{"line":21,"column":24},"end":{"line":26,"column":25}},"type":"if","locations":[{"start":{"line":21,"column":24},"end":{"line":26,"column":25}},{"start":{"line":24,"column":28},"end":{"line":26,"column":25}}],"line":21},"2":{"loc":{"start":{"line":37,"column":16},"end":{"line":52,"column":17}},"type":"if","locations":[{"start":{"line":37,"column":16},"end":{"line":52,"column":17}},{"start":{"line":40,"column":21},"end":{"line":52,"column":17}}],"line":37},"3":{"loc":{"start":{"line":45,"column":24},"end":{"line":50,"column":25}},"type":"if","locations":[{"start":{"line":45,"column":24},"end":{"line":50,"column":25}},{"start":{"line":48,"column":28},"end":{"line":50,"column":25}}],"line":45},"4":{"loc":{"start":{"line":60,"column":16},"end":{"line":75,"column":17}},"type":"if","locations":[{"start":{"line":60,"column":16},"end":{"line":75,"column":17}},{"start":{"line":63,"column":21},"end":{"line":75,"column":17}}],"line":60},"5":{"loc":{"start":{"line":68,"column":24},"end":{"line":73,"column":25}},"type":"if","locations":[{"start":{"line":68,"column":24},"end":{"line":73,"column":25}},{"start":{"line":71,"column":28},"end":{"line":73,"column":25}}],"line":68},"6":{"loc":{"start":{"line":83,"column":16},"end":{"line":98,"column":17}},"type":"if","locations":[{"start":{"line":83,"column":16},"end":{"line":98,"column":17}},{"start":{"line":86,"column":21},"end":{"line":98,"column":17}}],"line":83},"7":{"loc":{"start":{"line":91,"column":24},"end":{"line":96,"column":25}},"type":"if","locations":[{"start":{"line":91,"column":24},"end":{"line":96,"column":25}},{"start":{"line":94,"column":28},"end":{"line":96,"column":25}}],"line":91},"8":{"loc":{"start":{"line":112,"column":16},"end":{"line":167,"column":17}},"type":"if","locations":[{"start":{"line":112,"column":16},"end":{"line":167,"column":17}},{"start":{"line":115,"column":23},"end":{"line":167,"column":17}}],"line":112},"9":{"loc":{"start":{"line":161,"column":24},"end":{"line":165,"column":25}},"type":"if","locations":[{"start":{"line":161,"column":24},"end":{"line":165,"column":25}},{"start":{"line":163,"column":31},"end":{"line":165,"column":25}}],"line":161},"10":{"loc":{"start":{"line":177,"column":16},"end":{"line":192,"column":17}},"type":"if","locations":[{"start":{"line":177,"column":16},"end":{"line":192,"column":17}},{"start":{"line":180,"column":21},"end":{"line":192,"column":17}}],"line":177},"11":{"loc":{"start":{"line":185,"column":24},"end":{"line":190,"column":25}},"type":"if","locations":[{"start":{"line":185,"column":24},"end":{"line":190,"column":25}},{"start":{"line":188,"column":28},"end":{"line":190,"column":25}}],"line":185},"12":{"loc":{"start":{"line":201,"column":16},"end":{"line":216,"column":17}},"type":"if","locations":[{"start":{"line":201,"column":16},"end":{"line":216,"column":17}},{"start":{"line":204,"column":21},"end":{"line":216,"column":17}}],"line":201},"13":{"loc":{"start":{"line":209,"column":24},"end":{"line":214,"column":25}},"type":"if","locations":[{"start":{"line":209,"column":24},"end":{"line":214,"column":25}},{"start":{"line":212,"column":28},"end":{"line":214,"column":25}}],"line":209},"14":{"loc":{"start":{"line":225,"column":16},"end":{"line":244,"column":17}},"type":"if","locations":[{"start":{"line":225,"column":16},"end":{"line":244,"column":17}},{"start":{"line":228,"column":21},"end":{"line":244,"column":17}}],"line":225},"15":{"loc":{"start":{"line":237,"column":24},"end":{"line":242,"column":25}},"type":"if","locations":[{"start":{"line":237,"column":24},"end":{"line":242,"column":25}},{"start":{"line":240,"column":28},"end":{"line":242,"column":25}}],"line":237},"16":{"loc":{"start":{"line":252,"column":16},"end":{"line":267,"column":17}},"type":"if","locations":[{"start":{"line":252,"column":16},"end":{"line":267,"column":17}},{"start":{"line":255,"column":21},"end":{"line":267,"column":17}}],"line":252},"17":{"loc":{"start":{"line":260,"column":24},"end":{"line":265,"column":25}},"type":"if","locations":[{"start":{"line":260,"column":24},"end":{"line":265,"column":25}},{"start":{"line":263,"column":28},"end":{"line":265,"column":25}}],"line":260},"18":{"loc":{"start":{"line":276,"column":16},"end":{"line":291,"column":17}},"type":"if","locations":[{"start":{"line":276,"column":16},"end":{"line":291,"column":17}},{"start":{"line":279,"column":21},"end":{"line":291,"column":17}}],"line":276},"19":{"loc":{"start":{"line":284,"column":24},"end":{"line":289,"column":25}},"type":"if","locations":[{"start":{"line":284,"column":24},"end":{"line":289,"column":25}},{"start":{"line":287,"column":28},"end":{"line":289,"column":25}}],"line":284},"20":{"loc":{"start":{"line":300,"column":16},"end":{"line":315,"column":17}},"type":"if","locations":[{"start":{"line":300,"column":16},"end":{"line":315,"column":17}},{"start":{"line":303,"column":21},"end":{"line":315,"column":17}}],"line":300},"21":{"loc":{"start":{"line":308,"column":24},"end":{"line":313,"column":25}},"type":"if","locations":[{"start":{"line":308,"column":24},"end":{"line":313,"column":25}},{"start":{"line":311,"column":28},"end":{"line":313,"column":25}}],"line":308}},"s":{"0":1,"1":0,"2":0,"3":0,"4":0,"5":0,"6":0,"7":0,"8":0,"9":0,"10":0,"11":0,"12":0,"13":0,"14":0,"15":0,"16":0,"17":0,"18":0,"19":0,"20":0,"21":0,"22":0,"23":0,"24":0,"25":0,"26":0,"27":0,"28":0,"29":0,"30":0,"31":0,"32":0,"33":0,"34":0,"35":0,"36":0,"37":0,"38":0,"39":0,"40":0,"41":0,"42":0,"43":0,"44":0,"45":0,"46":0,"47":0,"48":0,"49":0,"50":0,"51":0,"52":0,"53":0,"54":0,"55":0,"56":0,"57":0,"58":0,"59":0,"60":0,"61":0,"62":0,"63":0,"64":0,"65":0,"66":0,"67":0,"68":0,"69":0,"70":0,"71":0,"72":0,"73":0,"74":0,"75":0,"76":0,"77":0,"78":0,"79":0,"80":0,"81":0,"82":0,"83":0,"84":0,"85":0,"86":0,"87":0,"88":0,"89":0,"90":0,"91":0,"92":0,"93":0,"94":0,"95":0,"96":0,"97":0,"98":0,"99":0,"100":0,"101":0,"102":0,"103":0,"104":0,"105":0,"106":0,"107":0,"108":0,"109":0,"110":0,"111":0,"112":0,"113":0,"114":0,"115":0,"116":0,"117":0,"118":0,"119":0,"120":0,"121":0,"122":0,"123":0,"124":0,"125":0,"126":0,"127":0,"128":0,"129":0,"130":0,"131":0,"132":0,"133":0,"134":0,"135":0,"136":1},"f":{"0":1,"1":0,"2":0,"3":0,"4":0,"5":0,"6":0,"7":0,"8":0,"9":0,"10":0,"11":0,"12":0,"13":0,"14":0,"15":0,"16":0,"17":0,"18":0,"19":0,"20":0,"21":0,"22":0,"23":0,"24":0,"25":0,"26":0,"27":0,"28":0,"29":0,"30":0,"31":0,"32":0,"33":0,"34":0,"35":0,"36":0,"37":0,"38":0,"39":0,"40":0,"41":0,"42":0,"43":0,"44":0},"b":{"0":[0,0],"1":[0,0],"2":[0,0],"3":[0,0],"4":[0,0],"5":[0,0],"6":[0,0],"7":[0,0],"8":[0,0],"9":[0,0],"10":[0,0],"11":[0,0],"12":[0,0],"13":[0,0],"14":[0,0],"15":[0,0],"16":[0,0],"17":[0,0],"18":[0,0],"19":[0,0],"20":[0,0],"21":[0,0]},"_coverageSchema":"1a1c01bbd47fc00a2c39e90264f33305004495a9","hash":"fa28b4c8017554d252efa8fb4882cde5fbc5b023"}
,"C:\\Users\\penap\\Documents\\TFG\\Tests\\MedAlerta\\DAOPacientes.js": {"path":"C:\\Users\\penap\\Documents\\TFG\\Tests\\MedAlerta\\DAOPacientes.js","statementMap":{"0":{"start":{"line":5,"column":8},"end":{"line":5,"column":25}},"1":{"start":{"line":10,"column":8},"end":{"line":29,"column":11}},"2":{"start":{"line":11,"column":12},"end":{"line":28,"column":15}},"3":{"start":{"line":12,"column":16},"end":{"line":27,"column":17}},"4":{"start":{"line":13,"column":20},"end":{"line":13,"column":83}},"5":{"start":{"line":14,"column":20},"end":{"line":14,"column":32}},"6":{"start":{"line":16,"column":20},"end":{"line":16,"column":72}},"7":{"start":{"line":17,"column":48},"end":{"line":17,"column":194}},"8":{"start":{"line":18,"column":20},"end":{"line":26,"column":23}},"9":{"start":{"line":19,"column":24},"end":{"line":19,"column":45}},"10":{"start":{"line":20,"column":24},"end":{"line":25,"column":25}},"11":{"start":{"line":21,"column":28},"end":{"line":21,"column":40}},"12":{"start":{"line":24,"column":28},"end":{"line":24,"column":41}},"13":{"start":{"line":34,"column":8},"end":{"line":53,"column":11}},"14":{"start":{"line":35,"column":12},"end":{"line":52,"column":15}},"15":{"start":{"line":36,"column":16},"end":{"line":51,"column":17}},"16":{"start":{"line":37,"column":20},"end":{"line":37,"column":83}},"17":{"start":{"line":38,"column":20},"end":{"line":38,"column":32}},"18":{"start":{"line":40,"column":20},"end":{"line":40,"column":72}},"19":{"start":{"line":41,"column":44},"end":{"line":41,"column":102}},"20":{"start":{"line":42,"column":20},"end":{"line":50,"column":23}},"21":{"start":{"line":43,"column":24},"end":{"line":43,"column":45}},"22":{"start":{"line":44,"column":24},"end":{"line":49,"column":25}},"23":{"start":{"line":45,"column":28},"end":{"line":45,"column":40}},"24":{"start":{"line":48,"column":28},"end":{"line":48,"column":41}},"25":{"start":{"line":58,"column":8},"end":{"line":77,"column":11}},"26":{"start":{"line":59,"column":12},"end":{"line":76,"column":15}},"27":{"start":{"line":60,"column":16},"end":{"line":75,"column":17}},"28":{"start":{"line":61,"column":20},"end":{"line":61,"column":83}},"29":{"start":{"line":62,"column":20},"end":{"line":62,"column":32}},"30":{"start":{"line":64,"column":20},"end":{"line":64,"column":72}},"31":{"start":{"line":65,"column":46},"end":{"line":65,"column":85}},"32":{"start":{"line":66,"column":20},"end":{"line":74,"column":23}},"33":{"start":{"line":67,"column":24},"end":{"line":67,"column":45}},"34":{"start":{"line":68,"column":24},"end":{"line":73,"column":25}},"35":{"start":{"line":69,"column":28},"end":{"line":69,"column":40}},"36":{"start":{"line":72,"column":28},"end":{"line":72,"column":41}},"37":{"start":{"line":82,"column":8},"end":{"line":101,"column":11}},"38":{"start":{"line":83,"column":12},"end":{"line":100,"column":15}},"39":{"start":{"line":84,"column":16},"end":{"line":99,"column":17}},"40":{"start":{"line":85,"column":20},"end":{"line":85,"column":83}},"41":{"start":{"line":86,"column":20},"end":{"line":86,"column":32}},"42":{"start":{"line":88,"column":20},"end":{"line":88,"column":72}},"43":{"start":{"line":89,"column":45},"end":{"line":89,"column":188}},"44":{"start":{"line":90,"column":20},"end":{"line":98,"column":23}},"45":{"start":{"line":91,"column":24},"end":{"line":91,"column":45}},"46":{"start":{"line":92,"column":24},"end":{"line":97,"column":25}},"47":{"start":{"line":93,"column":28},"end":{"line":93,"column":40}},"48":{"start":{"line":96,"column":28},"end":{"line":96,"column":41}},"49":{"start":{"line":106,"column":8},"end":{"line":125,"column":11}},"50":{"start":{"line":107,"column":12},"end":{"line":124,"column":15}},"51":{"start":{"line":108,"column":16},"end":{"line":123,"column":17}},"52":{"start":{"line":109,"column":20},"end":{"line":109,"column":83}},"53":{"start":{"line":110,"column":20},"end":{"line":110,"column":32}},"54":{"start":{"line":112,"column":20},"end":{"line":112,"column":72}},"55":{"start":{"line":113,"column":52},"end":{"line":113,"column":93}},"56":{"start":{"line":114,"column":20},"end":{"line":122,"column":23}},"57":{"start":{"line":115,"column":24},"end":{"line":115,"column":45}},"58":{"start":{"line":116,"column":24},"end":{"line":121,"column":25}},"59":{"start":{"line":117,"column":28},"end":{"line":117,"column":40}},"60":{"start":{"line":120,"column":28},"end":{"line":120,"column":41}},"61":{"start":{"line":130,"column":8},"end":{"line":149,"column":11}},"62":{"start":{"line":131,"column":12},"end":{"line":148,"column":15}},"63":{"start":{"line":132,"column":16},"end":{"line":147,"column":17}},"64":{"start":{"line":133,"column":20},"end":{"line":133,"column":83}},"65":{"start":{"line":134,"column":20},"end":{"line":134,"column":32}},"66":{"start":{"line":136,"column":20},"end":{"line":136,"column":72}},"67":{"start":{"line":137,"column":46},"end":{"line":137,"column":176}},"68":{"start":{"line":138,"column":20},"end":{"line":146,"column":23}},"69":{"start":{"line":139,"column":24},"end":{"line":139,"column":45}},"70":{"start":{"line":140,"column":24},"end":{"line":145,"column":25}},"71":{"start":{"line":141,"column":28},"end":{"line":141,"column":40}},"72":{"start":{"line":144,"column":28},"end":{"line":144,"column":41}},"73":{"start":{"line":154,"column":8},"end":{"line":173,"column":11}},"74":{"start":{"line":155,"column":12},"end":{"line":172,"column":15}},"75":{"start":{"line":156,"column":16},"end":{"line":171,"column":17}},"76":{"start":{"line":157,"column":20},"end":{"line":157,"column":83}},"77":{"start":{"line":158,"column":20},"end":{"line":158,"column":32}},"78":{"start":{"line":160,"column":20},"end":{"line":160,"column":72}},"79":{"start":{"line":161,"column":45},"end":{"line":161,"column":96}},"80":{"start":{"line":162,"column":20},"end":{"line":170,"column":23}},"81":{"start":{"line":163,"column":24},"end":{"line":163,"column":45}},"82":{"start":{"line":164,"column":24},"end":{"line":169,"column":25}},"83":{"start":{"line":165,"column":28},"end":{"line":165,"column":40}},"84":{"start":{"line":168,"column":28},"end":{"line":168,"column":41}},"85":{"start":{"line":178,"column":8},"end":{"line":197,"column":11}},"86":{"start":{"line":179,"column":12},"end":{"line":196,"column":15}},"87":{"start":{"line":180,"column":16},"end":{"line":195,"column":17}},"88":{"start":{"line":181,"column":20},"end":{"line":181,"column":83}},"89":{"start":{"line":182,"column":20},"end":{"line":182,"column":32}},"90":{"start":{"line":184,"column":20},"end":{"line":184,"column":72}},"91":{"start":{"line":185,"column":51},"end":{"line":185,"column":163}},"92":{"start":{"line":186,"column":20},"end":{"line":194,"column":23}},"93":{"start":{"line":187,"column":24},"end":{"line":187,"column":45}},"94":{"start":{"line":188,"column":24},"end":{"line":193,"column":25}},"95":{"start":{"line":189,"column":28},"end":{"line":189,"column":40}},"96":{"start":{"line":192,"column":28},"end":{"line":192,"column":41}},"97":{"start":{"line":203,"column":8},"end":{"line":222,"column":11}},"98":{"start":{"line":204,"column":12},"end":{"line":221,"column":15}},"99":{"start":{"line":205,"column":16},"end":{"line":220,"column":17}},"100":{"start":{"line":206,"column":20},"end":{"line":206,"column":83}},"101":{"start":{"line":207,"column":20},"end":{"line":207,"column":32}},"102":{"start":{"line":209,"column":20},"end":{"line":209,"column":72}},"103":{"start":{"line":210,"column":55},"end":{"line":210,"column":102}},"104":{"start":{"line":211,"column":20},"end":{"line":219,"column":23}},"105":{"start":{"line":212,"column":24},"end":{"line":212,"column":45}},"106":{"start":{"line":213,"column":24},"end":{"line":218,"column":25}},"107":{"start":{"line":214,"column":28},"end":{"line":214,"column":40}},"108":{"start":{"line":217,"column":28},"end":{"line":217,"column":41}},"109":{"start":{"line":227,"column":8},"end":{"line":246,"column":11}},"110":{"start":{"line":228,"column":12},"end":{"line":245,"column":15}},"111":{"start":{"line":229,"column":16},"end":{"line":244,"column":17}},"112":{"start":{"line":230,"column":20},"end":{"line":230,"column":83}},"113":{"start":{"line":231,"column":20},"end":{"line":231,"column":32}},"114":{"start":{"line":233,"column":20},"end":{"line":233,"column":72}},"115":{"start":{"line":234,"column":43},"end":{"line":234,"column":80}},"116":{"start":{"line":235,"column":20},"end":{"line":243,"column":23}},"117":{"start":{"line":236,"column":24},"end":{"line":236,"column":45}},"118":{"start":{"line":237,"column":24},"end":{"line":242,"column":25}},"119":{"start":{"line":238,"column":28},"end":{"line":238,"column":40}},"120":{"start":{"line":241,"column":28},"end":{"line":241,"column":41}},"121":{"start":{"line":251,"column":8},"end":{"line":270,"column":11}},"122":{"start":{"line":252,"column":12},"end":{"line":269,"column":15}},"123":{"start":{"line":253,"column":16},"end":{"line":268,"column":17}},"124":{"start":{"line":254,"column":20},"end":{"line":254,"column":83}},"125":{"start":{"line":255,"column":20},"end":{"line":255,"column":32}},"126":{"start":{"line":257,"column":20},"end":{"line":257,"column":72}},"127":{"start":{"line":258,"column":55},"end":{"line":258,"column":105}},"128":{"start":{"line":259,"column":20},"end":{"line":267,"column":23}},"129":{"start":{"line":260,"column":24},"end":{"line":260,"column":45}},"130":{"start":{"line":261,"column":24},"end":{"line":266,"column":25}},"131":{"start":{"line":262,"column":28},"end":{"line":262,"column":40}},"132":{"start":{"line":265,"column":28},"end":{"line":265,"column":41}},"133":{"start":{"line":275,"column":8},"end":{"line":294,"column":11}},"134":{"start":{"line":276,"column":12},"end":{"line":293,"column":15}},"135":{"start":{"line":277,"column":16},"end":{"line":292,"column":17}},"136":{"start":{"line":278,"column":20},"end":{"line":278,"column":83}},"137":{"start":{"line":279,"column":20},"end":{"line":279,"column":32}},"138":{"start":{"line":281,"column":20},"end":{"line":281,"column":72}},"139":{"start":{"line":282,"column":52},"end":{"line":282,"column":152}},"140":{"start":{"line":283,"column":20},"end":{"line":291,"column":23}},"141":{"start":{"line":284,"column":24},"end":{"line":284,"column":45}},"142":{"start":{"line":285,"column":24},"end":{"line":290,"column":25}},"143":{"start":{"line":286,"column":28},"end":{"line":286,"column":40}},"144":{"start":{"line":289,"column":28},"end":{"line":289,"column":41}},"145":{"start":{"line":299,"column":0},"end":{"line":299,"column":29}}},"fnMap":{"0":{"name":"(anonymous_0)","decl":{"start":{"line":4,"column":4},"end":{"line":4,"column":5}},"loc":{"start":{"line":4,"column":21},"end":{"line":6,"column":5}},"line":4},"1":{"name":"(anonymous_1)","decl":{"start":{"line":8,"column":4},"end":{"line":8,"column":5}},"loc":{"start":{"line":8,"column":108},"end":{"line":30,"column":5}},"line":8},"2":{"name":"(anonymous_2)","decl":{"start":{"line":10,"column":27},"end":{"line":10,"column":28}},"loc":{"start":{"line":10,"column":48},"end":{"line":29,"column":9}},"line":10},"3":{"name":"(anonymous_3)","decl":{"start":{"line":11,"column":36},"end":{"line":11,"column":37}},"loc":{"start":{"line":11,"column":57},"end":{"line":28,"column":13}},"line":11},"4":{"name":"(anonymous_4)","decl":{"start":{"line":18,"column":149},"end":{"line":18,"column":150}},"loc":{"start":{"line":18,"column":163},"end":{"line":26,"column":21}},"line":18},"5":{"name":"(anonymous_5)","decl":{"start":{"line":32,"column":4},"end":{"line":32,"column":5}},"loc":{"start":{"line":32,"column":33},"end":{"line":54,"column":5}},"line":32},"6":{"name":"(anonymous_6)","decl":{"start":{"line":34,"column":27},"end":{"line":34,"column":28}},"loc":{"start":{"line":34,"column":48},"end":{"line":53,"column":9}},"line":34},"7":{"name":"(anonymous_7)","decl":{"start":{"line":35,"column":36},"end":{"line":35,"column":37}},"loc":{"start":{"line":35,"column":57},"end":{"line":52,"column":13}},"line":35},"8":{"name":"(anonymous_8)","decl":{"start":{"line":42,"column":74},"end":{"line":42,"column":75}},"loc":{"start":{"line":42,"column":88},"end":{"line":50,"column":21}},"line":42},"9":{"name":"(anonymous_9)","decl":{"start":{"line":56,"column":4},"end":{"line":56,"column":5}},"loc":{"start":{"line":56,"column":24},"end":{"line":78,"column":5}},"line":56},"10":{"name":"(anonymous_10)","decl":{"start":{"line":58,"column":27},"end":{"line":58,"column":28}},"loc":{"start":{"line":58,"column":48},"end":{"line":77,"column":9}},"line":58},"11":{"name":"(anonymous_11)","decl":{"start":{"line":59,"column":36},"end":{"line":59,"column":37}},"loc":{"start":{"line":59,"column":57},"end":{"line":76,"column":13}},"line":59},"12":{"name":"(anonymous_12)","decl":{"start":{"line":66,"column":65},"end":{"line":66,"column":66}},"loc":{"start":{"line":66,"column":79},"end":{"line":74,"column":21}},"line":66},"13":{"name":"(anonymous_13)","decl":{"start":{"line":80,"column":4},"end":{"line":80,"column":5}},"loc":{"start":{"line":80,"column":23},"end":{"line":102,"column":5}},"line":80},"14":{"name":"(anonymous_14)","decl":{"start":{"line":82,"column":27},"end":{"line":82,"column":28}},"loc":{"start":{"line":82,"column":48},"end":{"line":101,"column":9}},"line":82},"15":{"name":"(anonymous_15)","decl":{"start":{"line":83,"column":36},"end":{"line":83,"column":37}},"loc":{"start":{"line":83,"column":57},"end":{"line":100,"column":13}},"line":83},"16":{"name":"(anonymous_16)","decl":{"start":{"line":90,"column":64},"end":{"line":90,"column":65}},"loc":{"start":{"line":90,"column":78},"end":{"line":98,"column":21}},"line":90},"17":{"name":"(anonymous_17)","decl":{"start":{"line":104,"column":4},"end":{"line":104,"column":5}},"loc":{"start":{"line":104,"column":32},"end":{"line":126,"column":5}},"line":104},"18":{"name":"(anonymous_18)","decl":{"start":{"line":106,"column":27},"end":{"line":106,"column":28}},"loc":{"start":{"line":106,"column":48},"end":{"line":125,"column":9}},"line":106},"19":{"name":"(anonymous_19)","decl":{"start":{"line":107,"column":36},"end":{"line":107,"column":37}},"loc":{"start":{"line":107,"column":57},"end":{"line":124,"column":13}},"line":107},"20":{"name":"(anonymous_20)","decl":{"start":{"line":114,"column":73},"end":{"line":114,"column":74}},"loc":{"start":{"line":114,"column":87},"end":{"line":122,"column":21}},"line":114},"21":{"name":"(anonymous_21)","decl":{"start":{"line":128,"column":4},"end":{"line":128,"column":5}},"loc":{"start":{"line":128,"column":90},"end":{"line":150,"column":5}},"line":128},"22":{"name":"(anonymous_22)","decl":{"start":{"line":130,"column":27},"end":{"line":130,"column":28}},"loc":{"start":{"line":130,"column":48},"end":{"line":149,"column":9}},"line":130},"23":{"name":"(anonymous_23)","decl":{"start":{"line":131,"column":36},"end":{"line":131,"column":37}},"loc":{"start":{"line":131,"column":57},"end":{"line":148,"column":13}},"line":131},"24":{"name":"(anonymous_24)","decl":{"start":{"line":138,"column":132},"end":{"line":138,"column":133}},"loc":{"start":{"line":138,"column":146},"end":{"line":146,"column":21}},"line":138},"25":{"name":"(anonymous_25)","decl":{"start":{"line":152,"column":4},"end":{"line":152,"column":5}},"loc":{"start":{"line":152,"column":34},"end":{"line":174,"column":5}},"line":152},"26":{"name":"(anonymous_26)","decl":{"start":{"line":154,"column":27},"end":{"line":154,"column":28}},"loc":{"start":{"line":154,"column":48},"end":{"line":173,"column":9}},"line":154},"27":{"name":"(anonymous_27)","decl":{"start":{"line":155,"column":36},"end":{"line":155,"column":37}},"loc":{"start":{"line":155,"column":57},"end":{"line":172,"column":13}},"line":155},"28":{"name":"(anonymous_28)","decl":{"start":{"line":162,"column":75},"end":{"line":162,"column":76}},"loc":{"start":{"line":162,"column":89},"end":{"line":170,"column":21}},"line":162},"29":{"name":"(anonymous_29)","decl":{"start":{"line":176,"column":4},"end":{"line":176,"column":5}},"loc":{"start":{"line":176,"column":37},"end":{"line":198,"column":5}},"line":176},"30":{"name":"(anonymous_30)","decl":{"start":{"line":178,"column":27},"end":{"line":178,"column":28}},"loc":{"start":{"line":178,"column":48},"end":{"line":197,"column":9}},"line":178},"31":{"name":"(anonymous_31)","decl":{"start":{"line":179,"column":36},"end":{"line":179,"column":37}},"loc":{"start":{"line":179,"column":57},"end":{"line":196,"column":13}},"line":179},"32":{"name":"(anonymous_32)","decl":{"start":{"line":186,"column":78},"end":{"line":186,"column":79}},"loc":{"start":{"line":186,"column":92},"end":{"line":194,"column":21}},"line":186},"33":{"name":"(anonymous_33)","decl":{"start":{"line":201,"column":4},"end":{"line":201,"column":5}},"loc":{"start":{"line":201,"column":42},"end":{"line":223,"column":5}},"line":201},"34":{"name":"(anonymous_34)","decl":{"start":{"line":203,"column":27},"end":{"line":203,"column":28}},"loc":{"start":{"line":203,"column":48},"end":{"line":222,"column":9}},"line":203},"35":{"name":"(anonymous_35)","decl":{"start":{"line":204,"column":36},"end":{"line":204,"column":37}},"loc":{"start":{"line":204,"column":57},"end":{"line":221,"column":13}},"line":204},"36":{"name":"(anonymous_36)","decl":{"start":{"line":211,"column":82},"end":{"line":211,"column":83}},"loc":{"start":{"line":211,"column":96},"end":{"line":219,"column":21}},"line":211},"37":{"name":"(anonymous_37)","decl":{"start":{"line":225,"column":4},"end":{"line":225,"column":5}},"loc":{"start":{"line":225,"column":21},"end":{"line":247,"column":5}},"line":225},"38":{"name":"(anonymous_38)","decl":{"start":{"line":227,"column":27},"end":{"line":227,"column":28}},"loc":{"start":{"line":227,"column":48},"end":{"line":246,"column":9}},"line":227},"39":{"name":"(anonymous_39)","decl":{"start":{"line":228,"column":36},"end":{"line":228,"column":37}},"loc":{"start":{"line":228,"column":57},"end":{"line":245,"column":13}},"line":228},"40":{"name":"(anonymous_40)","decl":{"start":{"line":235,"column":62},"end":{"line":235,"column":63}},"loc":{"start":{"line":235,"column":76},"end":{"line":243,"column":21}},"line":235},"41":{"name":"(anonymous_41)","decl":{"start":{"line":249,"column":4},"end":{"line":249,"column":5}},"loc":{"start":{"line":249,"column":41},"end":{"line":271,"column":5}},"line":249},"42":{"name":"(anonymous_42)","decl":{"start":{"line":251,"column":27},"end":{"line":251,"column":28}},"loc":{"start":{"line":251,"column":48},"end":{"line":270,"column":9}},"line":251},"43":{"name":"(anonymous_43)","decl":{"start":{"line":252,"column":36},"end":{"line":252,"column":37}},"loc":{"start":{"line":252,"column":57},"end":{"line":269,"column":13}},"line":252},"44":{"name":"(anonymous_44)","decl":{"start":{"line":259,"column":82},"end":{"line":259,"column":83}},"loc":{"start":{"line":259,"column":96},"end":{"line":267,"column":21}},"line":259},"45":{"name":"(anonymous_45)","decl":{"start":{"line":273,"column":4},"end":{"line":273,"column":5}},"loc":{"start":{"line":273,"column":73},"end":{"line":295,"column":5}},"line":273},"46":{"name":"(anonymous_46)","decl":{"start":{"line":275,"column":27},"end":{"line":275,"column":28}},"loc":{"start":{"line":275,"column":48},"end":{"line":294,"column":9}},"line":275},"47":{"name":"(anonymous_47)","decl":{"start":{"line":276,"column":36},"end":{"line":276,"column":37}},"loc":{"start":{"line":276,"column":57},"end":{"line":293,"column":13}},"line":276},"48":{"name":"(anonymous_48)","decl":{"start":{"line":283,"column":114},"end":{"line":283,"column":115}},"loc":{"start":{"line":283,"column":128},"end":{"line":291,"column":21}},"line":283}},"branchMap":{"0":{"loc":{"start":{"line":12,"column":16},"end":{"line":27,"column":17}},"type":"if","locations":[{"start":{"line":12,"column":16},"end":{"line":27,"column":17}},{"start":{"line":15,"column":21},"end":{"line":27,"column":17}}],"line":12},"1":{"loc":{"start":{"line":20,"column":24},"end":{"line":25,"column":25}},"type":"if","locations":[{"start":{"line":20,"column":24},"end":{"line":25,"column":25}},{"start":{"line":23,"column":28},"end":{"line":25,"column":25}}],"line":20},"2":{"loc":{"start":{"line":36,"column":16},"end":{"line":51,"column":17}},"type":"if","locations":[{"start":{"line":36,"column":16},"end":{"line":51,"column":17}},{"start":{"line":39,"column":21},"end":{"line":51,"column":17}}],"line":36},"3":{"loc":{"start":{"line":44,"column":24},"end":{"line":49,"column":25}},"type":"if","locations":[{"start":{"line":44,"column":24},"end":{"line":49,"column":25}},{"start":{"line":47,"column":28},"end":{"line":49,"column":25}}],"line":44},"4":{"loc":{"start":{"line":60,"column":16},"end":{"line":75,"column":17}},"type":"if","locations":[{"start":{"line":60,"column":16},"end":{"line":75,"column":17}},{"start":{"line":63,"column":21},"end":{"line":75,"column":17}}],"line":60},"5":{"loc":{"start":{"line":68,"column":24},"end":{"line":73,"column":25}},"type":"if","locations":[{"start":{"line":68,"column":24},"end":{"line":73,"column":25}},{"start":{"line":71,"column":28},"end":{"line":73,"column":25}}],"line":68},"6":{"loc":{"start":{"line":84,"column":16},"end":{"line":99,"column":17}},"type":"if","locations":[{"start":{"line":84,"column":16},"end":{"line":99,"column":17}},{"start":{"line":87,"column":21},"end":{"line":99,"column":17}}],"line":84},"7":{"loc":{"start":{"line":92,"column":24},"end":{"line":97,"column":25}},"type":"if","locations":[{"start":{"line":92,"column":24},"end":{"line":97,"column":25}},{"start":{"line":95,"column":28},"end":{"line":97,"column":25}}],"line":92},"8":{"loc":{"start":{"line":108,"column":16},"end":{"line":123,"column":17}},"type":"if","locations":[{"start":{"line":108,"column":16},"end":{"line":123,"column":17}},{"start":{"line":111,"column":21},"end":{"line":123,"column":17}}],"line":108},"9":{"loc":{"start":{"line":116,"column":24},"end":{"line":121,"column":25}},"type":"if","locations":[{"start":{"line":116,"column":24},"end":{"line":121,"column":25}},{"start":{"line":119,"column":28},"end":{"line":121,"column":25}}],"line":116},"10":{"loc":{"start":{"line":132,"column":16},"end":{"line":147,"column":17}},"type":"if","locations":[{"start":{"line":132,"column":16},"end":{"line":147,"column":17}},{"start":{"line":135,"column":21},"end":{"line":147,"column":17}}],"line":132},"11":{"loc":{"start":{"line":140,"column":24},"end":{"line":145,"column":25}},"type":"if","locations":[{"start":{"line":140,"column":24},"end":{"line":145,"column":25}},{"start":{"line":143,"column":28},"end":{"line":145,"column":25}}],"line":140},"12":{"loc":{"start":{"line":156,"column":16},"end":{"line":171,"column":17}},"type":"if","locations":[{"start":{"line":156,"column":16},"end":{"line":171,"column":17}},{"start":{"line":159,"column":21},"end":{"line":171,"column":17}}],"line":156},"13":{"loc":{"start":{"line":164,"column":24},"end":{"line":169,"column":25}},"type":"if","locations":[{"start":{"line":164,"column":24},"end":{"line":169,"column":25}},{"start":{"line":167,"column":28},"end":{"line":169,"column":25}}],"line":164},"14":{"loc":{"start":{"line":180,"column":16},"end":{"line":195,"column":17}},"type":"if","locations":[{"start":{"line":180,"column":16},"end":{"line":195,"column":17}},{"start":{"line":183,"column":21},"end":{"line":195,"column":17}}],"line":180},"15":{"loc":{"start":{"line":188,"column":24},"end":{"line":193,"column":25}},"type":"if","locations":[{"start":{"line":188,"column":24},"end":{"line":193,"column":25}},{"start":{"line":191,"column":28},"end":{"line":193,"column":25}}],"line":188},"16":{"loc":{"start":{"line":205,"column":16},"end":{"line":220,"column":17}},"type":"if","locations":[{"start":{"line":205,"column":16},"end":{"line":220,"column":17}},{"start":{"line":208,"column":21},"end":{"line":220,"column":17}}],"line":205},"17":{"loc":{"start":{"line":213,"column":24},"end":{"line":218,"column":25}},"type":"if","locations":[{"start":{"line":213,"column":24},"end":{"line":218,"column":25}},{"start":{"line":216,"column":28},"end":{"line":218,"column":25}}],"line":213},"18":{"loc":{"start":{"line":229,"column":16},"end":{"line":244,"column":17}},"type":"if","locations":[{"start":{"line":229,"column":16},"end":{"line":244,"column":17}},{"start":{"line":232,"column":21},"end":{"line":244,"column":17}}],"line":229},"19":{"loc":{"start":{"line":237,"column":24},"end":{"line":242,"column":25}},"type":"if","locations":[{"start":{"line":237,"column":24},"end":{"line":242,"column":25}},{"start":{"line":240,"column":28},"end":{"line":242,"column":25}}],"line":237},"20":{"loc":{"start":{"line":253,"column":16},"end":{"line":268,"column":17}},"type":"if","locations":[{"start":{"line":253,"column":16},"end":{"line":268,"column":17}},{"start":{"line":256,"column":21},"end":{"line":268,"column":17}}],"line":253},"21":{"loc":{"start":{"line":261,"column":24},"end":{"line":266,"column":25}},"type":"if","locations":[{"start":{"line":261,"column":24},"end":{"line":266,"column":25}},{"start":{"line":264,"column":28},"end":{"line":266,"column":25}}],"line":261},"22":{"loc":{"start":{"line":277,"column":16},"end":{"line":292,"column":17}},"type":"if","locations":[{"start":{"line":277,"column":16},"end":{"line":292,"column":17}},{"start":{"line":280,"column":21},"end":{"line":292,"column":17}}],"line":277},"23":{"loc":{"start":{"line":285,"column":24},"end":{"line":290,"column":25}},"type":"if","locations":[{"start":{"line":285,"column":24},"end":{"line":290,"column":25}},{"start":{"line":288,"column":28},"end":{"line":290,"column":25}}],"line":285}},"s":{"0":1,"1":0,"2":0,"3":0,"4":0,"5":0,"6":0,"7":0,"8":0,"9":0,"10":0,"11":0,"12":0,"13":0,"14":0,"15":0,"16":0,"17":0,"18":0,"19":0,"20":0,"21":0,"22":0,"23":0,"24":0,"25":0,"26":0,"27":0,"28":0,"29":0,"30":0,"31":0,"32":0,"33":0,"34":0,"35":0,"36":0,"37":0,"38":0,"39":0,"40":0,"41":0,"42":0,"43":0,"44":0,"45":0,"46":0,"47":0,"48":0,"49":0,"50":0,"51":0,"52":0,"53":0,"54":0,"55":0,"56":0,"57":0,"58":0,"59":0,"60":0,"61":0,"62":0,"63":0,"64":0,"65":0,"66":0,"67":0,"68":0,"69":0,"70":0,"71":0,"72":0,"73":0,"74":0,"75":0,"76":0,"77":0,"78":0,"79":0,"80":0,"81":0,"82":0,"83":0,"84":0,"85":0,"86":0,"87":0,"88":0,"89":0,"90":0,"91":0,"92":0,"93":0,"94":0,"95":0,"96":0,"97":0,"98":0,"99":0,"100":0,"101":0,"102":0,"103":0,"104":0,"105":0,"106":0,"107":0,"108":0,"109":0,"110":0,"111":0,"112":0,"113":0,"114":0,"115":0,"116":0,"117":0,"118":0,"119":0,"120":0,"121":0,"122":0,"123":0,"124":0,"125":0,"126":0,"127":0,"128":0,"129":0,"130":0,"131":0,"132":0,"133":0,"134":0,"135":0,"136":0,"137":0,"138":0,"139":0,"140":0,"141":0,"142":0,"143":0,"144":0,"145":1},"f":{"0":1,"1":0,"2":0,"3":0,"4":0,"5":0,"6":0,"7":0,"8":0,"9":0,"10":0,"11":0,"12":0,"13":0,"14":0,"15":0,"16":0,"17":0,"18":0,"19":0,"20":0,"21":0,"22":0,"23":0,"24":0,"25":0,"26":0,"27":0,"28":0,"29":0,"30":0,"31":0,"32":0,"33":0,"34":0,"35":0,"36":0,"37":0,"38":0,"39":0,"40":0,"41":0,"42":0,"43":0,"44":0,"45":0,"46":0,"47":0,"48":0},"b":{"0":[0,0],"1":[0,0],"2":[0,0],"3":[0,0],"4":[0,0],"5":[0,0],"6":[0,0],"7":[0,0],"8":[0,0],"9":[0,0],"10":[0,0],"11":[0,0],"12":[0,0],"13":[0,0],"14":[0,0],"15":[0,0],"16":[0,0],"17":[0,0],"18":[0,0],"19":[0,0],"20":[0,0],"21":[0,0],"22":[0,0],"23":[0,0]},"_coverageSchema":"1a1c01bbd47fc00a2c39e90264f33305004495a9","hash":"2cabad3e98352d392b43cf634048c1eae9c221b8"}
,"C:\\Users\\penap\\Documents\\TFG\\Tests\\MedAlerta\\routes\\doctor.js": {"path":"C:\\Users\\penap\\Documents\\TFG\\Tests\\MedAlerta\\routes\\doctor.js","statementMap":{"0":{"start":{"line":2,"column":14},"end":{"line":2,"column":32}},"1":{"start":{"line":3,"column":13},"end":{"line":3,"column":29}},"2":{"start":{"line":4,"column":18},"end":{"line":4,"column":43}},"3":{"start":{"line":5,"column":20},"end":{"line":5,"column":46}},"4":{"start":{"line":6,"column":20},"end":{"line":6,"column":37}},"5":{"start":{"line":7,"column":11},"end":{"line":7,"column":24}},"6":{"start":{"line":8,"column":15},"end":{"line":8,"column":32}},"7":{"start":{"line":11,"column":14},"end":{"line":11,"column":30}},"8":{"start":{"line":14,"column":13},"end":{"line":19,"column":2}},"9":{"start":{"line":22,"column":12},"end":{"line":22,"column":31}},"10":{"start":{"line":23,"column":13},"end":{"line":23,"column":34}},"11":{"start":{"line":27,"column":0},"end":{"line":33,"column":3}},"12":{"start":{"line":28,"column":2},"end":{"line":32,"column":3}},"13":{"start":{"line":29,"column":4},"end":{"line":29,"column":39}},"14":{"start":{"line":31,"column":4},"end":{"line":31,"column":67}},"15":{"start":{"line":34,"column":0},"end":{"line":40,"column":3}},"16":{"start":{"line":35,"column":2},"end":{"line":39,"column":3}},"17":{"start":{"line":36,"column":4},"end":{"line":36,"column":39}},"18":{"start":{"line":38,"column":4},"end":{"line":38,"column":73}},"19":{"start":{"line":41,"column":0},"end":{"line":56,"column":3}},"20":{"start":{"line":42,"column":14},"end":{"line":42,"column":63}},"21":{"start":{"line":43,"column":14},"end":{"line":43,"column":16}},"22":{"start":{"line":44,"column":2},"end":{"line":44,"column":21}},"23":{"start":{"line":45,"column":2},"end":{"line":54,"column":5}},"24":{"start":{"line":46,"column":25},"end":{"line":46,"column":47}},"25":{"start":{"line":47,"column":27},"end":{"line":47,"column":80}},"26":{"start":{"line":48,"column":4},"end":{"line":53,"column":7}},"27":{"start":{"line":55,"column":2},"end":{"line":55,"column":20}},"28":{"start":{"line":57,"column":0},"end":{"line":68,"column":3}},"29":{"start":{"line":58,"column":17},"end":{"line":58,"column":28}},"30":{"start":{"line":59,"column":4},"end":{"line":67,"column":5}},"31":{"start":{"line":61,"column":8},"end":{"line":61,"column":39}},"32":{"start":{"line":63,"column":8},"end":{"line":63,"column":79}},"33":{"start":{"line":66,"column":8},"end":{"line":66,"column":93}},"34":{"start":{"line":70,"column":0},"end":{"line":141,"column":3}},"35":{"start":{"line":71,"column":14},"end":{"line":71,"column":26}},"36":{"start":{"line":72,"column":16},"end":{"line":72,"column":30}},"37":{"start":{"line":73,"column":15},"end":{"line":73,"column":28}},"38":{"start":{"line":74,"column":19},"end":{"line":74,"column":36}},"39":{"start":{"line":75,"column":26},"end":{"line":75,"column":44}},"40":{"start":{"line":76,"column":18},"end":{"line":76,"column":43}},"41":{"start":{"line":77,"column":22},"end":{"line":77,"column":32}},"42":{"start":{"line":79,"column":2},"end":{"line":100,"column":3}},"43":{"start":{"line":81,"column":23},"end":{"line":81,"column":39}},"44":{"start":{"line":82,"column":22},"end":{"line":82,"column":37}},"45":{"start":{"line":85,"column":30},"end":{"line":92,"column":5}},"46":{"start":{"line":94,"column":4},"end":{"line":94,"column":41}},"47":{"start":{"line":96,"column":4},"end":{"line":96,"column":34}},"48":{"start":{"line":97,"column":4},"end":{"line":97,"column":34}},"49":{"start":{"line":103,"column":2},"end":{"line":103,"column":18}},"50":{"start":{"line":104,"column":2},"end":{"line":104,"column":20}},"51":{"start":{"line":105,"column":2},"end":{"line":105,"column":19}},"52":{"start":{"line":106,"column":2},"end":{"line":106,"column":23}},"53":{"start":{"line":107,"column":2},"end":{"line":107,"column":24}},"54":{"start":{"line":109,"column":2},"end":{"line":140,"column":3}},"55":{"start":{"line":110,"column":4},"end":{"line":112,"column":5}},"56":{"start":{"line":111,"column":6},"end":{"line":111,"column":49}},"57":{"start":{"line":114,"column":21},"end":{"line":114,"column":52}},"58":{"start":{"line":116,"column":4},"end":{"line":118,"column":5}},"59":{"start":{"line":117,"column":6},"end":{"line":117,"column":47}},"60":{"start":{"line":120,"column":4},"end":{"line":122,"column":5}},"61":{"start":{"line":121,"column":6},"end":{"line":121,"column":80}},"62":{"start":{"line":124,"column":4},"end":{"line":126,"column":5}},"63":{"start":{"line":125,"column":6},"end":{"line":125,"column":102}},"64":{"start":{"line":127,"column":23},"end":{"line":127,"column":46}},"65":{"start":{"line":128,"column":28},"end":{"line":128,"column":114}},"66":{"start":{"line":129,"column":4},"end":{"line":129,"column":45}},"67":{"start":{"line":130,"column":4},"end":{"line":132,"column":5}},"68":{"start":{"line":131,"column":6},"end":{"line":131,"column":71}},"69":{"start":{"line":134,"column":4},"end":{"line":134,"column":81}},"70":{"start":{"line":136,"column":4},"end":{"line":136,"column":56}},"71":{"start":{"line":138,"column":4},"end":{"line":138,"column":59}},"72":{"start":{"line":139,"column":4},"end":{"line":139,"column":40}},"73":{"start":{"line":143,"column":0},"end":{"line":149,"column":3}},"74":{"start":{"line":144,"column":2},"end":{"line":148,"column":3}},"75":{"start":{"line":145,"column":4},"end":{"line":145,"column":39}},"76":{"start":{"line":147,"column":4},"end":{"line":147,"column":78}},"77":{"start":{"line":153,"column":0},"end":{"line":177,"column":3}},"78":{"start":{"line":154,"column":2},"end":{"line":176,"column":3}},"79":{"start":{"line":155,"column":4},"end":{"line":155,"column":39}},"80":{"start":{"line":158,"column":25},"end":{"line":158,"column":85}},"81":{"start":{"line":162,"column":4},"end":{"line":170,"column":5}},"82":{"start":{"line":163,"column":24},"end":{"line":163,"column":57}},"83":{"start":{"line":165,"column":6},"end":{"line":165,"column":58}},"84":{"start":{"line":166,"column":6},"end":{"line":166,"column":57}},"85":{"start":{"line":168,"column":6},"end":{"line":168,"column":40}},"86":{"start":{"line":172,"column":2},"end":{"line":172,"column":29}},"87":{"start":{"line":175,"column":4},"end":{"line":175,"column":115}},"88":{"start":{"line":180,"column":0},"end":{"line":215,"column":3}},"89":{"start":{"line":182,"column":2},"end":{"line":213,"column":3}},"90":{"start":{"line":184,"column":12},"end":{"line":184,"column":24}},"91":{"start":{"line":185,"column":17},"end":{"line":185,"column":34}},"92":{"start":{"line":187,"column":25},"end":{"line":187,"column":55}},"93":{"start":{"line":189,"column":4},"end":{"line":189,"column":66}},"94":{"start":{"line":191,"column":17},"end":{"line":191,"column":58}},"95":{"start":{"line":193,"column":4},"end":{"line":208,"column":5}},"96":{"start":{"line":194,"column":6},"end":{"line":194,"column":99}},"97":{"start":{"line":198,"column":6},"end":{"line":198,"column":32}},"98":{"start":{"line":199,"column":6},"end":{"line":199,"column":41}},"99":{"start":{"line":200,"column":6},"end":{"line":200,"column":46}},"100":{"start":{"line":201,"column":6},"end":{"line":201,"column":100}},"101":{"start":{"line":202,"column":6},"end":{"line":202,"column":111}},"102":{"start":{"line":203,"column":6},"end":{"line":203,"column":103}},"103":{"start":{"line":205,"column":6},"end":{"line":205,"column":28}},"104":{"start":{"line":206,"column":6},"end":{"line":206,"column":42}},"105":{"start":{"line":207,"column":6},"end":{"line":207,"column":24}},"106":{"start":{"line":212,"column":4},"end":{"line":212,"column":56}},"107":{"start":{"line":217,"column":2},"end":{"line":225,"column":3}},"108":{"start":{"line":218,"column":20},"end":{"line":218,"column":49}},"109":{"start":{"line":219,"column":4},"end":{"line":219,"column":21}},"110":{"start":{"line":220,"column":9},"end":{"line":225,"column":3}},"111":{"start":{"line":221,"column":20},"end":{"line":221,"column":63}},"112":{"start":{"line":222,"column":4},"end":{"line":222,"column":21}},"113":{"start":{"line":224,"column":6},"end":{"line":224,"column":16}},"114":{"start":{"line":227,"column":0},"end":{"line":234,"column":3}},"115":{"start":{"line":228,"column":2},"end":{"line":233,"column":3}},"116":{"start":{"line":229,"column":4},"end":{"line":229,"column":39}},"117":{"start":{"line":231,"column":23},"end":{"line":231,"column":37}},"118":{"start":{"line":232,"column":4},"end":{"line":232,"column":91}},"119":{"start":{"line":235,"column":0},"end":{"line":246,"column":3}},"120":{"start":{"line":236,"column":14},"end":{"line":236,"column":38}},"121":{"start":{"line":238,"column":2},"end":{"line":245,"column":5}},"122":{"start":{"line":239,"column":6},"end":{"line":244,"column":7}},"123":{"start":{"line":240,"column":10},"end":{"line":240,"column":69}},"124":{"start":{"line":241,"column":10},"end":{"line":241,"column":61}},"125":{"start":{"line":243,"column":10},"end":{"line":243,"column":27}},"126":{"start":{"line":247,"column":0},"end":{"line":255,"column":3}},"127":{"start":{"line":248,"column":2},"end":{"line":254,"column":3}},"128":{"start":{"line":249,"column":4},"end":{"line":249,"column":39}},"129":{"start":{"line":251,"column":4},"end":{"line":251,"column":38}},"130":{"start":{"line":252,"column":4},"end":{"line":252,"column":25}},"131":{"start":{"line":253,"column":4},"end":{"line":253,"column":99}},"132":{"start":{"line":256,"column":0},"end":{"line":258,"column":3}},"133":{"start":{"line":257,"column":2},"end":{"line":257,"column":60}},"134":{"start":{"line":261,"column":0},"end":{"line":261,"column":46}},"135":{"start":{"line":264,"column":120},"end":{"line":264,"column":128}},"136":{"start":{"line":265,"column":16},"end":{"line":265,"column":243}},"137":{"start":{"line":267,"column":15},"end":{"line":267,"column":19}},"138":{"start":{"line":268,"column":2},"end":{"line":273,"column":3}},"139":{"start":{"line":269,"column":4},"end":{"line":269,"column":19}},"140":{"start":{"line":270,"column":4},"end":{"line":270,"column":26}},"141":{"start":{"line":271,"column":4},"end":{"line":271,"column":32}},"142":{"start":{"line":272,"column":4},"end":{"line":272,"column":93}},"143":{"start":{"line":275,"column":2},"end":{"line":279,"column":3}},"144":{"start":{"line":276,"column":4},"end":{"line":276,"column":19}},"145":{"start":{"line":277,"column":4},"end":{"line":277,"column":21}},"146":{"start":{"line":278,"column":4},"end":{"line":278,"column":84}},"147":{"start":{"line":281,"column":26},"end":{"line":281,"column":52}},"148":{"start":{"line":282,"column":22},"end":{"line":282,"column":32}},"149":{"start":{"line":283,"column":2},"end":{"line":287,"column":3}},"150":{"start":{"line":284,"column":4},"end":{"line":284,"column":19}},"151":{"start":{"line":285,"column":4},"end":{"line":285,"column":34}},"152":{"start":{"line":286,"column":4},"end":{"line":286,"column":123}},"153":{"start":{"line":289,"column":2},"end":{"line":293,"column":3}},"154":{"start":{"line":290,"column":4},"end":{"line":290,"column":19}},"155":{"start":{"line":291,"column":4},"end":{"line":291,"column":33}},"156":{"start":{"line":292,"column":4},"end":{"line":292,"column":99}},"157":{"start":{"line":295,"column":2},"end":{"line":311,"column":3}},"158":{"start":{"line":296,"column":25},"end":{"line":296,"column":55}},"159":{"start":{"line":298,"column":16},"end":{"line":300,"column":51}},"160":{"start":{"line":303,"column":19},"end":{"line":303,"column":119}},"161":{"start":{"line":304,"column":4},"end":{"line":310,"column":10}},"162":{"start":{"line":305,"column":6},"end":{"line":310,"column":7}},"163":{"start":{"line":306,"column":8},"end":{"line":306,"column":58}},"164":{"start":{"line":308,"column":8},"end":{"line":308,"column":63}},"165":{"start":{"line":309,"column":8},"end":{"line":309,"column":42}},"166":{"start":{"line":318,"column":15},"end":{"line":318,"column":42}},"167":{"start":{"line":321,"column":2},"end":{"line":321,"column":33}},"168":{"start":{"line":324,"column":2},"end":{"line":324,"column":28}},"169":{"start":{"line":327,"column":0},"end":{"line":353,"column":3}},"170":{"start":{"line":329,"column":19},"end":{"line":329,"column":31}},"171":{"start":{"line":331,"column":2},"end":{"line":349,"column":3}},"172":{"start":{"line":333,"column":19},"end":{"line":333,"column":61}},"173":{"start":{"line":335,"column":4},"end":{"line":339,"column":5}},"174":{"start":{"line":336,"column":6},"end":{"line":336,"column":118}},"175":{"start":{"line":337,"column":6},"end":{"line":337,"column":71}},"176":{"start":{"line":343,"column":19},"end":{"line":343,"column":55}},"177":{"start":{"line":344,"column":4},"end":{"line":347,"column":5}},"178":{"start":{"line":345,"column":6},"end":{"line":345,"column":118}},"179":{"start":{"line":346,"column":6},"end":{"line":346,"column":62}},"180":{"start":{"line":351,"column":2},"end":{"line":351,"column":74}},"181":{"start":{"line":355,"column":0},"end":{"line":408,"column":3}},"182":{"start":{"line":358,"column":22},"end":{"line":358,"column":42}},"183":{"start":{"line":359,"column":22},"end":{"line":359,"column":42}},"184":{"start":{"line":362,"column":17},"end":{"line":362,"column":98}},"185":{"start":{"line":365,"column":2},"end":{"line":365,"column":27}},"186":{"start":{"line":366,"column":2},"end":{"line":366,"column":30}},"187":{"start":{"line":370,"column":3},"end":{"line":404,"column":1}},"188":{"start":{"line":371,"column":4},"end":{"line":387,"column":5}},"189":{"start":{"line":371,"column":17},"end":{"line":371,"column":18}},"190":{"start":{"line":372,"column":28},"end":{"line":372,"column":56}},"191":{"start":{"line":373,"column":22},"end":{"line":373,"column":44}},"192":{"start":{"line":374,"column":32},"end":{"line":374,"column":66}},"193":{"start":{"line":375,"column":27},"end":{"line":375,"column":56}},"194":{"start":{"line":376,"column":28},"end":{"line":376,"column":57}},"195":{"start":{"line":377,"column":25},"end":{"line":377,"column":51}},"196":{"start":{"line":379,"column":8},"end":{"line":379,"column":33}},"197":{"start":{"line":380,"column":8},"end":{"line":380,"column":27}},"198":{"start":{"line":381,"column":8},"end":{"line":381,"column":37}},"199":{"start":{"line":382,"column":8},"end":{"line":382,"column":32}},"200":{"start":{"line":383,"column":8},"end":{"line":383,"column":33}},"201":{"start":{"line":384,"column":8},"end":{"line":384,"column":30}},"202":{"start":{"line":386,"column":8},"end":{"line":386,"column":121}},"203":{"start":{"line":389,"column":24},"end":{"line":389,"column":49}},"204":{"start":{"line":390,"column":18},"end":{"line":390,"column":37}},"205":{"start":{"line":391,"column":28},"end":{"line":391,"column":59}},"206":{"start":{"line":392,"column":23},"end":{"line":392,"column":49}},"207":{"start":{"line":393,"column":24},"end":{"line":393,"column":50}},"208":{"start":{"line":394,"column":21},"end":{"line":394,"column":44}},"209":{"start":{"line":396,"column":4},"end":{"line":396,"column":29}},"210":{"start":{"line":397,"column":4},"end":{"line":397,"column":23}},"211":{"start":{"line":398,"column":4},"end":{"line":398,"column":33}},"212":{"start":{"line":399,"column":4},"end":{"line":399,"column":28}},"213":{"start":{"line":400,"column":4},"end":{"line":400,"column":29}},"214":{"start":{"line":401,"column":4},"end":{"line":401,"column":26}},"215":{"start":{"line":403,"column":4},"end":{"line":403,"column":117}},"216":{"start":{"line":406,"column":2},"end":{"line":406,"column":74}},"217":{"start":{"line":410,"column":0},"end":{"line":422,"column":3}},"218":{"start":{"line":411,"column":2},"end":{"line":421,"column":3}},"219":{"start":{"line":413,"column":20},"end":{"line":413,"column":82}},"220":{"start":{"line":415,"column":4},"end":{"line":415,"column":26}},"221":{"start":{"line":417,"column":4},"end":{"line":417,"column":24}},"222":{"start":{"line":419,"column":4},"end":{"line":419,"column":55}},"223":{"start":{"line":420,"column":4},"end":{"line":420,"column":65}},"224":{"start":{"line":424,"column":0},"end":{"line":443,"column":3}},"225":{"start":{"line":425,"column":2},"end":{"line":442,"column":3}},"226":{"start":{"line":427,"column":23},"end":{"line":427,"column":37}},"227":{"start":{"line":429,"column":4},"end":{"line":429,"column":27}},"228":{"start":{"line":432,"column":4},"end":{"line":432,"column":66}},"229":{"start":{"line":435,"column":4},"end":{"line":435,"column":76}},"230":{"start":{"line":441,"column":4},"end":{"line":441,"column":55}},"231":{"start":{"line":445,"column":0},"end":{"line":451,"column":3}},"232":{"start":{"line":446,"column":2},"end":{"line":450,"column":3}},"233":{"start":{"line":447,"column":4},"end":{"line":447,"column":39}},"234":{"start":{"line":449,"column":4},"end":{"line":449,"column":107}},"235":{"start":{"line":453,"column":2},"end":{"line":609,"column":3}},"236":{"start":{"line":455,"column":16},"end":{"line":455,"column":33}},"237":{"start":{"line":459,"column":20},"end":{"line":459,"column":30}},"238":{"start":{"line":460,"column":18},"end":{"line":460,"column":33}},"239":{"start":{"line":461,"column":18},"end":{"line":461,"column":38}},"240":{"start":{"line":462,"column":19},"end":{"line":462,"column":38}},"241":{"start":{"line":463,"column":6},"end":{"line":463,"column":37}},"242":{"start":{"line":467,"column":24},"end":{"line":467,"column":26}},"243":{"start":{"line":468,"column":24},"end":{"line":468,"column":26}},"244":{"start":{"line":469,"column":28},"end":{"line":469,"column":31}},"245":{"start":{"line":470,"column":29},"end":{"line":470,"column":31}},"246":{"start":{"line":471,"column":34},"end":{"line":471,"column":35}},"247":{"start":{"line":474,"column":4},"end":{"line":479,"column":16}},"248":{"start":{"line":482,"column":4},"end":{"line":484,"column":68}},"249":{"start":{"line":487,"column":4},"end":{"line":488,"column":57}},"250":{"start":{"line":491,"column":23},"end":{"line":491,"column":58}},"251":{"start":{"line":494,"column":20},"end":{"line":494,"column":22}},"252":{"start":{"line":495,"column":20},"end":{"line":495,"column":22}},"253":{"start":{"line":496,"column":24},"end":{"line":496,"column":26}},"254":{"start":{"line":497,"column":23},"end":{"line":497,"column":25}},"255":{"start":{"line":500,"column":4},"end":{"line":500,"column":88}},"256":{"start":{"line":504,"column":4},"end":{"line":504,"column":22}},"257":{"start":{"line":508,"column":23},"end":{"line":508,"column":25}},"258":{"start":{"line":509,"column":23},"end":{"line":509,"column":26}},"259":{"start":{"line":510,"column":27},"end":{"line":510,"column":30}},"260":{"start":{"line":511,"column":28},"end":{"line":511,"column":31}},"261":{"start":{"line":512,"column":33},"end":{"line":512,"column":34}},"262":{"start":{"line":515,"column":4},"end":{"line":520,"column":16}},"263":{"start":{"line":523,"column":19},"end":{"line":534,"column":5}},"264":{"start":{"line":536,"column":4},"end":{"line":536,"column":21}},"265":{"start":{"line":537,"column":4},"end":{"line":537,"column":31}},"266":{"start":{"line":538,"column":17},"end":{"line":538,"column":18}},"267":{"start":{"line":540,"column":4},"end":{"line":547,"column":7}},"268":{"start":{"line":541,"column":19},"end":{"line":541,"column":35}},"269":{"start":{"line":542,"column":6},"end":{"line":543,"column":79}},"270":{"start":{"line":544,"column":6},"end":{"line":544,"column":83}},"271":{"start":{"line":545,"column":6},"end":{"line":545,"column":21}},"272":{"start":{"line":546,"column":6},"end":{"line":546,"column":20}},"273":{"start":{"line":549,"column":25},"end":{"line":549,"column":86}},"274":{"start":{"line":549,"column":61},"end":{"line":549,"column":76}},"275":{"start":{"line":550,"column":33},"end":{"line":550,"column":76}},"276":{"start":{"line":551,"column":4},"end":{"line":551,"column":38}},"277":{"start":{"line":553,"column":15},"end":{"line":553,"column":17}},"278":{"start":{"line":554,"column":15},"end":{"line":554,"column":26}},"279":{"start":{"line":555,"column":33},"end":{"line":555,"column":34}},"280":{"start":{"line":556,"column":20},"end":{"line":556,"column":23}},"281":{"start":{"line":558,"column":4},"end":{"line":558,"column":67}},"282":{"start":{"line":560,"column":23},"end":{"line":560,"column":27}},"283":{"start":{"line":562,"column":4},"end":{"line":583,"column":5}},"284":{"start":{"line":565,"column":6},"end":{"line":565,"column":34}},"285":{"start":{"line":566,"column":30},"end":{"line":566,"column":59}},"286":{"start":{"line":569,"column":6},"end":{"line":572,"column":7}},"287":{"start":{"line":570,"column":10},"end":{"line":570,"column":20}},"288":{"start":{"line":571,"column":10},"end":{"line":571,"column":21}},"289":{"start":{"line":575,"column":6},"end":{"line":575,"column":77}},"290":{"start":{"line":576,"column":6},"end":{"line":580,"column":7}},"291":{"start":{"line":576,"column":20},"end":{"line":576,"column":59}},"292":{"start":{"line":578,"column":8},"end":{"line":578,"column":36}},"293":{"start":{"line":579,"column":8},"end":{"line":579,"column":57}},"294":{"start":{"line":582,"column":6},"end":{"line":582,"column":53}},"295":{"start":{"line":591,"column":21},"end":{"line":591,"column":115}},"296":{"start":{"line":592,"column":24},"end":{"line":592,"column":54}},"297":{"start":{"line":595,"column":4},"end":{"line":597,"column":7}},"298":{"start":{"line":596,"column":6},"end":{"line":596,"column":78}},"299":{"start":{"line":599,"column":4},"end":{"line":602,"column":7}},"300":{"start":{"line":600,"column":8},"end":{"line":600,"column":55}},"301":{"start":{"line":601,"column":8},"end":{"line":601,"column":57}},"302":{"start":{"line":605,"column":4},"end":{"line":605,"column":26}},"303":{"start":{"line":608,"column":4},"end":{"line":608,"column":14}},"304":{"start":{"line":611,"column":0},"end":{"line":616,"column":3}},"305":{"start":{"line":612,"column":17},"end":{"line":612,"column":95}},"306":{"start":{"line":615,"column":2},"end":{"line":615,"column":36}},"307":{"start":{"line":618,"column":0},"end":{"line":621,"column":2}}},"fnMap":{"0":{"name":"(anonymous_0)","decl":{"start":{"line":27,"column":16},"end":{"line":27,"column":17}},"loc":{"start":{"line":27,"column":41},"end":{"line":33,"column":1}},"line":27},"1":{"name":"(anonymous_1)","decl":{"start":{"line":34,"column":26},"end":{"line":34,"column":27}},"loc":{"start":{"line":34,"column":51},"end":{"line":40,"column":1}},"line":34},"2":{"name":"(anonymous_2)","decl":{"start":{"line":41,"column":28},"end":{"line":41,"column":29}},"loc":{"start":{"line":41,"column":57},"end":{"line":56,"column":1}},"line":41},"3":{"name":"(anonymous_3)","decl":{"start":{"line":45,"column":16},"end":{"line":45,"column":17}},"loc":{"start":{"line":45,"column":27},"end":{"line":54,"column":3}},"line":45},"4":{"name":"(anonymous_4)","decl":{"start":{"line":57,"column":29},"end":{"line":57,"column":30}},"loc":{"start":{"line":57,"column":58},"end":{"line":68,"column":1}},"line":57},"5":{"name":"(anonymous_5)","decl":{"start":{"line":70,"column":29},"end":{"line":70,"column":30}},"loc":{"start":{"line":70,"column":60},"end":{"line":141,"column":1}},"line":70},"6":{"name":"(anonymous_6)","decl":{"start":{"line":143,"column":32},"end":{"line":143,"column":33}},"loc":{"start":{"line":143,"column":57},"end":{"line":149,"column":1}},"line":143},"7":{"name":"(anonymous_7)","decl":{"start":{"line":153,"column":38},"end":{"line":153,"column":39}},"loc":{"start":{"line":153,"column":69},"end":{"line":177,"column":1}},"line":153},"8":{"name":"(anonymous_8)","decl":{"start":{"line":162,"column":27},"end":{"line":162,"column":28}},"loc":{"start":{"line":162,"column":43},"end":{"line":170,"column":3}},"line":162},"9":{"name":"(anonymous_9)","decl":{"start":{"line":180,"column":24},"end":{"line":180,"column":25}},"loc":{"start":{"line":180,"column":52},"end":{"line":215,"column":1}},"line":180},"10":{"name":"obtenerFecha","decl":{"start":{"line":216,"column":9},"end":{"line":216,"column":21}},"loc":{"start":{"line":216,"column":39},"end":{"line":226,"column":1}},"line":216},"11":{"name":"(anonymous_11)","decl":{"start":{"line":227,"column":39},"end":{"line":227,"column":40}},"loc":{"start":{"line":227,"column":53},"end":{"line":234,"column":1}},"line":227},"12":{"name":"(anonymous_12)","decl":{"start":{"line":235,"column":32},"end":{"line":235,"column":33}},"loc":{"start":{"line":235,"column":46},"end":{"line":246,"column":1}},"line":235},"13":{"name":"(anonymous_13)","decl":{"start":{"line":238,"column":18},"end":{"line":238,"column":19}},"loc":{"start":{"line":238,"column":35},"end":{"line":245,"column":3}},"line":238},"14":{"name":"(anonymous_14)","decl":{"start":{"line":247,"column":29},"end":{"line":247,"column":30}},"loc":{"start":{"line":247,"column":54},"end":{"line":255,"column":1}},"line":247},"15":{"name":"(anonymous_15)","decl":{"start":{"line":256,"column":24},"end":{"line":256,"column":25}},"loc":{"start":{"line":256,"column":49},"end":{"line":258,"column":1}},"line":256},"16":{"name":"registrarUsuario","decl":{"start":{"line":263,"column":9},"end":{"line":263,"column":25}},"loc":{"start":{"line":263,"column":42},"end":{"line":313,"column":1}},"line":263},"17":{"name":"(anonymous_17)","decl":{"start":{"line":304,"column":28},"end":{"line":304,"column":29}},"loc":{"start":{"line":304,"column":51},"end":{"line":310,"column":8}},"line":304},"18":{"name":"cifrarContrasena","decl":{"start":{"line":316,"column":9},"end":{"line":316,"column":25}},"loc":{"start":{"line":316,"column":44},"end":{"line":325,"column":1}},"line":316},"19":{"name":"(anonymous_19)","decl":{"start":{"line":327,"column":31},"end":{"line":327,"column":32}},"loc":{"start":{"line":327,"column":62},"end":{"line":353,"column":1}},"line":327},"20":{"name":"(anonymous_20)","decl":{"start":{"line":355,"column":35},"end":{"line":355,"column":36}},"loc":{"start":{"line":355,"column":66},"end":{"line":408,"column":1}},"line":355},"21":{"name":"(anonymous_21)","decl":{"start":{"line":410,"column":28},"end":{"line":410,"column":29}},"loc":{"start":{"line":410,"column":59},"end":{"line":422,"column":1}},"line":410},"22":{"name":"(anonymous_22)","decl":{"start":{"line":424,"column":39},"end":{"line":424,"column":40}},"loc":{"start":{"line":424,"column":70},"end":{"line":443,"column":1}},"line":424},"23":{"name":"(anonymous_23)","decl":{"start":{"line":445,"column":31},"end":{"line":445,"column":32}},"loc":{"start":{"line":445,"column":56},"end":{"line":451,"column":1}},"line":445},"24":{"name":"(anonymous_24)","decl":{"start":{"line":453,"column":35},"end":{"line":453,"column":36}},"loc":{"start":{"line":453,"column":53},"end":{"line":609,"column":1}},"line":453},"25":{"name":"obtenerFechaActual","decl":{"start":{"line":458,"column":13},"end":{"line":458,"column":31}},"loc":{"start":{"line":458,"column":34},"end":{"line":464,"column":5}},"line":458},"26":{"name":"(anonymous_26)","decl":{"start":{"line":540,"column":19},"end":{"line":540,"column":20}},"loc":{"start":{"line":540,"column":37},"end":{"line":547,"column":5}},"line":540},"27":{"name":"(anonymous_27)","decl":{"start":{"line":549,"column":54},"end":{"line":549,"column":55}},"loc":{"start":{"line":549,"column":61},"end":{"line":549,"column":76}},"line":549},"28":{"name":"(anonymous_28)","decl":{"start":{"line":562,"column":33},"end":{"line":562,"column":34}},"loc":{"start":{"line":562,"column":56},"end":{"line":583,"column":3}},"line":562},"29":{"name":"(anonymous_29)","decl":{"start":{"line":595,"column":29},"end":{"line":595,"column":30}},"loc":{"start":{"line":595,"column":35},"end":{"line":597,"column":5}},"line":595},"30":{"name":"(anonymous_30)","decl":{"start":{"line":599,"column":28},"end":{"line":599,"column":29}},"loc":{"start":{"line":599,"column":37},"end":{"line":602,"column":5}},"line":599},"31":{"name":"(anonymous_31)","decl":{"start":{"line":611,"column":29},"end":{"line":611,"column":30}},"loc":{"start":{"line":611,"column":43},"end":{"line":616,"column":1}},"line":611}},"branchMap":{"0":{"loc":{"start":{"line":28,"column":2},"end":{"line":32,"column":3}},"type":"if","locations":[{"start":{"line":28,"column":2},"end":{"line":32,"column":3}},{"start":{"line":30,"column":7},"end":{"line":32,"column":3}}],"line":28},"1":{"loc":{"start":{"line":28,"column":5},"end":{"line":28,"column":109}},"type":"binary-expr","locations":[{"start":{"line":28,"column":5},"end":{"line":28,"column":41}},{"start":{"line":28,"column":45},"end":{"line":28,"column":76}},{"start":{"line":28,"column":80},"end":{"line":28,"column":109}}],"line":28},"2":{"loc":{"start":{"line":35,"column":2},"end":{"line":39,"column":3}},"type":"if","locations":[{"start":{"line":35,"column":2},"end":{"line":39,"column":3}},{"start":{"line":37,"column":7},"end":{"line":39,"column":3}}],"line":35},"3":{"loc":{"start":{"line":35,"column":5},"end":{"line":35,"column":109}},"type":"binary-expr","locations":[{"start":{"line":35,"column":5},"end":{"line":35,"column":41}},{"start":{"line":35,"column":45},"end":{"line":35,"column":76}},{"start":{"line":35,"column":80},"end":{"line":35,"column":109}}],"line":35},"4":{"loc":{"start":{"line":79,"column":2},"end":{"line":100,"column":3}},"type":"if","locations":[{"start":{"line":79,"column":2},"end":{"line":100,"column":3}},{"start":{},"end":{}}],"line":79},"5":{"loc":{"start":{"line":110,"column":4},"end":{"line":112,"column":5}},"type":"if","locations":[{"start":{"line":110,"column":4},"end":{"line":112,"column":5}},{"start":{},"end":{}}],"line":110},"6":{"loc":{"start":{"line":116,"column":4},"end":{"line":118,"column":5}},"type":"if","locations":[{"start":{"line":116,"column":4},"end":{"line":118,"column":5}},{"start":{},"end":{}}],"line":116},"7":{"loc":{"start":{"line":120,"column":4},"end":{"line":122,"column":5}},"type":"if","locations":[{"start":{"line":120,"column":4},"end":{"line":122,"column":5}},{"start":{},"end":{}}],"line":120},"8":{"loc":{"start":{"line":120,"column":8},"end":{"line":120,"column":38}},"type":"binary-expr","locations":[{"start":{"line":120,"column":8},"end":{"line":120,"column":21}},{"start":{"line":120,"column":25},"end":{"line":120,"column":38}}],"line":120},"9":{"loc":{"start":{"line":124,"column":4},"end":{"line":126,"column":5}},"type":"if","locations":[{"start":{"line":124,"column":4},"end":{"line":126,"column":5}},{"start":{},"end":{}}],"line":124},"10":{"loc":{"start":{"line":130,"column":4},"end":{"line":132,"column":5}},"type":"if","locations":[{"start":{"line":130,"column":4},"end":{"line":132,"column":5}},{"start":{},"end":{}}],"line":130},"11":{"loc":{"start":{"line":144,"column":2},"end":{"line":148,"column":3}},"type":"if","locations":[{"start":{"line":144,"column":2},"end":{"line":148,"column":3}},{"start":{"line":146,"column":7},"end":{"line":148,"column":3}}],"line":144},"12":{"loc":{"start":{"line":144,"column":5},"end":{"line":144,"column":109}},"type":"binary-expr","locations":[{"start":{"line":144,"column":5},"end":{"line":144,"column":41}},{"start":{"line":144,"column":45},"end":{"line":144,"column":76}},{"start":{"line":144,"column":80},"end":{"line":144,"column":109}}],"line":144},"13":{"loc":{"start":{"line":154,"column":2},"end":{"line":176,"column":3}},"type":"if","locations":[{"start":{"line":154,"column":2},"end":{"line":176,"column":3}},{"start":{"line":156,"column":7},"end":{"line":176,"column":3}}],"line":154},"14":{"loc":{"start":{"line":154,"column":5},"end":{"line":154,"column":109}},"type":"binary-expr","locations":[{"start":{"line":154,"column":5},"end":{"line":154,"column":41}},{"start":{"line":154,"column":45},"end":{"line":154,"column":76}},{"start":{"line":154,"column":80},"end":{"line":154,"column":109}}],"line":154},"15":{"loc":{"start":{"line":193,"column":4},"end":{"line":208,"column":5}},"type":"if","locations":[{"start":{"line":193,"column":4},"end":{"line":208,"column":5}},{"start":{"line":196,"column":9},"end":{"line":208,"column":5}}],"line":193},"16":{"loc":{"start":{"line":217,"column":2},"end":{"line":225,"column":3}},"type":"if","locations":[{"start":{"line":217,"column":2},"end":{"line":225,"column":3}},{"start":{"line":220,"column":9},"end":{"line":225,"column":3}}],"line":217},"17":{"loc":{"start":{"line":220,"column":9},"end":{"line":225,"column":3}},"type":"if","locations":[{"start":{"line":220,"column":9},"end":{"line":225,"column":3}},{"start":{"line":223,"column":8},"end":{"line":225,"column":3}}],"line":220},"18":{"loc":{"start":{"line":228,"column":2},"end":{"line":233,"column":3}},"type":"if","locations":[{"start":{"line":228,"column":2},"end":{"line":233,"column":3}},{"start":{"line":230,"column":7},"end":{"line":233,"column":3}}],"line":228},"19":{"loc":{"start":{"line":228,"column":5},"end":{"line":228,"column":109}},"type":"binary-expr","locations":[{"start":{"line":228,"column":5},"end":{"line":228,"column":41}},{"start":{"line":228,"column":45},"end":{"line":228,"column":76}},{"start":{"line":228,"column":80},"end":{"line":228,"column":109}}],"line":228},"20":{"loc":{"start":{"line":239,"column":6},"end":{"line":244,"column":7}},"type":"if","locations":[{"start":{"line":239,"column":6},"end":{"line":244,"column":7}},{"start":{"line":242,"column":13},"end":{"line":244,"column":7}}],"line":239},"21":{"loc":{"start":{"line":248,"column":2},"end":{"line":254,"column":3}},"type":"if","locations":[{"start":{"line":248,"column":2},"end":{"line":254,"column":3}},{"start":{"line":250,"column":7},"end":{"line":254,"column":3}}],"line":248},"22":{"loc":{"start":{"line":248,"column":5},"end":{"line":248,"column":109}},"type":"binary-expr","locations":[{"start":{"line":248,"column":5},"end":{"line":248,"column":41}},{"start":{"line":248,"column":45},"end":{"line":248,"column":76}},{"start":{"line":248,"column":80},"end":{"line":248,"column":109}}],"line":248},"23":{"loc":{"start":{"line":268,"column":2},"end":{"line":273,"column":3}},"type":"if","locations":[{"start":{"line":268,"column":2},"end":{"line":273,"column":3}},{"start":{},"end":{}}],"line":268},"24":{"loc":{"start":{"line":275,"column":2},"end":{"line":279,"column":3}},"type":"if","locations":[{"start":{"line":275,"column":2},"end":{"line":279,"column":3}},{"start":{},"end":{}}],"line":275},"25":{"loc":{"start":{"line":283,"column":2},"end":{"line":287,"column":3}},"type":"if","locations":[{"start":{"line":283,"column":2},"end":{"line":287,"column":3}},{"start":{},"end":{}}],"line":283},"26":{"loc":{"start":{"line":289,"column":2},"end":{"line":293,"column":3}},"type":"if","locations":[{"start":{"line":289,"column":2},"end":{"line":293,"column":3}},{"start":{},"end":{}}],"line":289},"27":{"loc":{"start":{"line":295,"column":2},"end":{"line":311,"column":3}},"type":"if","locations":[{"start":{"line":295,"column":2},"end":{"line":311,"column":3}},{"start":{},"end":{}}],"line":295},"28":{"loc":{"start":{"line":305,"column":6},"end":{"line":310,"column":7}},"type":"if","locations":[{"start":{"line":305,"column":6},"end":{"line":310,"column":7}},{"start":{"line":307,"column":11},"end":{"line":310,"column":7}}],"line":305},"29":{"loc":{"start":{"line":331,"column":2},"end":{"line":349,"column":3}},"type":"if","locations":[{"start":{"line":331,"column":2},"end":{"line":349,"column":3}},{"start":{"line":341,"column":7},"end":{"line":349,"column":3}}],"line":331},"30":{"loc":{"start":{"line":335,"column":4},"end":{"line":339,"column":5}},"type":"if","locations":[{"start":{"line":335,"column":4},"end":{"line":339,"column":5}},{"start":{},"end":{}}],"line":335},"31":{"loc":{"start":{"line":344,"column":4},"end":{"line":347,"column":5}},"type":"if","locations":[{"start":{"line":344,"column":4},"end":{"line":347,"column":5}},{"start":{},"end":{}}],"line":344},"32":{"loc":{"start":{"line":370,"column":3},"end":{"line":404,"column":1}},"type":"if","locations":[{"start":{"line":370,"column":3},"end":{"line":404,"column":1}},{"start":{"line":388,"column":7},"end":{"line":404,"column":1}}],"line":370},"33":{"loc":{"start":{"line":446,"column":2},"end":{"line":450,"column":3}},"type":"if","locations":[{"start":{"line":446,"column":2},"end":{"line":450,"column":3}},{"start":{"line":448,"column":7},"end":{"line":450,"column":3}}],"line":446},"34":{"loc":{"start":{"line":446,"column":5},"end":{"line":446,"column":109}},"type":"binary-expr","locations":[{"start":{"line":446,"column":5},"end":{"line":446,"column":41}},{"start":{"line":446,"column":45},"end":{"line":446,"column":76}},{"start":{"line":446,"column":80},"end":{"line":446,"column":109}}],"line":446},"35":{"loc":{"start":{"line":569,"column":6},"end":{"line":572,"column":7}},"type":"if","locations":[{"start":{"line":569,"column":6},"end":{"line":572,"column":7}},{"start":{},"end":{}}],"line":569},"36":{"loc":{"start":{"line":576,"column":6},"end":{"line":580,"column":7}},"type":"if","locations":[{"start":{"line":576,"column":6},"end":{"line":580,"column":7}},{"start":{"line":577,"column":10},"end":{"line":580,"column":7}}],"line":576}},"s":{"0":1,"1":1,"2":1,"3":1,"4":1,"5":1,"6":1,"7":1,"8":1,"9":1,"10":1,"11":1,"12":0,"13":0,"14":0,"15":1,"16":0,"17":0,"18":0,"19":1,"20":0,"21":0,"22":0,"23":0,"24":0,"25":0,"26":0,"27":0,"28":1,"29":0,"30":0,"31":0,"32":0,"33":0,"34":1,"35":0,"36":0,"37":0,"38":0,"39":0,"40":0,"41":0,"42":0,"43":0,"44":0,"45":0,"46":0,"47":0,"48":0,"49":0,"50":0,"51":0,"52":0,"53":0,"54":0,"55":0,"56":0,"57":0,"58":0,"59":0,"60":0,"61":0,"62":0,"63":0,"64":0,"65":0,"66":0,"67":0,"68":0,"69":0,"70":0,"71":0,"72":0,"73":1,"74":0,"75":0,"76":0,"77":1,"78":0,"79":0,"80":0,"81":0,"82":0,"83":0,"84":0,"85":0,"86":0,"87":0,"88":1,"89":0,"90":0,"91":0,"92":0,"93":0,"94":0,"95":0,"96":0,"97":0,"98":0,"99":0,"100":0,"101":0,"102":0,"103":0,"104":0,"105":0,"106":0,"107":0,"108":0,"109":0,"110":0,"111":0,"112":0,"113":0,"114":1,"115":0,"116":0,"117":0,"118":0,"119":1,"120":0,"121":0,"122":0,"123":0,"124":0,"125":0,"126":1,"127":0,"128":0,"129":0,"130":0,"131":0,"132":1,"133":0,"134":1,"135":6,"136":6,"137":6,"138":6,"139":1,"140":1,"141":1,"142":1,"143":6,"144":2,"145":2,"146":2,"147":6,"148":6,"149":6,"150":1,"151":1,"152":1,"153":6,"154":2,"155":2,"156":2,"157":6,"158":0,"159":0,"160":0,"161":0,"162":0,"163":0,"164":0,"165":0,"166":0,"167":0,"168":0,"169":1,"170":0,"171":0,"172":0,"173":0,"174":0,"175":0,"176":0,"177":0,"178":0,"179":0,"180":0,"181":1,"182":0,"183":0,"184":0,"185":0,"186":0,"187":0,"188":0,"189":0,"190":0,"191":0,"192":0,"193":0,"194":0,"195":0,"196":0,"197":0,"198":0,"199":0,"200":0,"201":0,"202":0,"203":0,"204":0,"205":0,"206":0,"207":0,"208":0,"209":0,"210":0,"211":0,"212":0,"213":0,"214":0,"215":0,"216":0,"217":1,"218":0,"219":0,"220":0,"221":0,"222":0,"223":0,"224":1,"225":0,"226":0,"227":0,"228":0,"229":0,"230":0,"231":1,"232":0,"233":0,"234":0,"235":1,"236":0,"237":0,"238":0,"239":0,"240":0,"241":0,"242":0,"243":0,"244":0,"245":0,"246":0,"247":0,"248":0,"249":0,"250":0,"251":0,"252":0,"253":0,"254":0,"255":0,"256":0,"257":0,"258":0,"259":0,"260":0,"261":0,"262":0,"263":0,"264":0,"265":0,"266":0,"267":0,"268":0,"269":0,"270":0,"271":0,"272":0,"273":0,"274":0,"275":0,"276":0,"277":0,"278":0,"279":0,"280":0,"281":0,"282":0,"283":0,"284":0,"285":0,"286":0,"287":0,"288":0,"289":0,"290":0,"291":0,"292":0,"293":0,"294":0,"295":0,"296":0,"297":0,"298":0,"299":0,"300":0,"301":0,"302":0,"303":0,"304":1,"305":0,"306":0,"307":1},"f":{"0":0,"1":0,"2":0,"3":0,"4":0,"5":0,"6":0,"7":0,"8":0,"9":0,"10":0,"11":0,"12":0,"13":0,"14":0,"15":0,"16":6,"17":0,"18":0,"19":0,"20":0,"21":0,"22":0,"23":0,"24":0,"25":0,"26":0,"27":0,"28":0,"29":0,"30":0,"31":0},"b":{"0":[0,0],"1":[0,0,0],"2":[0,0],"3":[0,0,0],"4":[0,0],"5":[0,0],"6":[0,0],"7":[0,0],"8":[0,0],"9":[0,0],"10":[0,0],"11":[0,0],"12":[0,0,0],"13":[0,0],"14":[0,0,0],"15":[0,0],"16":[0,0],"17":[0,0],"18":[0,0],"19":[0,0,0],"20":[0,0],"21":[0,0],"22":[0,0,0],"23":[1,5],"24":[2,4],"25":[1,5],"26":[2,4],"27":[0,6],"28":[0,0],"29":[0,0],"30":[0,0],"31":[0,0],"32":[0,0],"33":[0,0],"34":[0,0,0],"35":[0,0],"36":[0,0]},"_coverageSchema":"1a1c01bbd47fc00a2c39e90264f33305004495a9","hash":"a7e0fe6fb6c0ab91d5a1df0165299726321993f1"}
}
