{"C:\\Users\\penap\\Documents\\TFG\\TFGv2\\MedAlerta\\DAODoctores.js": {"path":"C:\\Users\\penap\\Documents\\TFG\\TFGv2\\MedAlerta\\DAODoctores.js","statementMap":{"0":{"start":{"line":5,"column":8},"end":{"line":5,"column":25}},"1":{"start":{"line":10,"column":8},"end":{"line":27,"column":11}},"2":{"start":{"line":11,"column":12},"end":{"line":26,"column":15}},"3":{"start":{"line":12,"column":16},"end":{"line":25,"column":17}},"4":{"start":{"line":13,"column":20},"end":{"line":13,"column":32}},"5":{"start":{"line":15,"column":44},"end":{"line":15,"column":199}},"6":{"start":{"line":16,"column":20},"end":{"line":24,"column":23}},"7":{"start":{"line":17,"column":24},"end":{"line":17,"column":45}},"8":{"start":{"line":18,"column":24},"end":{"line":23,"column":25}},"9":{"start":{"line":19,"column":28},"end":{"line":19,"column":40}},"10":{"start":{"line":22,"column":28},"end":{"line":22,"column":41}},"11":{"start":{"line":32,"column":8},"end":{"line":51,"column":11}},"12":{"start":{"line":33,"column":12},"end":{"line":50,"column":15}},"13":{"start":{"line":34,"column":16},"end":{"line":49,"column":17}},"14":{"start":{"line":35,"column":20},"end":{"line":35,"column":83}},"15":{"start":{"line":36,"column":20},"end":{"line":36,"column":32}},"16":{"start":{"line":38,"column":20},"end":{"line":38,"column":72}},"17":{"start":{"line":39,"column":45},"end":{"line":39,"column":110}},"18":{"start":{"line":40,"column":20},"end":{"line":48,"column":23}},"19":{"start":{"line":41,"column":24},"end":{"line":41,"column":45}},"20":{"start":{"line":42,"column":24},"end":{"line":47,"column":25}},"21":{"start":{"line":43,"column":28},"end":{"line":43,"column":40}},"22":{"start":{"line":46,"column":28},"end":{"line":46,"column":41}},"23":{"start":{"line":56,"column":8},"end":{"line":75,"column":11}},"24":{"start":{"line":57,"column":12},"end":{"line":74,"column":15}},"25":{"start":{"line":58,"column":16},"end":{"line":73,"column":17}},"26":{"start":{"line":59,"column":20},"end":{"line":59,"column":83}},"27":{"start":{"line":60,"column":20},"end":{"line":60,"column":32}},"28":{"start":{"line":62,"column":20},"end":{"line":62,"column":72}},"29":{"start":{"line":63,"column":49},"end":{"line":63,"column":115}},"30":{"start":{"line":64,"column":20},"end":{"line":72,"column":23}},"31":{"start":{"line":65,"column":24},"end":{"line":65,"column":45}},"32":{"start":{"line":66,"column":24},"end":{"line":71,"column":25}},"33":{"start":{"line":67,"column":28},"end":{"line":67,"column":40}},"34":{"start":{"line":70,"column":28},"end":{"line":70,"column":41}},"35":{"start":{"line":79,"column":8},"end":{"line":98,"column":11}},"36":{"start":{"line":80,"column":12},"end":{"line":97,"column":15}},"37":{"start":{"line":81,"column":16},"end":{"line":96,"column":17}},"38":{"start":{"line":82,"column":20},"end":{"line":82,"column":83}},"39":{"start":{"line":83,"column":20},"end":{"line":83,"column":32}},"40":{"start":{"line":85,"column":20},"end":{"line":85,"column":72}},"41":{"start":{"line":86,"column":43},"end":{"line":86,"column":75}},"42":{"start":{"line":87,"column":20},"end":{"line":95,"column":23}},"43":{"start":{"line":88,"column":24},"end":{"line":88,"column":45}},"44":{"start":{"line":89,"column":24},"end":{"line":94,"column":25}},"45":{"start":{"line":90,"column":28},"end":{"line":90,"column":40}},"46":{"start":{"line":93,"column":28},"end":{"line":93,"column":41}},"47":{"start":{"line":103,"column":8},"end":{"line":122,"column":11}},"48":{"start":{"line":104,"column":12},"end":{"line":121,"column":15}},"49":{"start":{"line":105,"column":16},"end":{"line":120,"column":17}},"50":{"start":{"line":106,"column":20},"end":{"line":106,"column":83}},"51":{"start":{"line":107,"column":20},"end":{"line":107,"column":32}},"52":{"start":{"line":109,"column":20},"end":{"line":109,"column":72}},"53":{"start":{"line":110,"column":51},"end":{"line":110,"column":92}},"54":{"start":{"line":111,"column":20},"end":{"line":119,"column":23}},"55":{"start":{"line":112,"column":24},"end":{"line":112,"column":45}},"56":{"start":{"line":113,"column":24},"end":{"line":118,"column":25}},"57":{"start":{"line":114,"column":28},"end":{"line":114,"column":40}},"58":{"start":{"line":117,"column":28},"end":{"line":117,"column":41}},"59":{"start":{"line":126,"column":8},"end":{"line":145,"column":11}},"60":{"start":{"line":127,"column":12},"end":{"line":144,"column":15}},"61":{"start":{"line":128,"column":16},"end":{"line":143,"column":17}},"62":{"start":{"line":129,"column":20},"end":{"line":129,"column":83}},"63":{"start":{"line":130,"column":20},"end":{"line":130,"column":32}},"64":{"start":{"line":132,"column":20},"end":{"line":132,"column":72}},"65":{"start":{"line":133,"column":49},"end":{"line":133,"column":131}},"66":{"start":{"line":134,"column":20},"end":{"line":142,"column":23}},"67":{"start":{"line":135,"column":24},"end":{"line":135,"column":45}},"68":{"start":{"line":136,"column":24},"end":{"line":141,"column":25}},"69":{"start":{"line":137,"column":28},"end":{"line":137,"column":40}},"70":{"start":{"line":140,"column":28},"end":{"line":140,"column":41}},"71":{"start":{"line":149,"column":22},"end":{"line":149,"column":46}},"72":{"start":{"line":150,"column":21},"end":{"line":150,"column":45}},"73":{"start":{"line":153,"column":38},"end":{"line":153,"column":56}},"74":{"start":{"line":155,"column":8},"end":{"line":214,"column":11}},"75":{"start":{"line":156,"column":12},"end":{"line":213,"column":15}},"76":{"start":{"line":157,"column":16},"end":{"line":212,"column":17}},"77":{"start":{"line":158,"column":20},"end":{"line":158,"column":83}},"78":{"start":{"line":159,"column":20},"end":{"line":159,"column":32}},"79":{"start":{"line":161,"column":20},"end":{"line":161,"column":71}},"80":{"start":{"line":162,"column":32},"end":{"line":202,"column":45}},"81":{"start":{"line":204,"column":20},"end":{"line":211,"column":23}},"82":{"start":{"line":205,"column":24},"end":{"line":205,"column":45}},"83":{"start":{"line":206,"column":24},"end":{"line":210,"column":25}},"84":{"start":{"line":207,"column":28},"end":{"line":207,"column":40}},"85":{"start":{"line":209,"column":28},"end":{"line":209,"column":41}},"86":{"start":{"line":220,"column":8},"end":{"line":239,"column":11}},"87":{"start":{"line":221,"column":12},"end":{"line":238,"column":15}},"88":{"start":{"line":222,"column":16},"end":{"line":237,"column":17}},"89":{"start":{"line":223,"column":20},"end":{"line":223,"column":83}},"90":{"start":{"line":224,"column":20},"end":{"line":224,"column":32}},"91":{"start":{"line":226,"column":20},"end":{"line":226,"column":72}},"92":{"start":{"line":227,"column":49},"end":{"line":227,"column":129}},"93":{"start":{"line":228,"column":20},"end":{"line":236,"column":23}},"94":{"start":{"line":229,"column":24},"end":{"line":229,"column":45}},"95":{"start":{"line":230,"column":24},"end":{"line":235,"column":25}},"96":{"start":{"line":231,"column":28},"end":{"line":231,"column":40}},"97":{"start":{"line":234,"column":28},"end":{"line":234,"column":41}},"98":{"start":{"line":244,"column":8},"end":{"line":263,"column":11}},"99":{"start":{"line":245,"column":12},"end":{"line":262,"column":15}},"100":{"start":{"line":246,"column":16},"end":{"line":261,"column":17}},"101":{"start":{"line":247,"column":20},"end":{"line":247,"column":83}},"102":{"start":{"line":248,"column":20},"end":{"line":248,"column":32}},"103":{"start":{"line":250,"column":20},"end":{"line":250,"column":72}},"104":{"start":{"line":251,"column":44},"end":{"line":251,"column":182}},"105":{"start":{"line":252,"column":20},"end":{"line":260,"column":23}},"106":{"start":{"line":253,"column":24},"end":{"line":253,"column":45}},"107":{"start":{"line":254,"column":24},"end":{"line":259,"column":25}},"108":{"start":{"line":255,"column":28},"end":{"line":255,"column":40}},"109":{"start":{"line":258,"column":28},"end":{"line":258,"column":41}},"110":{"start":{"line":268,"column":8},"end":{"line":291,"column":11}},"111":{"start":{"line":269,"column":12},"end":{"line":290,"column":15}},"112":{"start":{"line":270,"column":16},"end":{"line":289,"column":17}},"113":{"start":{"line":271,"column":20},"end":{"line":271,"column":83}},"114":{"start":{"line":272,"column":20},"end":{"line":272,"column":32}},"115":{"start":{"line":274,"column":20},"end":{"line":274,"column":72}},"116":{"start":{"line":275,"column":50},"end":{"line":279,"column":21}},"117":{"start":{"line":280,"column":20},"end":{"line":288,"column":23}},"118":{"start":{"line":281,"column":24},"end":{"line":281,"column":45}},"119":{"start":{"line":282,"column":24},"end":{"line":287,"column":25}},"120":{"start":{"line":283,"column":28},"end":{"line":283,"column":40}},"121":{"start":{"line":286,"column":28},"end":{"line":286,"column":41}},"122":{"start":{"line":295,"column":8},"end":{"line":314,"column":11}},"123":{"start":{"line":296,"column":12},"end":{"line":313,"column":15}},"124":{"start":{"line":297,"column":16},"end":{"line":312,"column":17}},"125":{"start":{"line":298,"column":20},"end":{"line":298,"column":83}},"126":{"start":{"line":299,"column":20},"end":{"line":299,"column":32}},"127":{"start":{"line":301,"column":20},"end":{"line":301,"column":72}},"128":{"start":{"line":302,"column":54},"end":{"line":302,"column":162}},"129":{"start":{"line":303,"column":20},"end":{"line":311,"column":23}},"130":{"start":{"line":304,"column":24},"end":{"line":304,"column":45}},"131":{"start":{"line":305,"column":24},"end":{"line":310,"column":25}},"132":{"start":{"line":306,"column":28},"end":{"line":306,"column":40}},"133":{"start":{"line":309,"column":28},"end":{"line":309,"column":41}},"134":{"start":{"line":319,"column":8},"end":{"line":338,"column":11}},"135":{"start":{"line":320,"column":12},"end":{"line":337,"column":15}},"136":{"start":{"line":321,"column":16},"end":{"line":336,"column":17}},"137":{"start":{"line":322,"column":20},"end":{"line":322,"column":83}},"138":{"start":{"line":323,"column":20},"end":{"line":323,"column":32}},"139":{"start":{"line":325,"column":20},"end":{"line":325,"column":72}},"140":{"start":{"line":326,"column":52},"end":{"line":326,"column":103}},"141":{"start":{"line":327,"column":20},"end":{"line":335,"column":23}},"142":{"start":{"line":328,"column":24},"end":{"line":328,"column":45}},"143":{"start":{"line":329,"column":24},"end":{"line":334,"column":25}},"144":{"start":{"line":330,"column":28},"end":{"line":330,"column":40}},"145":{"start":{"line":333,"column":28},"end":{"line":333,"column":41}},"146":{"start":{"line":343,"column":8},"end":{"line":362,"column":11}},"147":{"start":{"line":344,"column":12},"end":{"line":361,"column":15}},"148":{"start":{"line":345,"column":16},"end":{"line":360,"column":17}},"149":{"start":{"line":346,"column":20},"end":{"line":346,"column":83}},"150":{"start":{"line":347,"column":20},"end":{"line":347,"column":32}},"151":{"start":{"line":349,"column":20},"end":{"line":349,"column":72}},"152":{"start":{"line":350,"column":54},"end":{"line":350,"column":208}},"153":{"start":{"line":351,"column":20},"end":{"line":359,"column":23}},"154":{"start":{"line":352,"column":24},"end":{"line":352,"column":45}},"155":{"start":{"line":353,"column":24},"end":{"line":358,"column":25}},"156":{"start":{"line":354,"column":28},"end":{"line":354,"column":40}},"157":{"start":{"line":357,"column":28},"end":{"line":357,"column":41}},"158":{"start":{"line":367,"column":8},"end":{"line":387,"column":11}},"159":{"start":{"line":368,"column":12},"end":{"line":386,"column":15}},"160":{"start":{"line":369,"column":16},"end":{"line":385,"column":17}},"161":{"start":{"line":370,"column":20},"end":{"line":370,"column":83}},"162":{"start":{"line":371,"column":20},"end":{"line":371,"column":32}},"163":{"start":{"line":373,"column":20},"end":{"line":373,"column":72}},"164":{"start":{"line":374,"column":20},"end":{"line":374,"column":58}},"165":{"start":{"line":375,"column":55},"end":{"line":375,"column":120}},"166":{"start":{"line":376,"column":20},"end":{"line":384,"column":23}},"167":{"start":{"line":377,"column":24},"end":{"line":377,"column":45}},"168":{"start":{"line":378,"column":24},"end":{"line":383,"column":25}},"169":{"start":{"line":379,"column":28},"end":{"line":379,"column":40}},"170":{"start":{"line":382,"column":28},"end":{"line":382,"column":41}},"171":{"start":{"line":392,"column":8},"end":{"line":411,"column":11}},"172":{"start":{"line":393,"column":12},"end":{"line":410,"column":15}},"173":{"start":{"line":394,"column":16},"end":{"line":409,"column":17}},"174":{"start":{"line":395,"column":20},"end":{"line":395,"column":83}},"175":{"start":{"line":396,"column":20},"end":{"line":396,"column":32}},"176":{"start":{"line":398,"column":20},"end":{"line":398,"column":72}},"177":{"start":{"line":399,"column":42},"end":{"line":399,"column":97}},"178":{"start":{"line":400,"column":20},"end":{"line":408,"column":23}},"179":{"start":{"line":401,"column":24},"end":{"line":401,"column":45}},"180":{"start":{"line":402,"column":24},"end":{"line":407,"column":25}},"181":{"start":{"line":403,"column":28},"end":{"line":403,"column":40}},"182":{"start":{"line":406,"column":28},"end":{"line":406,"column":41}},"183":{"start":{"line":416,"column":8},"end":{"line":435,"column":11}},"184":{"start":{"line":417,"column":12},"end":{"line":434,"column":15}},"185":{"start":{"line":418,"column":16},"end":{"line":433,"column":17}},"186":{"start":{"line":419,"column":20},"end":{"line":419,"column":83}},"187":{"start":{"line":420,"column":20},"end":{"line":420,"column":32}},"188":{"start":{"line":422,"column":20},"end":{"line":422,"column":72}},"189":{"start":{"line":423,"column":44},"end":{"line":423,"column":126}},"190":{"start":{"line":424,"column":20},"end":{"line":432,"column":23}},"191":{"start":{"line":425,"column":24},"end":{"line":425,"column":45}},"192":{"start":{"line":426,"column":24},"end":{"line":431,"column":25}},"193":{"start":{"line":427,"column":28},"end":{"line":427,"column":40}},"194":{"start":{"line":430,"column":28},"end":{"line":430,"column":41}},"195":{"start":{"line":440,"column":0},"end":{"line":440,"column":27}}},"fnMap":{"0":{"name":"(anonymous_0)","decl":{"start":{"line":4,"column":4},"end":{"line":4,"column":5}},"loc":{"start":{"line":4,"column":21},"end":{"line":6,"column":5}},"line":4},"1":{"name":"(anonymous_1)","decl":{"start":{"line":8,"column":4},"end":{"line":8,"column":5}},"loc":{"start":{"line":8,"column":117},"end":{"line":28,"column":5}},"line":8},"2":{"name":"(anonymous_2)","decl":{"start":{"line":10,"column":27},"end":{"line":10,"column":28}},"loc":{"start":{"line":10,"column":48},"end":{"line":27,"column":9}},"line":10},"3":{"name":"(anonymous_3)","decl":{"start":{"line":11,"column":36},"end":{"line":11,"column":37}},"loc":{"start":{"line":11,"column":57},"end":{"line":26,"column":13}},"line":11},"4":{"name":"(anonymous_4)","decl":{"start":{"line":16,"column":158},"end":{"line":16,"column":159}},"loc":{"start":{"line":16,"column":172},"end":{"line":24,"column":21}},"line":16},"5":{"name":"(anonymous_5)","decl":{"start":{"line":30,"column":4},"end":{"line":30,"column":5}},"loc":{"start":{"line":30,"column":41},"end":{"line":52,"column":5}},"line":30},"6":{"name":"(anonymous_6)","decl":{"start":{"line":32,"column":27},"end":{"line":32,"column":28}},"loc":{"start":{"line":32,"column":48},"end":{"line":51,"column":9}},"line":32},"7":{"name":"(anonymous_7)","decl":{"start":{"line":33,"column":36},"end":{"line":33,"column":37}},"loc":{"start":{"line":33,"column":57},"end":{"line":50,"column":13}},"line":33},"8":{"name":"(anonymous_8)","decl":{"start":{"line":40,"column":82},"end":{"line":40,"column":83}},"loc":{"start":{"line":40,"column":96},"end":{"line":48,"column":21}},"line":40},"9":{"name":"(anonymous_9)","decl":{"start":{"line":54,"column":4},"end":{"line":54,"column":5}},"loc":{"start":{"line":54,"column":45},"end":{"line":76,"column":5}},"line":54},"10":{"name":"(anonymous_10)","decl":{"start":{"line":56,"column":27},"end":{"line":56,"column":28}},"loc":{"start":{"line":56,"column":48},"end":{"line":75,"column":9}},"line":56},"11":{"name":"(anonymous_11)","decl":{"start":{"line":57,"column":36},"end":{"line":57,"column":37}},"loc":{"start":{"line":57,"column":57},"end":{"line":74,"column":13}},"line":57},"12":{"name":"(anonymous_12)","decl":{"start":{"line":64,"column":86},"end":{"line":64,"column":87}},"loc":{"start":{"line":64,"column":100},"end":{"line":72,"column":21}},"line":64},"13":{"name":"(anonymous_13)","decl":{"start":{"line":77,"column":4},"end":{"line":77,"column":5}},"loc":{"start":{"line":77,"column":20},"end":{"line":99,"column":5}},"line":77},"14":{"name":"(anonymous_14)","decl":{"start":{"line":79,"column":27},"end":{"line":79,"column":28}},"loc":{"start":{"line":79,"column":48},"end":{"line":98,"column":9}},"line":79},"15":{"name":"(anonymous_15)","decl":{"start":{"line":80,"column":36},"end":{"line":80,"column":37}},"loc":{"start":{"line":80,"column":57},"end":{"line":97,"column":13}},"line":80},"16":{"name":"(anonymous_16)","decl":{"start":{"line":87,"column":61},"end":{"line":87,"column":62}},"loc":{"start":{"line":87,"column":75},"end":{"line":95,"column":21}},"line":87},"17":{"name":"(anonymous_17)","decl":{"start":{"line":101,"column":4},"end":{"line":101,"column":5}},"loc":{"start":{"line":101,"column":28},"end":{"line":123,"column":5}},"line":101},"18":{"name":"(anonymous_18)","decl":{"start":{"line":103,"column":27},"end":{"line":103,"column":28}},"loc":{"start":{"line":103,"column":48},"end":{"line":122,"column":9}},"line":103},"19":{"name":"(anonymous_19)","decl":{"start":{"line":104,"column":36},"end":{"line":104,"column":37}},"loc":{"start":{"line":104,"column":57},"end":{"line":121,"column":13}},"line":104},"20":{"name":"(anonymous_20)","decl":{"start":{"line":111,"column":69},"end":{"line":111,"column":70}},"loc":{"start":{"line":111,"column":83},"end":{"line":119,"column":21}},"line":111},"21":{"name":"(anonymous_21)","decl":{"start":{"line":124,"column":4},"end":{"line":124,"column":5}},"loc":{"start":{"line":124,"column":53},"end":{"line":146,"column":5}},"line":124},"22":{"name":"(anonymous_22)","decl":{"start":{"line":126,"column":27},"end":{"line":126,"column":28}},"loc":{"start":{"line":126,"column":48},"end":{"line":145,"column":9}},"line":126},"23":{"name":"(anonymous_23)","decl":{"start":{"line":127,"column":36},"end":{"line":127,"column":37}},"loc":{"start":{"line":127,"column":57},"end":{"line":144,"column":13}},"line":127},"24":{"name":"(anonymous_24)","decl":{"start":{"line":134,"column":101},"end":{"line":134,"column":102}},"loc":{"start":{"line":134,"column":115},"end":{"line":142,"column":21}},"line":134},"25":{"name":"(anonymous_25)","decl":{"start":{"line":147,"column":4},"end":{"line":147,"column":5}},"loc":{"start":{"line":147,"column":63},"end":{"line":215,"column":5}},"line":147},"26":{"name":"(anonymous_26)","decl":{"start":{"line":155,"column":27},"end":{"line":155,"column":28}},"loc":{"start":{"line":155,"column":48},"end":{"line":214,"column":9}},"line":155},"27":{"name":"(anonymous_27)","decl":{"start":{"line":156,"column":36},"end":{"line":156,"column":37}},"loc":{"start":{"line":156,"column":57},"end":{"line":213,"column":13}},"line":156},"28":{"name":"(anonymous_28)","decl":{"start":{"line":204,"column":318},"end":{"line":204,"column":319}},"loc":{"start":{"line":204,"column":332},"end":{"line":211,"column":21}},"line":204},"29":{"name":"(anonymous_29)","decl":{"start":{"line":218,"column":4},"end":{"line":218,"column":5}},"loc":{"start":{"line":218,"column":57},"end":{"line":240,"column":5}},"line":218},"30":{"name":"(anonymous_30)","decl":{"start":{"line":220,"column":27},"end":{"line":220,"column":28}},"loc":{"start":{"line":220,"column":48},"end":{"line":239,"column":9}},"line":220},"31":{"name":"(anonymous_31)","decl":{"start":{"line":221,"column":36},"end":{"line":221,"column":37}},"loc":{"start":{"line":221,"column":57},"end":{"line":238,"column":13}},"line":221},"32":{"name":"(anonymous_32)","decl":{"start":{"line":228,"column":98},"end":{"line":228,"column":99}},"loc":{"start":{"line":228,"column":112},"end":{"line":236,"column":21}},"line":228},"33":{"name":"(anonymous_33)","decl":{"start":{"line":242,"column":4},"end":{"line":242,"column":5}},"loc":{"start":{"line":242,"column":105},"end":{"line":264,"column":5}},"line":242},"34":{"name":"(anonymous_34)","decl":{"start":{"line":244,"column":27},"end":{"line":244,"column":28}},"loc":{"start":{"line":244,"column":48},"end":{"line":263,"column":9}},"line":244},"35":{"name":"(anonymous_35)","decl":{"start":{"line":245,"column":36},"end":{"line":245,"column":37}},"loc":{"start":{"line":245,"column":57},"end":{"line":262,"column":13}},"line":245},"36":{"name":"(anonymous_36)","decl":{"start":{"line":252,"column":146},"end":{"line":252,"column":147}},"loc":{"start":{"line":252,"column":160},"end":{"line":260,"column":21}},"line":252},"37":{"name":"(anonymous_37)","decl":{"start":{"line":266,"column":4},"end":{"line":266,"column":5}},"loc":{"start":{"line":266,"column":25},"end":{"line":292,"column":5}},"line":266},"38":{"name":"(anonymous_38)","decl":{"start":{"line":268,"column":27},"end":{"line":268,"column":28}},"loc":{"start":{"line":268,"column":48},"end":{"line":291,"column":9}},"line":268},"39":{"name":"(anonymous_39)","decl":{"start":{"line":269,"column":36},"end":{"line":269,"column":37}},"loc":{"start":{"line":269,"column":57},"end":{"line":290,"column":13}},"line":269},"40":{"name":"(anonymous_40)","decl":{"start":{"line":280,"column":75},"end":{"line":280,"column":76}},"loc":{"start":{"line":280,"column":89},"end":{"line":288,"column":21}},"line":280},"41":{"name":"(anonymous_41)","decl":{"start":{"line":293,"column":4},"end":{"line":293,"column":5}},"loc":{"start":{"line":293,"column":38},"end":{"line":315,"column":5}},"line":293},"42":{"name":"(anonymous_42)","decl":{"start":{"line":295,"column":27},"end":{"line":295,"column":28}},"loc":{"start":{"line":295,"column":48},"end":{"line":314,"column":9}},"line":295},"43":{"name":"(anonymous_43)","decl":{"start":{"line":296,"column":36},"end":{"line":296,"column":37}},"loc":{"start":{"line":296,"column":57},"end":{"line":313,"column":13}},"line":296},"44":{"name":"(anonymous_44)","decl":{"start":{"line":303,"column":79},"end":{"line":303,"column":80}},"loc":{"start":{"line":303,"column":93},"end":{"line":311,"column":21}},"line":303},"45":{"name":"(anonymous_45)","decl":{"start":{"line":317,"column":4},"end":{"line":317,"column":5}},"loc":{"start":{"line":317,"column":37},"end":{"line":339,"column":5}},"line":317},"46":{"name":"(anonymous_46)","decl":{"start":{"line":319,"column":27},"end":{"line":319,"column":28}},"loc":{"start":{"line":319,"column":48},"end":{"line":338,"column":9}},"line":319},"47":{"name":"(anonymous_47)","decl":{"start":{"line":320,"column":36},"end":{"line":320,"column":37}},"loc":{"start":{"line":320,"column":57},"end":{"line":337,"column":13}},"line":320},"48":{"name":"(anonymous_48)","decl":{"start":{"line":327,"column":78},"end":{"line":327,"column":79}},"loc":{"start":{"line":327,"column":92},"end":{"line":335,"column":21}},"line":327},"49":{"name":"(anonymous_49)","decl":{"start":{"line":341,"column":4},"end":{"line":341,"column":5}},"loc":{"start":{"line":341,"column":38},"end":{"line":363,"column":5}},"line":341},"50":{"name":"(anonymous_50)","decl":{"start":{"line":343,"column":27},"end":{"line":343,"column":28}},"loc":{"start":{"line":343,"column":48},"end":{"line":362,"column":9}},"line":343},"51":{"name":"(anonymous_51)","decl":{"start":{"line":344,"column":36},"end":{"line":344,"column":37}},"loc":{"start":{"line":344,"column":57},"end":{"line":361,"column":13}},"line":344},"52":{"name":"(anonymous_52)","decl":{"start":{"line":351,"column":79},"end":{"line":351,"column":80}},"loc":{"start":{"line":351,"column":93},"end":{"line":359,"column":21}},"line":351},"53":{"name":"(anonymous_53)","decl":{"start":{"line":365,"column":4},"end":{"line":365,"column":5}},"loc":{"start":{"line":365,"column":32},"end":{"line":388,"column":5}},"line":365},"54":{"name":"(anonymous_54)","decl":{"start":{"line":367,"column":27},"end":{"line":367,"column":28}},"loc":{"start":{"line":367,"column":48},"end":{"line":387,"column":9}},"line":367},"55":{"name":"(anonymous_55)","decl":{"start":{"line":368,"column":36},"end":{"line":368,"column":37}},"loc":{"start":{"line":368,"column":57},"end":{"line":386,"column":13}},"line":368},"56":{"name":"(anonymous_56)","decl":{"start":{"line":376,"column":73},"end":{"line":376,"column":74}},"loc":{"start":{"line":376,"column":87},"end":{"line":384,"column":21}},"line":376},"57":{"name":"(anonymous_57)","decl":{"start":{"line":390,"column":4},"end":{"line":390,"column":5}},"loc":{"start":{"line":390,"column":29},"end":{"line":412,"column":5}},"line":390},"58":{"name":"(anonymous_58)","decl":{"start":{"line":392,"column":27},"end":{"line":392,"column":28}},"loc":{"start":{"line":392,"column":48},"end":{"line":411,"column":9}},"line":392},"59":{"name":"(anonymous_59)","decl":{"start":{"line":393,"column":36},"end":{"line":393,"column":37}},"loc":{"start":{"line":393,"column":57},"end":{"line":410,"column":13}},"line":393},"60":{"name":"(anonymous_60)","decl":{"start":{"line":400,"column":70},"end":{"line":400,"column":71}},"loc":{"start":{"line":400,"column":84},"end":{"line":408,"column":21}},"line":400},"61":{"name":"(anonymous_61)","decl":{"start":{"line":414,"column":4},"end":{"line":414,"column":5}},"loc":{"start":{"line":414,"column":53},"end":{"line":436,"column":5}},"line":414},"62":{"name":"(anonymous_62)","decl":{"start":{"line":416,"column":27},"end":{"line":416,"column":28}},"loc":{"start":{"line":416,"column":48},"end":{"line":435,"column":9}},"line":416},"63":{"name":"(anonymous_63)","decl":{"start":{"line":417,"column":36},"end":{"line":417,"column":37}},"loc":{"start":{"line":417,"column":57},"end":{"line":434,"column":13}},"line":417},"64":{"name":"(anonymous_64)","decl":{"start":{"line":424,"column":94},"end":{"line":424,"column":95}},"loc":{"start":{"line":424,"column":108},"end":{"line":432,"column":21}},"line":424}},"branchMap":{"0":{"loc":{"start":{"line":12,"column":16},"end":{"line":25,"column":17}},"type":"if","locations":[{"start":{"line":12,"column":16},"end":{"line":25,"column":17}},{"start":{"line":14,"column":21},"end":{"line":25,"column":17}}],"line":12},"1":{"loc":{"start":{"line":18,"column":24},"end":{"line":23,"column":25}},"type":"if","locations":[{"start":{"line":18,"column":24},"end":{"line":23,"column":25}},{"start":{"line":21,"column":28},"end":{"line":23,"column":25}}],"line":18},"2":{"loc":{"start":{"line":34,"column":16},"end":{"line":49,"column":17}},"type":"if","locations":[{"start":{"line":34,"column":16},"end":{"line":49,"column":17}},{"start":{"line":37,"column":21},"end":{"line":49,"column":17}}],"line":34},"3":{"loc":{"start":{"line":42,"column":24},"end":{"line":47,"column":25}},"type":"if","locations":[{"start":{"line":42,"column":24},"end":{"line":47,"column":25}},{"start":{"line":45,"column":28},"end":{"line":47,"column":25}}],"line":42},"4":{"loc":{"start":{"line":58,"column":16},"end":{"line":73,"column":17}},"type":"if","locations":[{"start":{"line":58,"column":16},"end":{"line":73,"column":17}},{"start":{"line":61,"column":21},"end":{"line":73,"column":17}}],"line":58},"5":{"loc":{"start":{"line":66,"column":24},"end":{"line":71,"column":25}},"type":"if","locations":[{"start":{"line":66,"column":24},"end":{"line":71,"column":25}},{"start":{"line":69,"column":28},"end":{"line":71,"column":25}}],"line":66},"6":{"loc":{"start":{"line":81,"column":16},"end":{"line":96,"column":17}},"type":"if","locations":[{"start":{"line":81,"column":16},"end":{"line":96,"column":17}},{"start":{"line":84,"column":21},"end":{"line":96,"column":17}}],"line":81},"7":{"loc":{"start":{"line":89,"column":24},"end":{"line":94,"column":25}},"type":"if","locations":[{"start":{"line":89,"column":24},"end":{"line":94,"column":25}},{"start":{"line":92,"column":28},"end":{"line":94,"column":25}}],"line":89},"8":{"loc":{"start":{"line":105,"column":16},"end":{"line":120,"column":17}},"type":"if","locations":[{"start":{"line":105,"column":16},"end":{"line":120,"column":17}},{"start":{"line":108,"column":21},"end":{"line":120,"column":17}}],"line":105},"9":{"loc":{"start":{"line":113,"column":24},"end":{"line":118,"column":25}},"type":"if","locations":[{"start":{"line":113,"column":24},"end":{"line":118,"column":25}},{"start":{"line":116,"column":28},"end":{"line":118,"column":25}}],"line":113},"10":{"loc":{"start":{"line":128,"column":16},"end":{"line":143,"column":17}},"type":"if","locations":[{"start":{"line":128,"column":16},"end":{"line":143,"column":17}},{"start":{"line":131,"column":21},"end":{"line":143,"column":17}}],"line":128},"11":{"loc":{"start":{"line":136,"column":24},"end":{"line":141,"column":25}},"type":"if","locations":[{"start":{"line":136,"column":24},"end":{"line":141,"column":25}},{"start":{"line":139,"column":28},"end":{"line":141,"column":25}}],"line":136},"12":{"loc":{"start":{"line":157,"column":16},"end":{"line":212,"column":17}},"type":"if","locations":[{"start":{"line":157,"column":16},"end":{"line":212,"column":17}},{"start":{"line":160,"column":23},"end":{"line":212,"column":17}}],"line":157},"13":{"loc":{"start":{"line":206,"column":24},"end":{"line":210,"column":25}},"type":"if","locations":[{"start":{"line":206,"column":24},"end":{"line":210,"column":25}},{"start":{"line":208,"column":31},"end":{"line":210,"column":25}}],"line":206},"14":{"loc":{"start":{"line":222,"column":16},"end":{"line":237,"column":17}},"type":"if","locations":[{"start":{"line":222,"column":16},"end":{"line":237,"column":17}},{"start":{"line":225,"column":21},"end":{"line":237,"column":17}}],"line":222},"15":{"loc":{"start":{"line":230,"column":24},"end":{"line":235,"column":25}},"type":"if","locations":[{"start":{"line":230,"column":24},"end":{"line":235,"column":25}},{"start":{"line":233,"column":28},"end":{"line":235,"column":25}}],"line":230},"16":{"loc":{"start":{"line":246,"column":16},"end":{"line":261,"column":17}},"type":"if","locations":[{"start":{"line":246,"column":16},"end":{"line":261,"column":17}},{"start":{"line":249,"column":21},"end":{"line":261,"column":17}}],"line":246},"17":{"loc":{"start":{"line":254,"column":24},"end":{"line":259,"column":25}},"type":"if","locations":[{"start":{"line":254,"column":24},"end":{"line":259,"column":25}},{"start":{"line":257,"column":28},"end":{"line":259,"column":25}}],"line":254},"18":{"loc":{"start":{"line":270,"column":16},"end":{"line":289,"column":17}},"type":"if","locations":[{"start":{"line":270,"column":16},"end":{"line":289,"column":17}},{"start":{"line":273,"column":21},"end":{"line":289,"column":17}}],"line":270},"19":{"loc":{"start":{"line":282,"column":24},"end":{"line":287,"column":25}},"type":"if","locations":[{"start":{"line":282,"column":24},"end":{"line":287,"column":25}},{"start":{"line":285,"column":28},"end":{"line":287,"column":25}}],"line":282},"20":{"loc":{"start":{"line":297,"column":16},"end":{"line":312,"column":17}},"type":"if","locations":[{"start":{"line":297,"column":16},"end":{"line":312,"column":17}},{"start":{"line":300,"column":21},"end":{"line":312,"column":17}}],"line":297},"21":{"loc":{"start":{"line":305,"column":24},"end":{"line":310,"column":25}},"type":"if","locations":[{"start":{"line":305,"column":24},"end":{"line":310,"column":25}},{"start":{"line":308,"column":28},"end":{"line":310,"column":25}}],"line":305},"22":{"loc":{"start":{"line":321,"column":16},"end":{"line":336,"column":17}},"type":"if","locations":[{"start":{"line":321,"column":16},"end":{"line":336,"column":17}},{"start":{"line":324,"column":21},"end":{"line":336,"column":17}}],"line":321},"23":{"loc":{"start":{"line":329,"column":24},"end":{"line":334,"column":25}},"type":"if","locations":[{"start":{"line":329,"column":24},"end":{"line":334,"column":25}},{"start":{"line":332,"column":28},"end":{"line":334,"column":25}}],"line":329},"24":{"loc":{"start":{"line":345,"column":16},"end":{"line":360,"column":17}},"type":"if","locations":[{"start":{"line":345,"column":16},"end":{"line":360,"column":17}},{"start":{"line":348,"column":21},"end":{"line":360,"column":17}}],"line":345},"25":{"loc":{"start":{"line":353,"column":24},"end":{"line":358,"column":25}},"type":"if","locations":[{"start":{"line":353,"column":24},"end":{"line":358,"column":25}},{"start":{"line":356,"column":28},"end":{"line":358,"column":25}}],"line":353},"26":{"loc":{"start":{"line":369,"column":16},"end":{"line":385,"column":17}},"type":"if","locations":[{"start":{"line":369,"column":16},"end":{"line":385,"column":17}},{"start":{"line":372,"column":21},"end":{"line":385,"column":17}}],"line":369},"27":{"loc":{"start":{"line":378,"column":24},"end":{"line":383,"column":25}},"type":"if","locations":[{"start":{"line":378,"column":24},"end":{"line":383,"column":25}},{"start":{"line":381,"column":28},"end":{"line":383,"column":25}}],"line":378},"28":{"loc":{"start":{"line":394,"column":16},"end":{"line":409,"column":17}},"type":"if","locations":[{"start":{"line":394,"column":16},"end":{"line":409,"column":17}},{"start":{"line":397,"column":21},"end":{"line":409,"column":17}}],"line":394},"29":{"loc":{"start":{"line":402,"column":24},"end":{"line":407,"column":25}},"type":"if","locations":[{"start":{"line":402,"column":24},"end":{"line":407,"column":25}},{"start":{"line":405,"column":28},"end":{"line":407,"column":25}}],"line":402},"30":{"loc":{"start":{"line":418,"column":16},"end":{"line":433,"column":17}},"type":"if","locations":[{"start":{"line":418,"column":16},"end":{"line":433,"column":17}},{"start":{"line":421,"column":21},"end":{"line":433,"column":17}}],"line":418},"31":{"loc":{"start":{"line":426,"column":24},"end":{"line":431,"column":25}},"type":"if","locations":[{"start":{"line":426,"column":24},"end":{"line":431,"column":25}},{"start":{"line":429,"column":28},"end":{"line":431,"column":25}}],"line":426}},"s":{"0":1,"1":1,"2":1,"3":0,"4":0,"5":0,"6":0,"7":0,"8":0,"9":0,"10":0,"11":0,"12":0,"13":0,"14":0,"15":0,"16":0,"17":0,"18":0,"19":0,"20":0,"21":0,"22":0,"23":0,"24":0,"25":0,"26":0,"27":0,"28":0,"29":0,"30":0,"31":0,"32":0,"33":0,"34":0,"35":0,"36":0,"37":0,"38":0,"39":0,"40":0,"41":0,"42":0,"43":0,"44":0,"45":0,"46":0,"47":0,"48":0,"49":0,"50":0,"51":0,"52":0,"53":0,"54":0,"55":0,"56":0,"57":0,"58":0,"59":0,"60":0,"61":0,"62":0,"63":0,"64":0,"65":0,"66":0,"67":0,"68":0,"69":0,"70":0,"71":0,"72":0,"73":0,"74":0,"75":0,"76":0,"77":0,"78":0,"79":0,"80":0,"81":0,"82":0,"83":0,"84":0,"85":0,"86":0,"87":0,"88":0,"89":0,"90":0,"91":0,"92":0,"93":0,"94":0,"95":0,"96":0,"97":0,"98":0,"99":0,"100":0,"101":0,"102":0,"103":0,"104":0,"105":0,"106":0,"107":0,"108":0,"109":0,"110":0,"111":0,"112":0,"113":0,"114":0,"115":0,"116":0,"117":0,"118":0,"119":0,"120":0,"121":0,"122":0,"123":0,"124":0,"125":0,"126":0,"127":0,"128":0,"129":0,"130":0,"131":0,"132":0,"133":0,"134":0,"135":0,"136":0,"137":0,"138":0,"139":0,"140":0,"141":0,"142":0,"143":0,"144":0,"145":0,"146":0,"147":0,"148":0,"149":0,"150":0,"151":0,"152":0,"153":0,"154":0,"155":0,"156":0,"157":0,"158":0,"159":0,"160":0,"161":0,"162":0,"163":0,"164":0,"165":0,"166":0,"167":0,"168":0,"169":0,"170":0,"171":0,"172":0,"173":0,"174":0,"175":0,"176":0,"177":0,"178":0,"179":0,"180":0,"181":0,"182":0,"183":0,"184":0,"185":0,"186":0,"187":0,"188":0,"189":0,"190":0,"191":0,"192":0,"193":0,"194":0,"195":1},"f":{"0":1,"1":1,"2":1,"3":0,"4":0,"5":0,"6":0,"7":0,"8":0,"9":0,"10":0,"11":0,"12":0,"13":0,"14":0,"15":0,"16":0,"17":0,"18":0,"19":0,"20":0,"21":0,"22":0,"23":0,"24":0,"25":0,"26":0,"27":0,"28":0,"29":0,"30":0,"31":0,"32":0,"33":0,"34":0,"35":0,"36":0,"37":0,"38":0,"39":0,"40":0,"41":0,"42":0,"43":0,"44":0,"45":0,"46":0,"47":0,"48":0,"49":0,"50":0,"51":0,"52":0,"53":0,"54":0,"55":0,"56":0,"57":0,"58":0,"59":0,"60":0,"61":0,"62":0,"63":0,"64":0},"b":{"0":[0,0],"1":[0,0],"2":[0,0],"3":[0,0],"4":[0,0],"5":[0,0],"6":[0,0],"7":[0,0],"8":[0,0],"9":[0,0],"10":[0,0],"11":[0,0],"12":[0,0],"13":[0,0],"14":[0,0],"15":[0,0],"16":[0,0],"17":[0,0],"18":[0,0],"19":[0,0],"20":[0,0],"21":[0,0],"22":[0,0],"23":[0,0],"24":[0,0],"25":[0,0],"26":[0,0],"27":[0,0],"28":[0,0],"29":[0,0],"30":[0,0],"31":[0,0]},"_coverageSchema":"1a1c01bbd47fc00a2c39e90264f33305004495a9","hash":"3435f66200376bd40f56b51345726b36a4d3511c"}
,"C:\\Users\\penap\\Documents\\TFG\\TFGv2\\MedAlerta\\DAOPacientes.js": {"path":"C:\\Users\\penap\\Documents\\TFG\\TFGv2\\MedAlerta\\DAOPacientes.js","statementMap":{"0":{"start":{"line":5,"column":8},"end":{"line":5,"column":25}},"1":{"start":{"line":10,"column":8},"end":{"line":29,"column":11}},"2":{"start":{"line":11,"column":12},"end":{"line":28,"column":15}},"3":{"start":{"line":12,"column":16},"end":{"line":27,"column":17}},"4":{"start":{"line":13,"column":20},"end":{"line":13,"column":83}},"5":{"start":{"line":14,"column":20},"end":{"line":14,"column":32}},"6":{"start":{"line":16,"column":20},"end":{"line":16,"column":72}},"7":{"start":{"line":17,"column":48},"end":{"line":17,"column":194}},"8":{"start":{"line":18,"column":20},"end":{"line":26,"column":23}},"9":{"start":{"line":19,"column":24},"end":{"line":19,"column":45}},"10":{"start":{"line":20,"column":24},"end":{"line":25,"column":25}},"11":{"start":{"line":21,"column":28},"end":{"line":21,"column":40}},"12":{"start":{"line":24,"column":28},"end":{"line":24,"column":41}},"13":{"start":{"line":34,"column":8},"end":{"line":53,"column":11}},"14":{"start":{"line":35,"column":12},"end":{"line":52,"column":15}},"15":{"start":{"line":36,"column":16},"end":{"line":51,"column":17}},"16":{"start":{"line":37,"column":20},"end":{"line":37,"column":83}},"17":{"start":{"line":38,"column":20},"end":{"line":38,"column":32}},"18":{"start":{"line":40,"column":20},"end":{"line":40,"column":72}},"19":{"start":{"line":41,"column":44},"end":{"line":41,"column":100}},"20":{"start":{"line":42,"column":20},"end":{"line":50,"column":23}},"21":{"start":{"line":43,"column":24},"end":{"line":43,"column":45}},"22":{"start":{"line":44,"column":24},"end":{"line":49,"column":25}},"23":{"start":{"line":45,"column":28},"end":{"line":45,"column":40}},"24":{"start":{"line":48,"column":28},"end":{"line":48,"column":41}},"25":{"start":{"line":58,"column":8},"end":{"line":77,"column":11}},"26":{"start":{"line":59,"column":12},"end":{"line":76,"column":15}},"27":{"start":{"line":60,"column":16},"end":{"line":75,"column":17}},"28":{"start":{"line":61,"column":20},"end":{"line":61,"column":83}},"29":{"start":{"line":62,"column":20},"end":{"line":62,"column":32}},"30":{"start":{"line":64,"column":20},"end":{"line":64,"column":72}},"31":{"start":{"line":65,"column":54},"end":{"line":65,"column":343}},"32":{"start":{"line":66,"column":20},"end":{"line":74,"column":23}},"33":{"start":{"line":67,"column":24},"end":{"line":67,"column":45}},"34":{"start":{"line":68,"column":24},"end":{"line":73,"column":25}},"35":{"start":{"line":69,"column":28},"end":{"line":69,"column":40}},"36":{"start":{"line":72,"column":28},"end":{"line":72,"column":41}},"37":{"start":{"line":82,"column":8},"end":{"line":101,"column":11}},"38":{"start":{"line":83,"column":12},"end":{"line":100,"column":15}},"39":{"start":{"line":84,"column":16},"end":{"line":99,"column":17}},"40":{"start":{"line":85,"column":20},"end":{"line":85,"column":83}},"41":{"start":{"line":86,"column":20},"end":{"line":86,"column":32}},"42":{"start":{"line":88,"column":20},"end":{"line":88,"column":72}},"43":{"start":{"line":89,"column":46},"end":{"line":89,"column":85}},"44":{"start":{"line":90,"column":20},"end":{"line":98,"column":23}},"45":{"start":{"line":91,"column":24},"end":{"line":91,"column":45}},"46":{"start":{"line":92,"column":24},"end":{"line":97,"column":25}},"47":{"start":{"line":93,"column":28},"end":{"line":93,"column":40}},"48":{"start":{"line":96,"column":28},"end":{"line":96,"column":41}},"49":{"start":{"line":106,"column":8},"end":{"line":125,"column":11}},"50":{"start":{"line":107,"column":12},"end":{"line":124,"column":15}},"51":{"start":{"line":108,"column":16},"end":{"line":123,"column":17}},"52":{"start":{"line":109,"column":20},"end":{"line":109,"column":83}},"53":{"start":{"line":110,"column":20},"end":{"line":110,"column":32}},"54":{"start":{"line":112,"column":20},"end":{"line":112,"column":72}},"55":{"start":{"line":113,"column":45},"end":{"line":113,"column":188}},"56":{"start":{"line":114,"column":20},"end":{"line":122,"column":23}},"57":{"start":{"line":115,"column":24},"end":{"line":115,"column":45}},"58":{"start":{"line":116,"column":24},"end":{"line":121,"column":25}},"59":{"start":{"line":117,"column":28},"end":{"line":117,"column":40}},"60":{"start":{"line":120,"column":28},"end":{"line":120,"column":41}},"61":{"start":{"line":130,"column":8},"end":{"line":149,"column":11}},"62":{"start":{"line":131,"column":12},"end":{"line":148,"column":15}},"63":{"start":{"line":132,"column":16},"end":{"line":147,"column":17}},"64":{"start":{"line":133,"column":20},"end":{"line":133,"column":83}},"65":{"start":{"line":134,"column":20},"end":{"line":134,"column":32}},"66":{"start":{"line":136,"column":20},"end":{"line":136,"column":72}},"67":{"start":{"line":137,"column":52},"end":{"line":137,"column":93}},"68":{"start":{"line":138,"column":20},"end":{"line":146,"column":23}},"69":{"start":{"line":139,"column":24},"end":{"line":139,"column":45}},"70":{"start":{"line":140,"column":24},"end":{"line":145,"column":25}},"71":{"start":{"line":141,"column":28},"end":{"line":141,"column":40}},"72":{"start":{"line":144,"column":28},"end":{"line":144,"column":41}},"73":{"start":{"line":154,"column":8},"end":{"line":173,"column":11}},"74":{"start":{"line":155,"column":12},"end":{"line":172,"column":15}},"75":{"start":{"line":156,"column":16},"end":{"line":171,"column":17}},"76":{"start":{"line":157,"column":20},"end":{"line":157,"column":83}},"77":{"start":{"line":158,"column":20},"end":{"line":158,"column":32}},"78":{"start":{"line":160,"column":20},"end":{"line":160,"column":72}},"79":{"start":{"line":161,"column":46},"end":{"line":161,"column":176}},"80":{"start":{"line":162,"column":20},"end":{"line":170,"column":23}},"81":{"start":{"line":163,"column":24},"end":{"line":163,"column":45}},"82":{"start":{"line":164,"column":24},"end":{"line":169,"column":25}},"83":{"start":{"line":165,"column":28},"end":{"line":165,"column":40}},"84":{"start":{"line":168,"column":28},"end":{"line":168,"column":41}},"85":{"start":{"line":178,"column":8},"end":{"line":197,"column":11}},"86":{"start":{"line":179,"column":12},"end":{"line":196,"column":15}},"87":{"start":{"line":180,"column":16},"end":{"line":195,"column":17}},"88":{"start":{"line":181,"column":20},"end":{"line":181,"column":83}},"89":{"start":{"line":182,"column":20},"end":{"line":182,"column":32}},"90":{"start":{"line":184,"column":20},"end":{"line":184,"column":72}},"91":{"start":{"line":185,"column":45},"end":{"line":185,"column":96}},"92":{"start":{"line":186,"column":20},"end":{"line":194,"column":23}},"93":{"start":{"line":187,"column":24},"end":{"line":187,"column":45}},"94":{"start":{"line":188,"column":24},"end":{"line":193,"column":25}},"95":{"start":{"line":189,"column":28},"end":{"line":189,"column":40}},"96":{"start":{"line":192,"column":28},"end":{"line":192,"column":41}},"97":{"start":{"line":202,"column":8},"end":{"line":221,"column":11}},"98":{"start":{"line":203,"column":12},"end":{"line":220,"column":15}},"99":{"start":{"line":204,"column":16},"end":{"line":219,"column":17}},"100":{"start":{"line":205,"column":20},"end":{"line":205,"column":83}},"101":{"start":{"line":206,"column":20},"end":{"line":206,"column":32}},"102":{"start":{"line":208,"column":20},"end":{"line":208,"column":72}},"103":{"start":{"line":209,"column":51},"end":{"line":209,"column":163}},"104":{"start":{"line":210,"column":20},"end":{"line":218,"column":23}},"105":{"start":{"line":211,"column":24},"end":{"line":211,"column":45}},"106":{"start":{"line":212,"column":24},"end":{"line":217,"column":25}},"107":{"start":{"line":213,"column":28},"end":{"line":213,"column":40}},"108":{"start":{"line":216,"column":28},"end":{"line":216,"column":41}},"109":{"start":{"line":227,"column":8},"end":{"line":246,"column":11}},"110":{"start":{"line":228,"column":12},"end":{"line":245,"column":15}},"111":{"start":{"line":229,"column":16},"end":{"line":244,"column":17}},"112":{"start":{"line":230,"column":20},"end":{"line":230,"column":83}},"113":{"start":{"line":231,"column":20},"end":{"line":231,"column":32}},"114":{"start":{"line":233,"column":20},"end":{"line":233,"column":72}},"115":{"start":{"line":234,"column":55},"end":{"line":234,"column":102}},"116":{"start":{"line":235,"column":20},"end":{"line":243,"column":23}},"117":{"start":{"line":236,"column":24},"end":{"line":236,"column":45}},"118":{"start":{"line":237,"column":24},"end":{"line":242,"column":25}},"119":{"start":{"line":238,"column":28},"end":{"line":238,"column":40}},"120":{"start":{"line":241,"column":28},"end":{"line":241,"column":41}},"121":{"start":{"line":251,"column":8},"end":{"line":270,"column":11}},"122":{"start":{"line":252,"column":12},"end":{"line":269,"column":15}},"123":{"start":{"line":253,"column":16},"end":{"line":268,"column":17}},"124":{"start":{"line":254,"column":20},"end":{"line":254,"column":83}},"125":{"start":{"line":255,"column":20},"end":{"line":255,"column":32}},"126":{"start":{"line":257,"column":20},"end":{"line":257,"column":72}},"127":{"start":{"line":258,"column":43},"end":{"line":258,"column":80}},"128":{"start":{"line":259,"column":20},"end":{"line":267,"column":23}},"129":{"start":{"line":260,"column":24},"end":{"line":260,"column":45}},"130":{"start":{"line":261,"column":24},"end":{"line":266,"column":25}},"131":{"start":{"line":262,"column":28},"end":{"line":262,"column":40}},"132":{"start":{"line":265,"column":28},"end":{"line":265,"column":41}},"133":{"start":{"line":275,"column":8},"end":{"line":294,"column":11}},"134":{"start":{"line":276,"column":12},"end":{"line":293,"column":15}},"135":{"start":{"line":277,"column":16},"end":{"line":292,"column":17}},"136":{"start":{"line":278,"column":20},"end":{"line":278,"column":83}},"137":{"start":{"line":279,"column":20},"end":{"line":279,"column":32}},"138":{"start":{"line":281,"column":20},"end":{"line":281,"column":72}},"139":{"start":{"line":282,"column":55},"end":{"line":282,"column":93}},"140":{"start":{"line":283,"column":20},"end":{"line":291,"column":23}},"141":{"start":{"line":284,"column":24},"end":{"line":284,"column":45}},"142":{"start":{"line":285,"column":24},"end":{"line":290,"column":25}},"143":{"start":{"line":286,"column":28},"end":{"line":286,"column":40}},"144":{"start":{"line":289,"column":28},"end":{"line":289,"column":41}},"145":{"start":{"line":299,"column":8},"end":{"line":318,"column":11}},"146":{"start":{"line":300,"column":12},"end":{"line":317,"column":15}},"147":{"start":{"line":301,"column":16},"end":{"line":316,"column":17}},"148":{"start":{"line":302,"column":20},"end":{"line":302,"column":83}},"149":{"start":{"line":303,"column":20},"end":{"line":303,"column":32}},"150":{"start":{"line":305,"column":20},"end":{"line":305,"column":72}},"151":{"start":{"line":306,"column":48},"end":{"line":306,"column":137}},"152":{"start":{"line":307,"column":20},"end":{"line":315,"column":23}},"153":{"start":{"line":308,"column":24},"end":{"line":308,"column":45}},"154":{"start":{"line":309,"column":24},"end":{"line":314,"column":25}},"155":{"start":{"line":310,"column":28},"end":{"line":310,"column":40}},"156":{"start":{"line":313,"column":28},"end":{"line":313,"column":41}},"157":{"start":{"line":323,"column":8},"end":{"line":342,"column":11}},"158":{"start":{"line":324,"column":12},"end":{"line":341,"column":15}},"159":{"start":{"line":325,"column":16},"end":{"line":340,"column":17}},"160":{"start":{"line":326,"column":20},"end":{"line":326,"column":83}},"161":{"start":{"line":327,"column":20},"end":{"line":327,"column":32}},"162":{"start":{"line":329,"column":20},"end":{"line":329,"column":72}},"163":{"start":{"line":330,"column":48},"end":{"line":330,"column":130}},"164":{"start":{"line":331,"column":20},"end":{"line":339,"column":23}},"165":{"start":{"line":332,"column":24},"end":{"line":332,"column":45}},"166":{"start":{"line":333,"column":24},"end":{"line":338,"column":25}},"167":{"start":{"line":334,"column":28},"end":{"line":334,"column":40}},"168":{"start":{"line":337,"column":28},"end":{"line":337,"column":41}},"169":{"start":{"line":348,"column":8},"end":{"line":367,"column":11}},"170":{"start":{"line":349,"column":12},"end":{"line":366,"column":15}},"171":{"start":{"line":350,"column":16},"end":{"line":365,"column":17}},"172":{"start":{"line":351,"column":20},"end":{"line":351,"column":83}},"173":{"start":{"line":352,"column":20},"end":{"line":352,"column":32}},"174":{"start":{"line":354,"column":20},"end":{"line":354,"column":72}},"175":{"start":{"line":355,"column":55},"end":{"line":355,"column":105}},"176":{"start":{"line":356,"column":20},"end":{"line":364,"column":23}},"177":{"start":{"line":357,"column":24},"end":{"line":357,"column":45}},"178":{"start":{"line":358,"column":24},"end":{"line":363,"column":25}},"179":{"start":{"line":359,"column":28},"end":{"line":359,"column":40}},"180":{"start":{"line":362,"column":28},"end":{"line":362,"column":41}},"181":{"start":{"line":372,"column":8},"end":{"line":391,"column":11}},"182":{"start":{"line":373,"column":12},"end":{"line":390,"column":15}},"183":{"start":{"line":374,"column":16},"end":{"line":389,"column":17}},"184":{"start":{"line":375,"column":20},"end":{"line":375,"column":83}},"185":{"start":{"line":376,"column":20},"end":{"line":376,"column":32}},"186":{"start":{"line":378,"column":20},"end":{"line":378,"column":72}},"187":{"start":{"line":379,"column":55},"end":{"line":379,"column":103}},"188":{"start":{"line":380,"column":20},"end":{"line":388,"column":23}},"189":{"start":{"line":381,"column":24},"end":{"line":381,"column":45}},"190":{"start":{"line":382,"column":24},"end":{"line":387,"column":25}},"191":{"start":{"line":383,"column":28},"end":{"line":383,"column":40}},"192":{"start":{"line":386,"column":28},"end":{"line":386,"column":41}},"193":{"start":{"line":396,"column":8},"end":{"line":415,"column":11}},"194":{"start":{"line":397,"column":12},"end":{"line":414,"column":15}},"195":{"start":{"line":398,"column":16},"end":{"line":413,"column":17}},"196":{"start":{"line":399,"column":20},"end":{"line":399,"column":83}},"197":{"start":{"line":400,"column":20},"end":{"line":400,"column":32}},"198":{"start":{"line":402,"column":20},"end":{"line":402,"column":72}},"199":{"start":{"line":403,"column":54},"end":{"line":403,"column":100}},"200":{"start":{"line":404,"column":20},"end":{"line":412,"column":23}},"201":{"start":{"line":405,"column":24},"end":{"line":405,"column":45}},"202":{"start":{"line":406,"column":24},"end":{"line":411,"column":25}},"203":{"start":{"line":407,"column":28},"end":{"line":407,"column":40}},"204":{"start":{"line":410,"column":28},"end":{"line":410,"column":41}},"205":{"start":{"line":420,"column":8},"end":{"line":439,"column":11}},"206":{"start":{"line":421,"column":12},"end":{"line":438,"column":15}},"207":{"start":{"line":422,"column":16},"end":{"line":437,"column":17}},"208":{"start":{"line":423,"column":20},"end":{"line":423,"column":83}},"209":{"start":{"line":424,"column":20},"end":{"line":424,"column":32}},"210":{"start":{"line":426,"column":20},"end":{"line":426,"column":72}},"211":{"start":{"line":427,"column":52},"end":{"line":427,"column":152}},"212":{"start":{"line":428,"column":20},"end":{"line":436,"column":23}},"213":{"start":{"line":429,"column":24},"end":{"line":429,"column":45}},"214":{"start":{"line":430,"column":24},"end":{"line":435,"column":25}},"215":{"start":{"line":431,"column":28},"end":{"line":431,"column":40}},"216":{"start":{"line":434,"column":28},"end":{"line":434,"column":41}},"217":{"start":{"line":444,"column":0},"end":{"line":444,"column":29}}},"fnMap":{"0":{"name":"(anonymous_0)","decl":{"start":{"line":4,"column":4},"end":{"line":4,"column":5}},"loc":{"start":{"line":4,"column":21},"end":{"line":6,"column":5}},"line":4},"1":{"name":"(anonymous_1)","decl":{"start":{"line":8,"column":4},"end":{"line":8,"column":5}},"loc":{"start":{"line":8,"column":108},"end":{"line":30,"column":5}},"line":8},"2":{"name":"(anonymous_2)","decl":{"start":{"line":10,"column":27},"end":{"line":10,"column":28}},"loc":{"start":{"line":10,"column":48},"end":{"line":29,"column":9}},"line":10},"3":{"name":"(anonymous_3)","decl":{"start":{"line":11,"column":36},"end":{"line":11,"column":37}},"loc":{"start":{"line":11,"column":57},"end":{"line":28,"column":13}},"line":11},"4":{"name":"(anonymous_4)","decl":{"start":{"line":18,"column":149},"end":{"line":18,"column":150}},"loc":{"start":{"line":18,"column":163},"end":{"line":26,"column":21}},"line":18},"5":{"name":"(anonymous_5)","decl":{"start":{"line":32,"column":4},"end":{"line":32,"column":5}},"loc":{"start":{"line":32,"column":31},"end":{"line":54,"column":5}},"line":32},"6":{"name":"(anonymous_6)","decl":{"start":{"line":34,"column":27},"end":{"line":34,"column":28}},"loc":{"start":{"line":34,"column":48},"end":{"line":53,"column":9}},"line":34},"7":{"name":"(anonymous_7)","decl":{"start":{"line":35,"column":36},"end":{"line":35,"column":37}},"loc":{"start":{"line":35,"column":57},"end":{"line":52,"column":13}},"line":35},"8":{"name":"(anonymous_8)","decl":{"start":{"line":42,"column":72},"end":{"line":42,"column":73}},"loc":{"start":{"line":42,"column":86},"end":{"line":50,"column":21}},"line":42},"9":{"name":"(anonymous_9)","decl":{"start":{"line":56,"column":4},"end":{"line":56,"column":5}},"loc":{"start":{"line":56,"column":32},"end":{"line":78,"column":5}},"line":56},"10":{"name":"(anonymous_10)","decl":{"start":{"line":58,"column":27},"end":{"line":58,"column":28}},"loc":{"start":{"line":58,"column":48},"end":{"line":77,"column":9}},"line":58},"11":{"name":"(anonymous_11)","decl":{"start":{"line":59,"column":36},"end":{"line":59,"column":37}},"loc":{"start":{"line":59,"column":57},"end":{"line":76,"column":13}},"line":59},"12":{"name":"(anonymous_12)","decl":{"start":{"line":66,"column":73},"end":{"line":66,"column":74}},"loc":{"start":{"line":66,"column":87},"end":{"line":74,"column":21}},"line":66},"13":{"name":"(anonymous_13)","decl":{"start":{"line":80,"column":4},"end":{"line":80,"column":5}},"loc":{"start":{"line":80,"column":24},"end":{"line":102,"column":5}},"line":80},"14":{"name":"(anonymous_14)","decl":{"start":{"line":82,"column":27},"end":{"line":82,"column":28}},"loc":{"start":{"line":82,"column":48},"end":{"line":101,"column":9}},"line":82},"15":{"name":"(anonymous_15)","decl":{"start":{"line":83,"column":36},"end":{"line":83,"column":37}},"loc":{"start":{"line":83,"column":57},"end":{"line":100,"column":13}},"line":83},"16":{"name":"(anonymous_16)","decl":{"start":{"line":90,"column":65},"end":{"line":90,"column":66}},"loc":{"start":{"line":90,"column":79},"end":{"line":98,"column":21}},"line":90},"17":{"name":"(anonymous_17)","decl":{"start":{"line":104,"column":4},"end":{"line":104,"column":5}},"loc":{"start":{"line":104,"column":23},"end":{"line":126,"column":5}},"line":104},"18":{"name":"(anonymous_18)","decl":{"start":{"line":106,"column":27},"end":{"line":106,"column":28}},"loc":{"start":{"line":106,"column":48},"end":{"line":125,"column":9}},"line":106},"19":{"name":"(anonymous_19)","decl":{"start":{"line":107,"column":36},"end":{"line":107,"column":37}},"loc":{"start":{"line":107,"column":57},"end":{"line":124,"column":13}},"line":107},"20":{"name":"(anonymous_20)","decl":{"start":{"line":114,"column":64},"end":{"line":114,"column":65}},"loc":{"start":{"line":114,"column":78},"end":{"line":122,"column":21}},"line":114},"21":{"name":"(anonymous_21)","decl":{"start":{"line":128,"column":4},"end":{"line":128,"column":5}},"loc":{"start":{"line":128,"column":32},"end":{"line":150,"column":5}},"line":128},"22":{"name":"(anonymous_22)","decl":{"start":{"line":130,"column":27},"end":{"line":130,"column":28}},"loc":{"start":{"line":130,"column":48},"end":{"line":149,"column":9}},"line":130},"23":{"name":"(anonymous_23)","decl":{"start":{"line":131,"column":36},"end":{"line":131,"column":37}},"loc":{"start":{"line":131,"column":57},"end":{"line":148,"column":13}},"line":131},"24":{"name":"(anonymous_24)","decl":{"start":{"line":138,"column":73},"end":{"line":138,"column":74}},"loc":{"start":{"line":138,"column":87},"end":{"line":146,"column":21}},"line":138},"25":{"name":"(anonymous_25)","decl":{"start":{"line":152,"column":4},"end":{"line":152,"column":5}},"loc":{"start":{"line":152,"column":90},"end":{"line":174,"column":5}},"line":152},"26":{"name":"(anonymous_26)","decl":{"start":{"line":154,"column":27},"end":{"line":154,"column":28}},"loc":{"start":{"line":154,"column":48},"end":{"line":173,"column":9}},"line":154},"27":{"name":"(anonymous_27)","decl":{"start":{"line":155,"column":36},"end":{"line":155,"column":37}},"loc":{"start":{"line":155,"column":57},"end":{"line":172,"column":13}},"line":155},"28":{"name":"(anonymous_28)","decl":{"start":{"line":162,"column":132},"end":{"line":162,"column":133}},"loc":{"start":{"line":162,"column":146},"end":{"line":170,"column":21}},"line":162},"29":{"name":"(anonymous_29)","decl":{"start":{"line":176,"column":4},"end":{"line":176,"column":5}},"loc":{"start":{"line":176,"column":34},"end":{"line":198,"column":5}},"line":176},"30":{"name":"(anonymous_30)","decl":{"start":{"line":178,"column":27},"end":{"line":178,"column":28}},"loc":{"start":{"line":178,"column":48},"end":{"line":197,"column":9}},"line":178},"31":{"name":"(anonymous_31)","decl":{"start":{"line":179,"column":36},"end":{"line":179,"column":37}},"loc":{"start":{"line":179,"column":57},"end":{"line":196,"column":13}},"line":179},"32":{"name":"(anonymous_32)","decl":{"start":{"line":186,"column":75},"end":{"line":186,"column":76}},"loc":{"start":{"line":186,"column":89},"end":{"line":194,"column":21}},"line":186},"33":{"name":"(anonymous_33)","decl":{"start":{"line":200,"column":4},"end":{"line":200,"column":5}},"loc":{"start":{"line":200,"column":37},"end":{"line":222,"column":5}},"line":200},"34":{"name":"(anonymous_34)","decl":{"start":{"line":202,"column":27},"end":{"line":202,"column":28}},"loc":{"start":{"line":202,"column":48},"end":{"line":221,"column":9}},"line":202},"35":{"name":"(anonymous_35)","decl":{"start":{"line":203,"column":36},"end":{"line":203,"column":37}},"loc":{"start":{"line":203,"column":57},"end":{"line":220,"column":13}},"line":203},"36":{"name":"(anonymous_36)","decl":{"start":{"line":210,"column":78},"end":{"line":210,"column":79}},"loc":{"start":{"line":210,"column":92},"end":{"line":218,"column":21}},"line":210},"37":{"name":"(anonymous_37)","decl":{"start":{"line":225,"column":4},"end":{"line":225,"column":5}},"loc":{"start":{"line":225,"column":42},"end":{"line":247,"column":5}},"line":225},"38":{"name":"(anonymous_38)","decl":{"start":{"line":227,"column":27},"end":{"line":227,"column":28}},"loc":{"start":{"line":227,"column":48},"end":{"line":246,"column":9}},"line":227},"39":{"name":"(anonymous_39)","decl":{"start":{"line":228,"column":36},"end":{"line":228,"column":37}},"loc":{"start":{"line":228,"column":57},"end":{"line":245,"column":13}},"line":228},"40":{"name":"(anonymous_40)","decl":{"start":{"line":235,"column":82},"end":{"line":235,"column":83}},"loc":{"start":{"line":235,"column":96},"end":{"line":243,"column":21}},"line":235},"41":{"name":"(anonymous_41)","decl":{"start":{"line":249,"column":4},"end":{"line":249,"column":5}},"loc":{"start":{"line":249,"column":21},"end":{"line":271,"column":5}},"line":249},"42":{"name":"(anonymous_42)","decl":{"start":{"line":251,"column":27},"end":{"line":251,"column":28}},"loc":{"start":{"line":251,"column":48},"end":{"line":270,"column":9}},"line":251},"43":{"name":"(anonymous_43)","decl":{"start":{"line":252,"column":36},"end":{"line":252,"column":37}},"loc":{"start":{"line":252,"column":57},"end":{"line":269,"column":13}},"line":252},"44":{"name":"(anonymous_44)","decl":{"start":{"line":259,"column":62},"end":{"line":259,"column":63}},"loc":{"start":{"line":259,"column":76},"end":{"line":267,"column":21}},"line":259},"45":{"name":"(anonymous_45)","decl":{"start":{"line":273,"column":4},"end":{"line":273,"column":5}},"loc":{"start":{"line":273,"column":33},"end":{"line":295,"column":5}},"line":273},"46":{"name":"(anonymous_46)","decl":{"start":{"line":275,"column":27},"end":{"line":275,"column":28}},"loc":{"start":{"line":275,"column":48},"end":{"line":294,"column":9}},"line":275},"47":{"name":"(anonymous_47)","decl":{"start":{"line":276,"column":36},"end":{"line":276,"column":37}},"loc":{"start":{"line":276,"column":57},"end":{"line":293,"column":13}},"line":276},"48":{"name":"(anonymous_48)","decl":{"start":{"line":283,"column":74},"end":{"line":283,"column":75}},"loc":{"start":{"line":283,"column":88},"end":{"line":291,"column":21}},"line":283},"49":{"name":"(anonymous_49)","decl":{"start":{"line":297,"column":4},"end":{"line":297,"column":5}},"loc":{"start":{"line":297,"column":66},"end":{"line":319,"column":5}},"line":297},"50":{"name":"(anonymous_50)","decl":{"start":{"line":299,"column":27},"end":{"line":299,"column":28}},"loc":{"start":{"line":299,"column":48},"end":{"line":318,"column":9}},"line":299},"51":{"name":"(anonymous_51)","decl":{"start":{"line":300,"column":36},"end":{"line":300,"column":37}},"loc":{"start":{"line":300,"column":57},"end":{"line":317,"column":13}},"line":300},"52":{"name":"(anonymous_52)","decl":{"start":{"line":307,"column":107},"end":{"line":307,"column":108}},"loc":{"start":{"line":307,"column":121},"end":{"line":315,"column":21}},"line":307},"53":{"name":"(anonymous_53)","decl":{"start":{"line":321,"column":4},"end":{"line":321,"column":5}},"loc":{"start":{"line":321,"column":59},"end":{"line":343,"column":5}},"line":321},"54":{"name":"(anonymous_54)","decl":{"start":{"line":323,"column":27},"end":{"line":323,"column":28}},"loc":{"start":{"line":323,"column":48},"end":{"line":342,"column":9}},"line":323},"55":{"name":"(anonymous_55)","decl":{"start":{"line":324,"column":36},"end":{"line":324,"column":37}},"loc":{"start":{"line":324,"column":57},"end":{"line":341,"column":13}},"line":324},"56":{"name":"(anonymous_56)","decl":{"start":{"line":331,"column":101},"end":{"line":331,"column":102}},"loc":{"start":{"line":331,"column":115},"end":{"line":339,"column":21}},"line":331},"57":{"name":"(anonymous_57)","decl":{"start":{"line":346,"column":4},"end":{"line":346,"column":5}},"loc":{"start":{"line":346,"column":41},"end":{"line":368,"column":5}},"line":346},"58":{"name":"(anonymous_58)","decl":{"start":{"line":348,"column":27},"end":{"line":348,"column":28}},"loc":{"start":{"line":348,"column":48},"end":{"line":367,"column":9}},"line":348},"59":{"name":"(anonymous_59)","decl":{"start":{"line":349,"column":36},"end":{"line":349,"column":37}},"loc":{"start":{"line":349,"column":57},"end":{"line":366,"column":13}},"line":349},"60":{"name":"(anonymous_60)","decl":{"start":{"line":356,"column":82},"end":{"line":356,"column":83}},"loc":{"start":{"line":356,"column":96},"end":{"line":364,"column":21}},"line":356},"61":{"name":"(anonymous_61)","decl":{"start":{"line":370,"column":4},"end":{"line":370,"column":5}},"loc":{"start":{"line":370,"column":41},"end":{"line":392,"column":5}},"line":370},"62":{"name":"(anonymous_62)","decl":{"start":{"line":372,"column":27},"end":{"line":372,"column":28}},"loc":{"start":{"line":372,"column":48},"end":{"line":391,"column":9}},"line":372},"63":{"name":"(anonymous_63)","decl":{"start":{"line":373,"column":36},"end":{"line":373,"column":37}},"loc":{"start":{"line":373,"column":57},"end":{"line":390,"column":13}},"line":373},"64":{"name":"(anonymous_64)","decl":{"start":{"line":380,"column":82},"end":{"line":380,"column":83}},"loc":{"start":{"line":380,"column":96},"end":{"line":388,"column":21}},"line":380},"65":{"name":"(anonymous_65)","decl":{"start":{"line":394,"column":4},"end":{"line":394,"column":5}},"loc":{"start":{"line":394,"column":40},"end":{"line":416,"column":5}},"line":394},"66":{"name":"(anonymous_66)","decl":{"start":{"line":396,"column":27},"end":{"line":396,"column":28}},"loc":{"start":{"line":396,"column":48},"end":{"line":415,"column":9}},"line":396},"67":{"name":"(anonymous_67)","decl":{"start":{"line":397,"column":36},"end":{"line":397,"column":37}},"loc":{"start":{"line":397,"column":57},"end":{"line":414,"column":13}},"line":397},"68":{"name":"(anonymous_68)","decl":{"start":{"line":404,"column":81},"end":{"line":404,"column":82}},"loc":{"start":{"line":404,"column":95},"end":{"line":412,"column":21}},"line":404},"69":{"name":"(anonymous_69)","decl":{"start":{"line":418,"column":4},"end":{"line":418,"column":5}},"loc":{"start":{"line":418,"column":73},"end":{"line":440,"column":5}},"line":418},"70":{"name":"(anonymous_70)","decl":{"start":{"line":420,"column":27},"end":{"line":420,"column":28}},"loc":{"start":{"line":420,"column":48},"end":{"line":439,"column":9}},"line":420},"71":{"name":"(anonymous_71)","decl":{"start":{"line":421,"column":36},"end":{"line":421,"column":37}},"loc":{"start":{"line":421,"column":57},"end":{"line":438,"column":13}},"line":421},"72":{"name":"(anonymous_72)","decl":{"start":{"line":428,"column":114},"end":{"line":428,"column":115}},"loc":{"start":{"line":428,"column":128},"end":{"line":436,"column":21}},"line":428}},"branchMap":{"0":{"loc":{"start":{"line":12,"column":16},"end":{"line":27,"column":17}},"type":"if","locations":[{"start":{"line":12,"column":16},"end":{"line":27,"column":17}},{"start":{"line":15,"column":21},"end":{"line":27,"column":17}}],"line":12},"1":{"loc":{"start":{"line":20,"column":24},"end":{"line":25,"column":25}},"type":"if","locations":[{"start":{"line":20,"column":24},"end":{"line":25,"column":25}},{"start":{"line":23,"column":28},"end":{"line":25,"column":25}}],"line":20},"2":{"loc":{"start":{"line":36,"column":16},"end":{"line":51,"column":17}},"type":"if","locations":[{"start":{"line":36,"column":16},"end":{"line":51,"column":17}},{"start":{"line":39,"column":21},"end":{"line":51,"column":17}}],"line":36},"3":{"loc":{"start":{"line":44,"column":24},"end":{"line":49,"column":25}},"type":"if","locations":[{"start":{"line":44,"column":24},"end":{"line":49,"column":25}},{"start":{"line":47,"column":28},"end":{"line":49,"column":25}}],"line":44},"4":{"loc":{"start":{"line":60,"column":16},"end":{"line":75,"column":17}},"type":"if","locations":[{"start":{"line":60,"column":16},"end":{"line":75,"column":17}},{"start":{"line":63,"column":21},"end":{"line":75,"column":17}}],"line":60},"5":{"loc":{"start":{"line":68,"column":24},"end":{"line":73,"column":25}},"type":"if","locations":[{"start":{"line":68,"column":24},"end":{"line":73,"column":25}},{"start":{"line":71,"column":28},"end":{"line":73,"column":25}}],"line":68},"6":{"loc":{"start":{"line":84,"column":16},"end":{"line":99,"column":17}},"type":"if","locations":[{"start":{"line":84,"column":16},"end":{"line":99,"column":17}},{"start":{"line":87,"column":21},"end":{"line":99,"column":17}}],"line":84},"7":{"loc":{"start":{"line":92,"column":24},"end":{"line":97,"column":25}},"type":"if","locations":[{"start":{"line":92,"column":24},"end":{"line":97,"column":25}},{"start":{"line":95,"column":28},"end":{"line":97,"column":25}}],"line":92},"8":{"loc":{"start":{"line":108,"column":16},"end":{"line":123,"column":17}},"type":"if","locations":[{"start":{"line":108,"column":16},"end":{"line":123,"column":17}},{"start":{"line":111,"column":21},"end":{"line":123,"column":17}}],"line":108},"9":{"loc":{"start":{"line":116,"column":24},"end":{"line":121,"column":25}},"type":"if","locations":[{"start":{"line":116,"column":24},"end":{"line":121,"column":25}},{"start":{"line":119,"column":28},"end":{"line":121,"column":25}}],"line":116},"10":{"loc":{"start":{"line":132,"column":16},"end":{"line":147,"column":17}},"type":"if","locations":[{"start":{"line":132,"column":16},"end":{"line":147,"column":17}},{"start":{"line":135,"column":21},"end":{"line":147,"column":17}}],"line":132},"11":{"loc":{"start":{"line":140,"column":24},"end":{"line":145,"column":25}},"type":"if","locations":[{"start":{"line":140,"column":24},"end":{"line":145,"column":25}},{"start":{"line":143,"column":28},"end":{"line":145,"column":25}}],"line":140},"12":{"loc":{"start":{"line":156,"column":16},"end":{"line":171,"column":17}},"type":"if","locations":[{"start":{"line":156,"column":16},"end":{"line":171,"column":17}},{"start":{"line":159,"column":21},"end":{"line":171,"column":17}}],"line":156},"13":{"loc":{"start":{"line":164,"column":24},"end":{"line":169,"column":25}},"type":"if","locations":[{"start":{"line":164,"column":24},"end":{"line":169,"column":25}},{"start":{"line":167,"column":28},"end":{"line":169,"column":25}}],"line":164},"14":{"loc":{"start":{"line":180,"column":16},"end":{"line":195,"column":17}},"type":"if","locations":[{"start":{"line":180,"column":16},"end":{"line":195,"column":17}},{"start":{"line":183,"column":21},"end":{"line":195,"column":17}}],"line":180},"15":{"loc":{"start":{"line":188,"column":24},"end":{"line":193,"column":25}},"type":"if","locations":[{"start":{"line":188,"column":24},"end":{"line":193,"column":25}},{"start":{"line":191,"column":28},"end":{"line":193,"column":25}}],"line":188},"16":{"loc":{"start":{"line":204,"column":16},"end":{"line":219,"column":17}},"type":"if","locations":[{"start":{"line":204,"column":16},"end":{"line":219,"column":17}},{"start":{"line":207,"column":21},"end":{"line":219,"column":17}}],"line":204},"17":{"loc":{"start":{"line":212,"column":24},"end":{"line":217,"column":25}},"type":"if","locations":[{"start":{"line":212,"column":24},"end":{"line":217,"column":25}},{"start":{"line":215,"column":28},"end":{"line":217,"column":25}}],"line":212},"18":{"loc":{"start":{"line":229,"column":16},"end":{"line":244,"column":17}},"type":"if","locations":[{"start":{"line":229,"column":16},"end":{"line":244,"column":17}},{"start":{"line":232,"column":21},"end":{"line":244,"column":17}}],"line":229},"19":{"loc":{"start":{"line":237,"column":24},"end":{"line":242,"column":25}},"type":"if","locations":[{"start":{"line":237,"column":24},"end":{"line":242,"column":25}},{"start":{"line":240,"column":28},"end":{"line":242,"column":25}}],"line":237},"20":{"loc":{"start":{"line":253,"column":16},"end":{"line":268,"column":17}},"type":"if","locations":[{"start":{"line":253,"column":16},"end":{"line":268,"column":17}},{"start":{"line":256,"column":21},"end":{"line":268,"column":17}}],"line":253},"21":{"loc":{"start":{"line":261,"column":24},"end":{"line":266,"column":25}},"type":"if","locations":[{"start":{"line":261,"column":24},"end":{"line":266,"column":25}},{"start":{"line":264,"column":28},"end":{"line":266,"column":25}}],"line":261},"22":{"loc":{"start":{"line":277,"column":16},"end":{"line":292,"column":17}},"type":"if","locations":[{"start":{"line":277,"column":16},"end":{"line":292,"column":17}},{"start":{"line":280,"column":21},"end":{"line":292,"column":17}}],"line":277},"23":{"loc":{"start":{"line":285,"column":24},"end":{"line":290,"column":25}},"type":"if","locations":[{"start":{"line":285,"column":24},"end":{"line":290,"column":25}},{"start":{"line":288,"column":28},"end":{"line":290,"column":25}}],"line":285},"24":{"loc":{"start":{"line":301,"column":16},"end":{"line":316,"column":17}},"type":"if","locations":[{"start":{"line":301,"column":16},"end":{"line":316,"column":17}},{"start":{"line":304,"column":21},"end":{"line":316,"column":17}}],"line":301},"25":{"loc":{"start":{"line":309,"column":24},"end":{"line":314,"column":25}},"type":"if","locations":[{"start":{"line":309,"column":24},"end":{"line":314,"column":25}},{"start":{"line":312,"column":28},"end":{"line":314,"column":25}}],"line":309},"26":{"loc":{"start":{"line":325,"column":16},"end":{"line":340,"column":17}},"type":"if","locations":[{"start":{"line":325,"column":16},"end":{"line":340,"column":17}},{"start":{"line":328,"column":21},"end":{"line":340,"column":17}}],"line":325},"27":{"loc":{"start":{"line":333,"column":24},"end":{"line":338,"column":25}},"type":"if","locations":[{"start":{"line":333,"column":24},"end":{"line":338,"column":25}},{"start":{"line":336,"column":28},"end":{"line":338,"column":25}}],"line":333},"28":{"loc":{"start":{"line":350,"column":16},"end":{"line":365,"column":17}},"type":"if","locations":[{"start":{"line":350,"column":16},"end":{"line":365,"column":17}},{"start":{"line":353,"column":21},"end":{"line":365,"column":17}}],"line":350},"29":{"loc":{"start":{"line":358,"column":24},"end":{"line":363,"column":25}},"type":"if","locations":[{"start":{"line":358,"column":24},"end":{"line":363,"column":25}},{"start":{"line":361,"column":28},"end":{"line":363,"column":25}}],"line":358},"30":{"loc":{"start":{"line":374,"column":16},"end":{"line":389,"column":17}},"type":"if","locations":[{"start":{"line":374,"column":16},"end":{"line":389,"column":17}},{"start":{"line":377,"column":21},"end":{"line":389,"column":17}}],"line":374},"31":{"loc":{"start":{"line":382,"column":24},"end":{"line":387,"column":25}},"type":"if","locations":[{"start":{"line":382,"column":24},"end":{"line":387,"column":25}},{"start":{"line":385,"column":28},"end":{"line":387,"column":25}}],"line":382},"32":{"loc":{"start":{"line":398,"column":16},"end":{"line":413,"column":17}},"type":"if","locations":[{"start":{"line":398,"column":16},"end":{"line":413,"column":17}},{"start":{"line":401,"column":21},"end":{"line":413,"column":17}}],"line":398},"33":{"loc":{"start":{"line":406,"column":24},"end":{"line":411,"column":25}},"type":"if","locations":[{"start":{"line":406,"column":24},"end":{"line":411,"column":25}},{"start":{"line":409,"column":28},"end":{"line":411,"column":25}}],"line":406},"34":{"loc":{"start":{"line":422,"column":16},"end":{"line":437,"column":17}},"type":"if","locations":[{"start":{"line":422,"column":16},"end":{"line":437,"column":17}},{"start":{"line":425,"column":21},"end":{"line":437,"column":17}}],"line":422},"35":{"loc":{"start":{"line":430,"column":24},"end":{"line":435,"column":25}},"type":"if","locations":[{"start":{"line":430,"column":24},"end":{"line":435,"column":25}},{"start":{"line":433,"column":28},"end":{"line":435,"column":25}}],"line":430}},"s":{"0":1,"1":0,"2":0,"3":0,"4":0,"5":0,"6":0,"7":0,"8":0,"9":0,"10":0,"11":0,"12":0,"13":0,"14":0,"15":0,"16":0,"17":0,"18":0,"19":0,"20":0,"21":0,"22":0,"23":0,"24":0,"25":0,"26":0,"27":0,"28":0,"29":0,"30":0,"31":0,"32":0,"33":0,"34":0,"35":0,"36":0,"37":0,"38":0,"39":0,"40":0,"41":0,"42":0,"43":0,"44":0,"45":0,"46":0,"47":0,"48":0,"49":0,"50":0,"51":0,"52":0,"53":0,"54":0,"55":0,"56":0,"57":0,"58":0,"59":0,"60":0,"61":0,"62":0,"63":0,"64":0,"65":0,"66":0,"67":0,"68":0,"69":0,"70":0,"71":0,"72":0,"73":0,"74":0,"75":0,"76":0,"77":0,"78":0,"79":0,"80":0,"81":0,"82":0,"83":0,"84":0,"85":0,"86":0,"87":0,"88":0,"89":0,"90":0,"91":0,"92":0,"93":0,"94":0,"95":0,"96":0,"97":0,"98":0,"99":0,"100":0,"101":0,"102":0,"103":0,"104":0,"105":0,"106":0,"107":0,"108":0,"109":0,"110":0,"111":0,"112":0,"113":0,"114":0,"115":0,"116":0,"117":0,"118":0,"119":0,"120":0,"121":0,"122":0,"123":0,"124":0,"125":0,"126":0,"127":0,"128":0,"129":0,"130":0,"131":0,"132":0,"133":0,"134":0,"135":0,"136":0,"137":0,"138":0,"139":0,"140":0,"141":0,"142":0,"143":0,"144":0,"145":0,"146":0,"147":0,"148":0,"149":0,"150":0,"151":0,"152":0,"153":0,"154":0,"155":0,"156":0,"157":0,"158":0,"159":0,"160":0,"161":0,"162":0,"163":0,"164":0,"165":0,"166":0,"167":0,"168":0,"169":0,"170":0,"171":0,"172":0,"173":0,"174":0,"175":0,"176":0,"177":0,"178":0,"179":0,"180":0,"181":0,"182":0,"183":0,"184":0,"185":0,"186":0,"187":0,"188":0,"189":0,"190":0,"191":0,"192":0,"193":0,"194":0,"195":0,"196":0,"197":0,"198":0,"199":0,"200":0,"201":0,"202":0,"203":0,"204":0,"205":0,"206":0,"207":0,"208":0,"209":0,"210":0,"211":0,"212":0,"213":0,"214":0,"215":0,"216":0,"217":1},"f":{"0":1,"1":0,"2":0,"3":0,"4":0,"5":0,"6":0,"7":0,"8":0,"9":0,"10":0,"11":0,"12":0,"13":0,"14":0,"15":0,"16":0,"17":0,"18":0,"19":0,"20":0,"21":0,"22":0,"23":0,"24":0,"25":0,"26":0,"27":0,"28":0,"29":0,"30":0,"31":0,"32":0,"33":0,"34":0,"35":0,"36":0,"37":0,"38":0,"39":0,"40":0,"41":0,"42":0,"43":0,"44":0,"45":0,"46":0,"47":0,"48":0,"49":0,"50":0,"51":0,"52":0,"53":0,"54":0,"55":0,"56":0,"57":0,"58":0,"59":0,"60":0,"61":0,"62":0,"63":0,"64":0,"65":0,"66":0,"67":0,"68":0,"69":0,"70":0,"71":0,"72":0},"b":{"0":[0,0],"1":[0,0],"2":[0,0],"3":[0,0],"4":[0,0],"5":[0,0],"6":[0,0],"7":[0,0],"8":[0,0],"9":[0,0],"10":[0,0],"11":[0,0],"12":[0,0],"13":[0,0],"14":[0,0],"15":[0,0],"16":[0,0],"17":[0,0],"18":[0,0],"19":[0,0],"20":[0,0],"21":[0,0],"22":[0,0],"23":[0,0],"24":[0,0],"25":[0,0],"26":[0,0],"27":[0,0],"28":[0,0],"29":[0,0],"30":[0,0],"31":[0,0],"32":[0,0],"33":[0,0],"34":[0,0],"35":[0,0]},"_coverageSchema":"1a1c01bbd47fc00a2c39e90264f33305004495a9","hash":"e77e76f535dbb1b1669c7884f83e83080b1bd67c"}
,"C:\\Users\\penap\\Documents\\TFG\\TFGv2\\MedAlerta\\DAOTests.js": {"path":"C:\\Users\\penap\\Documents\\TFG\\TFGv2\\MedAlerta\\DAOTests.js","statementMap":{"0":{"start":{"line":5,"column":8},"end":{"line":5,"column":25}},"1":{"start":{"line":9,"column":8},"end":{"line":25,"column":11}},"2":{"start":{"line":10,"column":12},"end":{"line":24,"column":15}},"3":{"start":{"line":11,"column":16},"end":{"line":14,"column":82}},"4":{"start":{"line":12,"column":20},"end":{"line":12,"column":32}},"5":{"start":{"line":14,"column":45},"end":{"line":14,"column":81}},"6":{"start":{"line":15,"column":20},"end":{"line":23,"column":23}},"7":{"start":{"line":16,"column":24},"end":{"line":16,"column":45}},"8":{"start":{"line":17,"column":24},"end":{"line":22,"column":25}},"9":{"start":{"line":18,"column":28},"end":{"line":18,"column":40}},"10":{"start":{"line":21,"column":28},"end":{"line":21,"column":41}},"11":{"start":{"line":29,"column":0},"end":{"line":29,"column":25}}},"fnMap":{"0":{"name":"(anonymous_0)","decl":{"start":{"line":4,"column":4},"end":{"line":4,"column":5}},"loc":{"start":{"line":4,"column":21},"end":{"line":6,"column":5}},"line":4},"1":{"name":"(anonymous_1)","decl":{"start":{"line":8,"column":4},"end":{"line":8,"column":5}},"loc":{"start":{"line":8,"column":29},"end":{"line":26,"column":5}},"line":8},"2":{"name":"(anonymous_2)","decl":{"start":{"line":9,"column":27},"end":{"line":9,"column":28}},"loc":{"start":{"line":9,"column":48},"end":{"line":25,"column":9}},"line":9},"3":{"name":"(anonymous_3)","decl":{"start":{"line":10,"column":36},"end":{"line":10,"column":37}},"loc":{"start":{"line":10,"column":57},"end":{"line":24,"column":13}},"line":10},"4":{"name":"(anonymous_4)","decl":{"start":{"line":15,"column":70},"end":{"line":15,"column":71}},"loc":{"start":{"line":15,"column":84},"end":{"line":23,"column":21}},"line":15}},"branchMap":{"0":{"loc":{"start":{"line":11,"column":16},"end":{"line":14,"column":82}},"type":"if","locations":[{"start":{"line":11,"column":16},"end":{"line":14,"column":82}},{"start":{"line":14,"column":20},"end":{"line":14,"column":82}}],"line":11},"1":{"loc":{"start":{"line":17,"column":24},"end":{"line":22,"column":25}},"type":"if","locations":[{"start":{"line":17,"column":24},"end":{"line":22,"column":25}},{"start":{"line":20,"column":28},"end":{"line":22,"column":25}}],"line":17}},"s":{"0":1,"1":0,"2":0,"3":0,"4":0,"5":0,"6":0,"7":0,"8":0,"9":0,"10":0,"11":1},"f":{"0":1,"1":0,"2":0,"3":0,"4":0},"b":{"0":[0,0],"1":[0,0]},"_coverageSchema":"1a1c01bbd47fc00a2c39e90264f33305004495a9","hash":"192c27231b85e1e91403aca2cedad90f308cc20f"}
[...]
"line":46},"4":{"name":"(anonymous_4)","decl":{"start":{"line":59,"column":29},"end":{"line":59,"column":30}},"loc":{"start":{"line":59,"column":58},"end":{"line":70,"column":1}},"line":59},"5":{"name":"(anonymous_5)","decl":{"start":{"line":72,"column":29},"end":{"line":72,"column":30}},"loc":{"start":{"line":72,"column":60},"end":{"line":163,"column":1}},"line":72},"6":{"name":"(anonymous_6)","decl":{"start":{"line":165,"column":38},"end":{"line":165,"column":39}},"loc":{"start":{"line":165,"column":69},"end":{"line":180,"column":1}},"line":165},"7":{"name":"(anonymous_7)","decl":{"start":{"line":182,"column":32},"end":{"line":182,"column":33}},"loc":{"start":{"line":182,"column":57},"end":{"line":188,"column":1}},"line":182},"8":{"name":"(anonymous_8)","decl":{"start":{"line":192,"column":38},"end":{"line":192,"column":39}},"loc":{"start":{"line":192,"column":69},"end":{"line":213,"column":1}},"line":192},"9":{"name":"(anonymous_9)","decl":{"start":{"line":199,"column":27},"end":{"line":199,"column":28}},"loc":{"start":{"line":199,"column":43},"end":{"line":207,"column":3}},"line":199},"10":{"name":"(anonymous_10)","decl":{"start":{"line":216,"column":24},"end":{"line":216,"column":25}},"loc":{"start":{"line":216,"column":52},"end":{"line":251,"column":1}},"line":216},"11":{"name":"obtenerFecha","decl":{"start":{"line":252,"column":9},"end":{"line":252,"column":21}},"loc":{"start":{"line":252,"column":39},"end":{"line":262,"column":1}},"line":252},"12":{"name":"(anonymous_12)","decl":{"start":{"line":263,"column":39},"end":{"line":263,"column":40}},"loc":{"start":{"line":263,"column":53},"end":{"line":270,"column":1}},"line":263},"13":{"name":"(anonymous_13)","decl":{"start":{"line":271,"column":32},"end":{"line":271,"column":33}},"loc":{"start":{"line":271,"column":46},"end":{"line":282,"column":1}},"line":271},"14":{"name":"(anonymous_14)","decl":{"start":{"line":274,"column":18},"end":{"line":274,"column":19}},"loc":{"start":{"line":274,"column":35},"end":{"line":281,"column":3}},"line":274},"15":{"name":"(anonymous_15)","decl":{"start":{"line":283,"column":29},"end":{"line":283,"column":30}},"loc":{"start":{"line":283,"column":54},"end":{"line":291,"column":1}},"line":283},"16":{"name":"(anonymous_16)","decl":{"start":{"line":292,"column":24},"end":{"line":292,"column":25}},"loc":{"start":{"line":292,"column":49},"end":{"line":294,"column":1}},"line":292},"17":{"name":"registrarUsuario","decl":{"start":{"line":299,"column":9},"end":{"line":299,"column":25}},"loc":{"start":{"line":299,"column":42},"end":{"line":362,"column":1}},"line":299},"18":{"name":"(anonymous_18)","decl":{"start":{"line":335,"column":10},"end":{"line":335,"column":11}},"loc":{"start":{"line":335,"column":25},"end":{"line":339,"column":5}},"line":335},"19":{"name":"(anonymous_19)","decl":{"start":{"line":340,"column":11},"end":{"line":340,"column":12}},"loc":{"start":{"line":340,"column":22},"end":{"line":342,"column":5}},"line":340},"20":{"name":"cifrarContrasena","decl":{"start":{"line":365,"column":9},"end":{"line":365,"column":25}},"loc":{"start":{"line":365,"column":44},"end":{"line":374,"column":1}},"line":365},"21":{"name":"(anonymous_21)","decl":{"start":{"line":376,"column":31},"end":{"line":376,"column":32}},"loc":{"start":{"line":376,"column":62},"end":{"line":402,"column":1}},"line":376},"22":{"name":"(anonymous_22)","decl":{"start":{"line":404,"column":35},"end":{"line":404,"column":36}},"loc":{"start":{"line":404,"column":66},"end":{"line":457,"column":1}},"line":404},"23":{"name":"(anonymous_23)","decl":{"start":{"line":459,"column":28},"end":{"line":459,"column":29}},"loc":{"start":{"line":459,"column":59},"end":{"line":471,"column":1}},"line":459},"24":{"name":"(anonymous_24)","decl":{"start":{"line":473,"column":39},"end":{"line":473,"column":40}},"loc":{"start":{"line":473,"column":70},"end":{"line":492,"column":1}},"line":473},"25":{"name":"(anonymous_25)","decl":{"start":{"line":494,"column":31},"end":{"line":494,"column":32}},"loc":{"start":{"line":494,"column":56},"end":{"line":500,"column":1}},"line":494},"26":{"name":"(anonymous_26)","decl":{"start":{"line":502,"column":35},"end":{"line":502,"column":36}},"loc":{"start":{"line":502,"column":53},"end":{"line":653,"column":1}},"line":502},"27":{"name":"obtenerFechaActual","decl":{"start":{"line":507,"column":13},"end":{"line":507,"column":31}},"loc":{"start":{"line":507,"column":34},"end":{"line":513,"column":5}},"line":507},"28":{"name":"(anonymous_28)","decl":{"start":{"line":589,"column":19},"end":{"line":589,"column":20}},"loc":{"start":{"line":589,"column":37},"end":{"line":596,"column":5}},"line":589},"29":{"name":"(anonymous_29)","decl":{"start":{"line":598,"column":54},"end":{"line":598,"column":55}},"loc":{"start":{"line":598,"column":61},"end":{"line":598,"column":76}},"line":598},"30":{"name":"(anonymous_30)","decl":{"start":{"line":611,"column":33},"end":{"line":611,"column":34}},"loc":{"start":{"line":611,"column":56},"end":{"line":632,"column":3}},"line":611},"31":{"name":"(anonymous_31)","decl":{"start":{"line":639,"column":29},"end":{"line":639,"column":30}},"loc":{"start":{"line":639,"column":35},"end":{"line":641,"column":5}},"line":639},"32":{"name":"(anonymous_32)","decl":{"start":{"line":643,"column":28},"end":{"line":643,"column":29}},"loc":{"start":{"line":643,"column":37},"end":{"line":646,"column":5}},"line":643},"33":{"name":"(anonymous_33)","decl":{"start":{"line":655,"column":29},"end":{"line":655,"column":30}},"loc":{"start":{"line":655,"column":43},"end":{"line":660,"column":1}},"line":655},"34":{"name":"(anonymous_34)","decl":{"start":{"line":662,"column":25},"end":{"line":662,"column":26}},"loc":{"start":{"line":662,"column":56},"end":{"line":671,"column":1}},"line":662},"35":{"name":"(anonymous_35)","decl":{"start":{"line":673,"column":28},"end":{"line":673,"column":29}},"loc":{"start":{"line":673,"column":59},"end":{"line":686,"column":1}},"line":673},"36":{"name":"(anonymous_36)","decl":{"start":{"line":689,"column":30},"end":{"line":689,"column":31}},"loc":{"start":{"line":689,"column":61},"end":{"line":703,"column":1}},"line":689}},"branchMap":{"0":{"loc":{"start":{"line":27,"column":2},"end":{"line":31,"column":3}},"type":"if","locations":[{"start":{"line":27,"column":2},"end":{"line":31,"column":3}},{"start":{"line":29,"column":7},"end":{"line":31,"column":3}}],"line":27},"1":{"loc":{"start":{"line":27,"column":5},"end":{"line":27,"column":109}},"type":"binary-expr","locations":[{"start":{"line":27,"column":5},"end":{"line":27,"column":41}},{"start":{"line":27,"column":45},"end":{"line":27,"column":76}},{"start":{"line":27,"column":80},"end":{"line":27,"column":109}}],"line":27},"2":{"loc":{"start":{"line":35,"column":2},"end":{"line":39,"column":3}},"type":"if","locations":[{"start":{"line":35,"column":2},"end":{"line":39,"column":3}},{"start":{"line":37,"column":7},"end":{"line":39,"column":3}}],"line":35},"3":{"loc":{"start":{"line":35,"column":5},"end":{"line":35,"column":109}},"type":"binary-expr","locations":[{"start":{"line":35,"column":5},"end":{"line":35,"column":41}},{"start":{"line":35,"column":45},"end":{"line":35,"column":76}},{"start":{"line":35,"column":80},"end":{"line":35,"column":109}}],"line":35},"4":{"loc":{"start":{"line":81,"column":2},"end":{"line":122,"column":3}},"type":"if","locations":[{"start":{"line":81,"column":2},"end":{"line":122,"column":3}},{"start":{"line":101,"column":7},"end":{"line":122,"column":3}}],"line":81},"5":{"loc":{"start":{"line":132,"column":4},"end":{"line":134,"column":5}},"type":"if","locations":[{"start":{"line":132,"column":4},"end":{"line":134,"column":5}},{"start":{},"end":{}}],"line":132},"6":{"loc":{"start":{"line":138,"column":4},"end":{"line":140,"column":5}},"type":"if","locations":[{"start":{"line":138,"column":4},"end":{"line":140,"column":5}},{"start":{},"end":{}}],"line":138},"7":{"loc":{"start":{"line":142,"column":4},"end":{"line":144,"column":5}},"type":"if","locations":[{"start":{"line":142,"column":4},"end":{"line":144,"column":5}},{"start":{},"end":{}}],"line":142},"8":{"loc":{"start":{"line":142,"column":8},"end":{"line":142,"column":38}},"type":"binary-expr","locations":[{"start":{"line":142,"column":8},"end":{"line":142,"column":21}},{"start":{"line":142,"column":25},"end":{"line":142,"column":38}}],"line":142},"9":{"loc":{"start":{"line":146,"column":4},"end":{"line":148,"column":5}},"type":"if","locations":[{"start":{"line":146,"column":4},"end":{"line":148,"column":5}},{"start":{},"end":{}}],"line":146},"10":{"loc":{"start":{"line":152,"column":4},"end":{"line":154,"column":5}},"type":"if","locations":[{"start":{"line":152,"column":4},"end":{"line":154,"column":5}},{"start":{},"end":{}}],"line":152},"11":{"loc":{"start":{"line":183,"column":2},"end":{"line":187,"column":3}},"type":"if","locations":[{"start":{"line":183,"column":2},"end":{"line":187,"column":3}},{"start":{"line":185,"column":7},"end":{"line":187,"column":3}}],"line":183},"12":{"loc":{"start":{"line":183,"column":5},"end":{"line":183,"column":109}},"type":"binary-expr","locations":[{"start":{"line":183,"column":5},"end":{"line":183,"column":41}},{"start":{"line":183,"column":45},"end":{"line":183,"column":76}},{"start":{"line":183,"column":80},"end":{"line":183,"column":109}}],"line":183},"13":{"loc":{"start":{"line":193,"column":2},"end":{"line":212,"column":3}},"type":"if","locations":[{"start":{"line":193,"column":2},"end":{"line":212,"column":3}},{"start":{"line":195,"column":7},"end":{"line":212,"column":3}}],"line":193},"14":{"loc":{"start":{"line":193,"column":5},"end":{"line":193,"column":109}},"type":"binary-expr","locations":[{"start":{"line":193,"column":5},"end":{"line":193,"column":41}},{"start":{"line":193,"column":45},"end":{"line":193,"column":76}},{"start":{"line":193,"column":80},"end":{"line":193,"column":109}}],"line":193},"15":{"loc":{"start":{"line":229,"column":4},"end":{"line":244,"column":5}},"type":"if","locations":[{"start":{"line":229,"column":4},"end":{"line":244,"column":5}},{"start":{"line":232,"column":9},"end":{"line":244,"column":5}}],"line":229},"16":{"loc":{"start":{"line":253,"column":2},"end":{"line":261,"column":3}},"type":"if","locations":[{"start":{"line":253,"column":2},"end":{"line":261,"column":3}},{"start":{"line":256,"column":9},"end":{"line":261,"column":3}}],"line":253},"17":{"loc":{"start":{"line":256,"column":9},"end":{"line":261,"column":3}},"type":"if","locations":[{"start":{"line":256,"column":9},"end":{"line":261,"column":3}},{"start":{"line":259,"column":8},"end":{"line":261,"column":3}}],"line":256},"18":{"loc":{"start":{"line":264,"column":2},"end":{"line":269,"column":3}},"type":"if","locations":[{"start":{"line":264,"column":2},"end":{"line":269,"column":3}},{"start":{"line":266,"column":7},"end":{"line":269,"column":3}}],"line":264},"19":{"loc":{"start":{"line":264,"column":5},"end":{"line":264,"column":109}},"type":"binary-expr","locations":[{"start":{"line":264,"column":5},"end":{"line":264,"column":41}},{"start":{"line":264,"column":45},"end":{"line":264,"column":76}},{"start":{"line":264,"column":80},"end":{"line":264,"column":109}}],"line":264},"20":{"loc":{"start":{"line":275,"column":6},"end":{"line":280,"column":7}},"type":"if","locations":[{"start":{"line":275,"column":6},"end":{"line":280,"column":7}},{"start":{"line":278,"column":13},"end":{"line":280,"column":7}}],"line":275},"21":{"loc":{"start":{"line":284,"column":2},"end":{"line":290,"column":3}},"type":"if","locations":[{"start":{"line":284,"column":2},"end":{"line":290,"column":3}},{"start":{"line":286,"column":7},"end":{"line":290,"column":3}}],"line":284},"22":{"loc":{"start":{"line":284,"column":5},"end":{"line":284,"column":109}},"type":"binary-expr","locations":[{"start":{"line":284,"column":5},"end":{"line":284,"column":41}},{"start":{"line":284,"column":45},"end":{"line":284,"column":76}},{"start":{"line":284,"column":80},"end":{"line":284,"column":109}}],"line":284},"23":{"loc":{"start":{"line":304,"column":2},"end":{"line":309,"column":3}},"type":"if","locations":[{"start":{"line":304,"column":2},"end":{"line":309,"column":3}},{"start":{},"end":{}}],"line":304},"24":{"loc":{"start":{"line":311,"column":2},"end":{"line":315,"column":3}},"type":"if","locations":[{"start":{"line":311,"column":2},"end":{"line":315,"column":3}},{"start":{},"end":{}}],"line":311},"25":{"loc":{"start":{"line":319,"column":2},"end":{"line":323,"column":3}},"type":"if","locations":[{"start":{"line":319,"column":2},"end":{"line":323,"column":3}},{"start":{},"end":{}}],"line":319},"26":{"loc":{"start":{"line":325,"column":2},"end":{"line":329,"column":3}},"type":"if","locations":[{"start":{"line":325,"column":2},"end":{"line":329,"column":3}},{"start":{},"end":{}}],"line":325},"27":{"loc":{"start":{"line":331,"column":2},"end":{"line":360,"column":3}},"type":"if","locations":[{"start":{"line":331,"column":2},"end":{"line":360,"column":3}},{"start":{},"end":{}}],"line":331},"28":{"loc":{"start":{"line":380,"column":2},"end":{"line":398,"column":3}},"type":"if","locations":[{"start":{"line":380,"column":2},"end":{"line":398,"column":3}},{"start":{"line":390,"column":7},"end":{"line":398,"column":3}}],"line":380},"29":{"loc":{"start":{"line":384,"column":4},"end":{"line":388,"column":5}},"type":"if","locations":[{"start":{"line":384,"column":4},"end":{"line":388,"column":5}},{"start":{},"end":{}}],"line":384},"30":{"loc":{"start":{"line":393,"column":4},"end":{"line":396,"column":5}},"type":"if","locations":[{"start":{"line":393,"column":4},"end":{"line":396,"column":5}},{"start":{},"end":{}}],"line":393},"31":{"loc":{"start":{"line":419,"column":3},"end":{"line":453,"column":1}},"type":"if","locations":[{"start":{"line":419,"column":3},"end":{"line":453,"column":1}},{"start":{"line":437,"column":7},"end":{"line":453,"column":1}}],"line":419},"32":{"loc":{"start":{"line":495,"column":2},"end":{"line":499,"column":3}},"type":"if","locations":[{"start":{"line":495,"column":2},"end":{"line":499,"column":3}},{"start":{"line":497,"column":7},"end":{"line":499,"column":3}}],"line":495},"33":{"loc":{"start":{"line":495,"column":5},"end":{"line":495,"column":109}},"type":"binary-expr","locations":[{"start":{"line":495,"column":5},"end":{"line":495,"column":41}},{"start":{"line":495,"column":45},"end":{"line":495,"column":76}},{"start":{"line":495,"column":80},"end":{"line":495,"column":109}}],"line":495},"34":{"loc":{"start":{"line":618,"column":6},"end":{"line":621,"column":7}},"type":"if","locations":[{"start":{"line":618,"column":6},"end":{"line":621,"column":7}},{"start":{},"end":{}}],"line":618},"35":{"loc":{"start":{"line":625,"column":6},"end":{"line":629,"column":7}},"type":"if","locations":[{"start":{"line":625,"column":6},"end":{"line":629,"column":7}},{"start":{"line":626,"column":10},"end":{"line":629,"column":7}}],"line":625},"36":{"loc":{"start":{"line":663,"column":2},"end":{"line":670,"column":3}},"type":"if","locations":[{"start":{"line":663,"column":2},"end":{"line":670,"column":3}},{"start":{"line":665,"column":7},"end":{"line":670,"column":3}}],"line":663},"37":{"loc":{"start":{"line":663,"column":5},"end":{"line":663,"column":109}},"type":"binary-expr","locations":[{"start":{"line":663,"column":5},"end":{"line":663,"column":41}},{"start":{"line":663,"column":45},"end":{"line":663,"column":76}},{"start":{"line":663,"column":80},"end":{"line":663,"column":109}}],"line":663},"38":{"loc":{"start":{"line":674,"column":2},"end":{"line":685,"column":3}},"type":"if","locations":[{"start":{"line":674,"column":2},"end":{"line":685,"column":3}},{"start":{"line":676,"column":9},"end":{"line":685,"column":3}}],"line":674},"39":{"loc":{"start":{"line":674,"column":5},"end":{"line":674,"column":109}},"type":"binary-expr","locations":[{"start":{"line":674,"column":5},"end":{"line":674,"column":41}},{"start":{"line":674,"column":45},"end":{"line":674,"column":76}},{"start":{"line":674,"column":80},"end":{"line":674,"column":109}}],"line":674},"40":{"loc":{"start":{"line":690,"column":2},"end":{"line":702,"column":3}},"type":"if","locations":[{"start":{"line":690,"column":2},"end":{"line":702,"column":3}},{"start":{"line":692,"column":7},"end":{"line":702,"column":3}}],"line":690},"41":{"loc":{"start":{"line":690,"column":5},"end":{"line":690,"column":109}},"type":"binary-expr","locations":[{"start":{"line":690,"column":5},"end":{"line":690,"column":41}},{"start":{"line":690,"column":45},"end":{"line":690,"column":76}},{"start":{"line":690,"column":80},"end":{"line":690,"column":109}}],"line":690}},"s":{"0":1,"1":1,"2":1,"3":1,"4":1,"5":1,"6":1,"7":1,"8":1,"9":1,"10":1,"11":1,"12":0,"13":0,"14":0,"15":1,"16":0,"17":0,"18":0,"19":1,"20":0,"21":0,"22":0,"23":0,"24":0,"25":0,"26":0,"27":0,"28":1,"29":0,"30":0,"31":0,"32":0,"33":0,"34":1,"35":0,"36":0,"37":0,"38":0,"39":0,"40":0,"41":0,"42":0,"43":0,"44":0,"45":0,"46":0,"47":0,"48":0,"49":0,"50":0,"51":0,"52":0,"53":0,"54":0,"55":0,"56":0,"57":0,"58":0,"59":0,"60":0,"61":0,"62":0,"63":0,"64":0,"65":0,"66":0,"67":0,"68":0,"69":0,"70":0,"71":0,"72":0,"73":0,"74":0,"75":0,"76":0,"77":0,"78":0,"79":1,"80":0,"81":0,"82":0,"83":0,"84":0,"85":0,"86":0,"87":1,"88":0,"89":0,"90":0,"91":1,"92":0,"93":0,"94":0,"95":0,"96":0,"97":0,"98":0,"99":0,"100":0,"101":0,"102":1,"103":0,"104":0,"105":0,"106":0,"107":0,"108":0,"109":0,"110":0,"111":0,"112":0,"113":0,"114":0,"115":0,"116":0,"117":0,"118":0,"119":0,"120":0,"121":0,"122":0,"123":0,"124":0,"125":0,"126":0,"127":0,"128":1,"129":0,"130":0,"131":0,"132":0,"133":1,"134":0,"135":0,"136":0,"137":0,"138":0,"139":0,"140":1,"141":0,"142":0,"143":0,"144":0,"145":0,"146":1,"147":0,"148":1,"149":7,"150":7,"151":7,"152":7,"153":1,"154":1,"155":1,"156":1,"157":7,"158":2,"159":2,"160":2,"161":7,"162":7,"163":7,"164":1,"165":1,"166":1,"167":7,"168":2,"169":2,"170":2,"171":7,"172":1,"173":1,"174":0,"175":0,"176":0,"177":1,"178":1,"179":1,"180":1,"181":0,"182":0,"183":0,"184":0,"185":0,"186":0,"187":0,"188":0,"189":0,"190":0,"191":0,"192":1,"193":0,"194":0,"195":0,"196":0,"197":0,"198":0,"199":0,"200":0,"201":0,"202":0,"203":0,"204":0,"205":0,"206":0,"207":0,"208":0,"209":0,"210":0,"211":0,"212":0,"213":0,"214":0,"215":0,"216":0,"217":0,"218":0,"219":0,"220":0,"221":0,"222":0,"223":0,"224":0,"225":0,"226":0,"227":0,"228":1,"229":0,"230":0,"231":0,"232":0,"233":0,"234":0,"235":1,"236":0,"237":0,"238":0,"239":0,"240":0,"241":0,"242":1,"243":0,"244":0,"245":0,"246":1,"247":0,"248":0,"249":0,"250":0,"251":0,"252":0,"253":0,"254":0,"255":0,"256":0,"257":0,"258":0,"259":0,"260":0,"261":0,"262":0,"263":0,"264":0,"265":0,"266":0,"267":0,"268":0,"269":0,"270":0,"271":0,"272":0,"273":0,"274":0,"275":0,"276":0,"277":0,"278":0,"279":0,"280":0,"281":0,"282":0,"283":0,"284":0,"285":0,"286":0,"287":0,"288":0,"289":0,"290":0,"291":0,"292":0,"293":0,"294":0,"295":0,"296":0,"297":0,"298":0,"299":0,"300":0,"301":0,"302":0,"303":0,"304":0,"305":0,"306":0,"307":0,"308":0,"309":0,"310":0,"311":0,"312":0,"313":0,"314":0,"315":1,"316":0,"317":0,"318":1,"319":0,"320":0,"321":0,"322":0,"323":1,"324":0,"325":0,"326":0,"327":0,"328":0,"329":0,"330":1,"331":0,"332":0,"333":0,"334":0,"335":0,"336":0,"337":0,"338":1},"f":{"0":0,"1":0,"2":0,"3":0,"4":0,"5":0,"6":0,"7":0,"8":0,"9":0,"10":0,"11":0,"12":0,"13":0,"14":0,"15":0,"16":0,"17":7,"18":0,"19":0,"20":1,"21":0,"22":0,"23":0,"24":0,"25":0,"26":0,"27":0,"28":0,"29":0,"30":0,"31":0,"32":0,"33":0,"34":0,"35":0,"36":0},"b":{"0":[0,0],"1":[0,0,0],"2":[0,0],"3":[0,0,0],"4":[0,0],"5":[0,0],"6":[0,0],"7":[0,0],"8":[0,0],"9":[0,0],"10":[0,0],"11":[0,0],"12":[0,0,0],"13":[0,0],"14":[0,0,0],"15":[0,0],"16":[0,0],"17":[0,0],"18":[0,0],"19":[0,0,0],"20":[0,0],"21":[0,0],"22":[0,0,0],"23":[1,6],"24":[2,5],"25":[1,6],"26":[2,5],"27":[1,6],"28":[0,0],"29":[0,0],"30":[0,0],"31":[0,0],"32":[0,0],"33":[0,0,0],"34":[0,0],"35":[0,0],"36":[0,0],"37":[0,0,0],"38":[0,0],"39":[0,0,0],"40":[0,0],"41":[0,0,0]},"_coverageSchema":"1a1c01bbd47fc00a2c39e90264f33305004495a9","hash":"b8618328c10dbdcd5dcc8d5e96714bf085a4d34e"}
}
