TN:
SF:DAODoctores.js
FN:4,(anonymous_0)
FN:8,(anonymous_1)
FN:10,(anonymous_2)
FN:11,(anonymous_3)
FN:16,(anonymous_4)
FN:30,(anonymous_5)
FN:32,(anonymous_6)
FN:33,(anonymous_7)
FN:40,(anonymous_8)
FN:54,(anonymous_9)
FN:56,(anonymous_10)
FN:57,(anonymous_11)
FN:64,(anonymous_12)
FN:77,(anonymous_13)
FN:79,(anonymous_14)
FN:80,(anonymous_15)
FN:87,(anonymous_16)
FN:101,(anonymous_17)
FN:103,(anonymous_18)
FN:104,(anonymous_19)
FN:111,(anonymous_20)
FN:124,(anonymous_21)
FN:126,(anonymous_22)
FN:127,(anonymous_23)
FN:134,(anonymous_24)
FN:147,(anonymous_25)
FN:155,(anonymous_26)
FN:156,(anonymous_27)
FN:204,(anonymous_28)
FN:218,(anonymous_29)
FN:220,(anonymous_30)
FN:221,(anonymous_31)
FN:228,(anonymous_32)
FN:242,(anonymous_33)
FN:244,(anonymous_34)
FN:245,(anonymous_35)
FN:252,(anonymous_36)
FN:266,(anonymous_37)
FN:268,(anonymous_38)
FN:269,(anonymous_39)
FN:280,(anonymous_40)
FN:293,(anonymous_41)
FN:295,(anonymous_42)
FN:296,(anonymous_43)
FN:303,(anonymous_44)
FN:317,(anonymous_45)
FN:319,(anonymous_46)
FN:320,(anonymous_47)
FN:327,(anonymous_48)
FN:341,(anonymous_49)
FN:343,(anonymous_50)
FN:344,(anonymous_51)
FN:351,(anonymous_52)
FN:365,(anonymous_53)
FN:367,(anonymous_54)
FN:368,(anonymous_55)
FN:376,(anonymous_56)
FN:390,(anonymous_57)
FN:392,(anonymous_58)
FN:393,(anonymous_59)
FN:400,(anonymous_60)
FN:414,(anonymous_61)
FN:416,(anonymous_62)
FN:417,(anonymous_63)
FN:424,(anonymous_64)
FNF:65
FNH:3
FNDA:1,(anonymous_0)
FNDA:1,(anonymous_1)
FNDA:1,(anonymous_2)
FNDA:0,(anonymous_3)
FNDA:0,(anonymous_4)
FNDA:0,(anonymous_5)
FNDA:0,(anonymous_6)
FNDA:0,(anonymous_7)
FNDA:0,(anonymous_8)
FNDA:0,(anonymous_9)
FNDA:0,(anonymous_10)
FNDA:0,(anonymous_11)
FNDA:0,(anonymous_12)
FNDA:0,(anonymous_13)
FNDA:0,(anonymous_14)
FNDA:0,(anonymous_15)
FNDA:0,(anonymous_16)
FNDA:0,(anonymous_17)
FNDA:0,(anonymous_18)
FNDA:0,(anonymous_19)
FNDA:0,(anonymous_20)
FNDA:0,(anonymous_21)
FNDA:0,(anonymous_22)
FNDA:0,(anonymous_23)
FNDA:0,(anonymous_24)
FNDA:0,(anonymous_25)
FNDA:0,(anonymous_26)
FNDA:0,(anonymous_27)
FNDA:0,(anonymous_28)
FNDA:0,(anonymous_29)
FNDA:0,(anonymous_30)
FNDA:0,(anonymous_31)
FNDA:0,(anonymous_32)
FNDA:0,(anonymous_33)
FNDA:0,(anonymous_34)
FNDA:0,(anonymous_35)
FNDA:0,(anonymous_36)
FNDA:0,(anonymous_37)
FNDA:0,(anonymous_38)
FNDA:0,(anonymous_39)
FNDA:0,(anonymous_40)
FNDA:0,(anonymous_41)
FNDA:0,(anonymous_42)
FNDA:0,(anonymous_43)
FNDA:0,(anonymous_44)
FNDA:0,(anonymous_45)
FNDA:0,(anonymous_46)
FNDA:0,(anonymous_47)
FNDA:0,(anonymous_48)
FNDA:0,(anonymous_49)
FNDA:0,(anonymous_50)
FNDA:0,(anonymous_51)
FNDA:0,(anonymous_52)
FNDA:0,(anonymous_53)
FNDA:0,(anonymous_54)
FNDA:0,(anonymous_55)
FNDA:0,(anonymous_56)
FNDA:0,(anonymous_57)
FNDA:0,(anonymous_58)
FNDA:0,(anonymous_59)
FNDA:0,(anonymous_60)
FNDA:0,(anonymous_61)
FNDA:0,(anonymous_62)
FNDA:0,(anonymous_63)
FNDA:0,(anonymous_64)
DA:5,1
DA:10,1
DA:11,1
DA:12,0
DA:13,0
DA:15,0
DA:16,0
DA:17,0
DA:18,0
DA:19,0
DA:22,0
DA:32,0
DA:33,0
DA:34,0
DA:35,0
DA:36,0
DA:38,0
DA:39,0
DA:40,0
DA:41,0
DA:42,0
DA:43,0
DA:46,0
DA:56,0
DA:57,0
DA:58,0
DA:59,0
DA:60,0
DA:62,0
DA:63,0
DA:64,0
DA:65,0
DA:66,0
DA:67,0
DA:70,0
DA:79,0
DA:80,0
DA:81,0
DA:82,0
DA:83,0
DA:85,0
DA:86,0
DA:87,0
DA:88,0
DA:89,0
DA:90,0
DA:93,0
DA:103,0
DA:104,0
DA:105,0
DA:106,0
DA:107,0
DA:109,0
DA:110,0
DA:111,0
DA:112,0
DA:113,0
DA:114,0
DA:117,0
DA:126,0
DA:127,0
DA:128,0
DA:129,0
DA:130,0
DA:132,0
DA:133,0
DA:134,0
DA:135,0
DA:136,0
DA:137,0
DA:140,0
DA:149,0
DA:150,0
DA:153,0
DA:155,0
DA:156,0
DA:157,0
DA:158,0
DA:159,0
DA:161,0
DA:162,0
DA:204,0
DA:205,0
DA:206,0
DA:207,0
DA:209,0
DA:220,0
DA:221,0
DA:222,0
DA:223,0
DA:224,0
DA:226,0
DA:227,0
DA:228,0
DA:229,0
DA:230,0
DA:231,0
DA:234,0
DA:244,0
DA:245,0
DA:246,0
DA:247,0
DA:248,0
DA:250,0
DA:251,0
DA:252,0
DA:253,0
DA:254,0
DA:255,0
DA:258,0
DA:268,0
DA:269,0
DA:270,0
DA:271,0
DA:272,0
DA:274,0
DA:275,0
DA:280,0
DA:281,0
DA:282,0
DA:283,0
DA:286,0
DA:295,0
DA:296,0
DA:297,0
DA:298,0
DA:299,0
DA:301,0
DA:302,0
DA:303,0
DA:304,0
DA:305,0
DA:306,0
DA:309,0
DA:319,0
DA:320,0
DA:321,0
DA:322,0
DA:323,0
DA:325,0
DA:326,0
DA:327,0
DA:328,0
DA:329,0
DA:330,0
DA:333,0
DA:343,0
DA:344,0
DA:345,0
DA:346,0
DA:347,0
DA:349,0
DA:350,0
DA:351,0
DA:352,0
DA:353,0
DA:354,0
DA:357,0
DA:367,0
DA:368,0
DA:369,0
DA:370,0
DA:371,0
DA:373,0
DA:374,0
DA:375,0
DA:376,0
DA:377,0
DA:378,0
DA:379,0
DA:382,0
DA:392,0
DA:393,0
DA:394,0
DA:395,0
DA:396,0
DA:398,0
DA:399,0
DA:400,0
DA:401,0
DA:402,0
DA:403,0
DA:406,0
DA:416,0
DA:417,0
DA:418,0
DA:419,0
DA:420,0
DA:422,0
DA:423,0
DA:424,0
DA:425,0
DA:426,0
DA:427,0
DA:430,0
DA:440,1
LF:196
LH:4
BRDA:12,0,0,0
BRDA:12,0,1,0
BRDA:18,1,0,0
BRDA:18,1,1,0
BRDA:34,2,0,0
BRDA:34,2,1,0
BRDA:42,3,0,0
BRDA:42,3,1,0
BRDA:58,4,0,0
BRDA:58,4,1,0
BRDA:66,5,0,0
BRDA:66,5,1,0
BRDA:81,6,0,0
BRDA:81,6,1,0
BRDA:89,7,0,0
BRDA:89,7,1,0
BRDA:105,8,0,0
BRDA:105,8,1,0
BRDA:113,9,0,0
BRDA:113,9,1,0
BRDA:128,10,0,0
BRDA:128,10,1,0
BRDA:136,11,0,0
BRDA:136,11,1,0
BRDA:157,12,0,0
BRDA:157,12,1,0
BRDA:206,13,0,0
BRDA:206,13,1,0
BRDA:222,14,0,0
BRDA:222,14,1,0
BRDA:230,15,0,0
BRDA:230,15,1,0
BRDA:246,16,0,0
BRDA:246,16,1,0
BRDA:254,17,0,0
BRDA:254,17,1,0
BRDA:270,18,0,0
BRDA:270,18,1,0
BRDA:282,19,0,0
BRDA:282,19,1,0
BRDA:297,20,0,0
BRDA:297,20,1,0
BRDA:305,21,0,0
BRDA:305,21,1,0
BRDA:321,22,0,0
BRDA:321,22,1,0
BRDA:329,23,0,0
BRDA:329,23,1,0
BRDA:345,24,0,0
BRDA:345,24,1,0
BRDA:353,25,0,0
BRDA:353,25,1,0
BRDA:369,26,0,0
BRDA:369,26,1,0
BRDA:378,27,0,0
BRDA:378,27,1,0
BRDA:394,28,0,0
BRDA:394,28,1,0
BRDA:402,29,0,0
BRDA:402,29,1,0
BRDA:418,30,0,0
BRDA:418,30,1,0
BRDA:426,31,0,0
BRDA:426,31,1,0
BRF:64
BRH:0
end_of_record
TN:
SF:DAOPacientes.js
FN:4,(anonymous_0)
FN:8,(anonymous_1)
FN:10,(anonymous_2)
FN:11,(anonymous_3)
FN:18,(anonymous_4)
FN:32,(anonymous_5)
FN:34,(anonymous_6)
FN:35,(anonymous_7)
FN:42,(anonymous_8)
FN:56,(anonymous_9)
FN:58,(anonymous_10)
FN:59,(anonymous_11)
FN:66,(anonymous_12)
FN:80,(anonymous_13)
FN:82,(anonymous_14)
FN:83,(anonymous_15)
FN:90,(anonymous_16)
FN:104,(anonymous_17)
FN:106,(anonymous_18)
FN:107,(anonymous_19)
FN:114,(anonymous_20)
FN:128,(anonymous_21)
FN:130,(anonymous_22)
FN:131,(anonymous_23)
FN:138,(anonymous_24)
FN:152,(anonymous_25)
FN:154,(anonymous_26)
FN:155,(anonymous_27)
FN:162,(anonymous_28)
FN:176,(anonymous_29)
FN:178,(anonymous_30)
FN:179,(anonymous_31)
FN:186,(anonymous_32)
FN:200,(anonymous_33)
FN:202,(anonymous_34)
FN:203,(anonymous_35)
FN:210,(anonymous_36)
FN:225,(anonymous_37)
FN:227,(anonymous_38)
FN:228,(anonymous_39)
FN:235,(anonymous_40)
FN:249,(anonymous_41)
FN:251,(anonymous_42)
FN:252,(anonymous_43)
FN:259,(anonymous_44)
FN:273,(anonymous_45)
FN:275,(anonymous_46)
FN:276,(anonymous_47)
FN:283,(anonymous_48)
FN:297,(anonymous_49)
FN:299,(anonymous_50)
FN:300,(anonymous_51)
FN:307,(anonymous_52)
FN:321,(anonymous_53)
FN:323,(anonymous_54)
FN:324,(anonymous_55)
FN:331,(anonymous_56)
FN:346,(anonymous_57)
FN:348,(anonymous_58)
FN:349,(anonymous_59)
FN:356,(anonymous_60)
FN:370,(anonymous_61)
FN:372,(anonymous_62)
FN:373,(anonymous_63)
FN:380,(anonymous_64)
FN:394,(anonymous_65)
FN:396,(anonymous_66)
FN:397,(anonymous_67)
FN:404,(anonymous_68)
FN:418,(anonymous_69)
FN:420,(anonymous_70)
FN:421,(anonymous_71)
FN:428,(anonymous_72)
FNF:73
FNH:1
FNDA:1,(anonymous_0)
FNDA:0,(anonymous_1)
FNDA:0,(anonymous_2)
FNDA:0,(anonymous_3)
FNDA:0,(anonymous_4)
FNDA:0,(anonymous_5)
FNDA:0,(anonymous_6)
FNDA:0,(anonymous_7)
FNDA:0,(anonymous_8)
FNDA:0,(anonymous_9)
FNDA:0,(anonymous_10)
FNDA:0,(anonymous_11)
FNDA:0,(anonymous_12)
FNDA:0,(anonymous_13)
FNDA:0,(anonymous_14)
FNDA:0,(anonymous_15)
FNDA:0,(anonymous_16)
FNDA:0,(anonymous_17)
FNDA:0,(anonymous_18)
FNDA:0,(anonymous_19)
FNDA:0,(anonymous_20)
FNDA:0,(anonymous_21)
FNDA:0,(anonymous_22)
FNDA:0,(anonymous_23)
FNDA:0,(anonymous_24)
FNDA:0,(anonymous_25)
FNDA:0,(anonymous_26)
FNDA:0,(anonymous_27)
FNDA:0,(anonymous_28)
FNDA:0,(anonymous_29)
FNDA:0,(anonymous_30)
FNDA:0,(anonymous_31)
FNDA:0,(anonymous_32)
FNDA:0,(anonymous_33)
FNDA:0,(anonymous_34)
FNDA:0,(anonymous_35)
FNDA:0,(anonymous_36)
FNDA:0,(anonymous_37)
FNDA:0,(anonymous_38)
FNDA:0,(anonymous_39)
FNDA:0,(anonymous_40)
FNDA:0,(anonymous_41)
FNDA:0,(anonymous_42)
FNDA:0,(anonymous_43)
FNDA:0,(anonymous_44)
FNDA:0,(anonymous_45)
FNDA:0,(anonymous_46)
FNDA:0,(anonymous_47)
FNDA:0,(anonymous_48)
FNDA:0,(anonymous_49)
FNDA:0,(anonymous_50)
FNDA:0,(anonymous_51)
FNDA:0,(anonymous_52)
FNDA:0,(anonymous_53)
FNDA:0,(anonymous_54)
FNDA:0,(anonymous_55)
FNDA:0,(anonymous_56)
FNDA:0,(anonymous_57)
FNDA:0,(anonymous_58)
FNDA:0,(anonymous_59)
FNDA:0,(anonymous_60)
FNDA:0,(anonymous_61)
FNDA:0,(anonymous_62)
FNDA:0,(anonymous_63)
FNDA:0,(anonymous_64)
FNDA:0,(anonymous_65)
FNDA:0,(anonymous_66)
FNDA:0,(anonymous_67)
FNDA:0,(anonymous_68)
FNDA:0,(anonymous_69)
FNDA:0,(anonymous_70)
FNDA:0,(anonymous_71)
FNDA:0,(anonymous_72)
DA:5,1
DA:10,0
DA:11,0
DA:12,0
DA:13,0
DA:14,0
DA:16,0
DA:17,0
DA:18,0
DA:19,0
DA:20,0
DA:21,0
DA:24,0
DA:34,0
DA:35,0
DA:36,0
DA:37,0
DA:38,0
DA:40,0
DA:41,0
DA:42,0
DA:43,0
DA:44,0
DA:45,0
DA:48,0
DA:58,0
DA:59,0
DA:60,0
DA:61,0
DA:62,0
DA:64,0
DA:65,0
DA:66,0
DA:67,0
DA:68,0
DA:69,0
DA:72,0
DA:82,0
DA:83,0
DA:84,0
DA:85,0
DA:86,0
DA:88,0
DA:89,0
DA:90,0
DA:91,0
DA:92,0
DA:93,0
DA:96,0
DA:106,0
DA:107,0
DA:108,0
DA:109,0
DA:110,0
DA:112,0
DA:113,0
DA:114,0
DA:115,0
DA:116,0
DA:117,0
DA:120,0
DA:130,0
DA:131,0
DA:132,0
DA:133,0
DA:134,0
DA:136,0
DA:137,0
DA:138,0
DA:139,0
DA:140,0
DA:141,0
DA:144,0
DA:154,0
DA:155,0
DA:156,0
DA:157,0
DA:158,0
DA:160,0
DA:161,0
DA:162,0
DA:163,0
DA:164,0
DA:165,0
DA:168,0
DA:178,0
DA:179,0
DA:180,0
DA:181,0
DA:182,0
DA:184,0
DA:185,0
DA:186,0
DA:187,0
DA:188,0
DA:189,0
DA:192,0
DA:202,0
DA:203,0
DA:204,0
DA:205,0
DA:206,0
DA:208,0
DA:209,0
DA:210,0
DA:211,0
DA:212,0
DA:213,0
DA:216,0
DA:227,0
DA:228,0
DA:229,0
DA:230,0
DA:231,0
DA:233,0
DA:234,0
DA:235,0
DA:236,0
DA:237,0
DA:238,0
DA:241,0
DA:251,0
DA:252,0
DA:253,0
DA:254,0
DA:255,0
DA:257,0
DA:258,0
DA:259,0
DA:260,0
DA:261,0
DA:262,0
DA:265,0
DA:275,0
DA:276,0
DA:277,0
DA:278,0
DA:279,0
DA:281,0
DA:282,0
DA:283,0
DA:284,0
DA:285,0
DA:286,0
DA:289,0
DA:299,0
DA:300,0
DA:301,0
DA:302,0
DA:303,0
DA:305,0
DA:306,0
DA:307,0
DA:308,0
DA:309,0
DA:310,0
DA:313,0
DA:323,0
DA:324,0
DA:325,0
DA:326,0
DA:327,0
DA:329,0
DA:330,0
DA:331,0
DA:332,0
DA:333,0
DA:334,0
DA:337,0
DA:348,0
DA:349,0
DA:350,0
DA:351,0
DA:352,0
DA:354,0
DA:355,0
DA:356,0
DA:357,0
DA:358,0
DA:359,0
DA:362,0
DA:372,0
DA:373,0
DA:374,0
DA:375,0
DA:376,0
DA:378,0
DA:379,0
DA:380,0
DA:381,0
DA:382,0
DA:383,0
DA:386,0
DA:396,0
DA:397,0
DA:398,0
DA:399,0
DA:400,0
DA:402,0
DA:403,0
DA:404,0
DA:405,0
DA:406,0
DA:407,0
DA:410,0
DA:420,0
DA:421,0
DA:422,0
DA:423,0
DA:424,0
DA:426,0
DA:427,0
DA:428,0
DA:429,0
DA:430,0
DA:431,0
DA:434,0
DA:444,1
LF:218
LH:2
BRDA:12,0,0,0
BRDA:12,0,1,0
BRDA:20,1,0,0
BRDA:20,1,1,0
BRDA:36,2,0,0
BRDA:36,2,1,0
BRDA:44,3,0,0
BRDA:44,3,1,0
BRDA:60,4,0,0
BRDA:60,4,1,0
BRDA:68,5,0,0
BRDA:68,5,1,0
BRDA:84,6,0,0
BRDA:84,6,1,0
BRDA:92,7,0,0
BRDA:92,7,1,0
BRDA:108,8,0,0
BRDA:108,8,1,0
BRDA:116,9,0,0
BRDA:116,9,1,0
BRDA:132,10,0,0
BRDA:132,10,1,0
BRDA:140,11,0,0
BRDA:140,11,1,0
BRDA:156,12,0,0
BRDA:156,12,1,0
BRDA:164,13,0,0
BRDA:164,13,1,0
BRDA:180,14,0,0
BRDA:180,14,1,0
BRDA:188,15,0,0
BRDA:188,15,1,0
BRDA:204,16,0,0
BRDA:204,16,1,0
BRDA:212,17,0,0
BRDA:212,17,1,0
BRDA:229,18,0,0
BRDA:229,18,1,0
BRDA:237,19,0,0
BRDA:237,19,1,0
BRDA:253,20,0,0
BRDA:253,20,1,0
BRDA:261,21,0,0
BRDA:261,21,1,0
BRDA:277,22,0,0
BRDA:277,22,1,0
BRDA:285,23,0,0
BRDA:285,23,1,0
BRDA:301,24,0,0
BRDA:301,24,1,0
BRDA:309,25,0,0
BRDA:309,25,1,0
BRDA:325,26,0,0
BRDA:325,26,1,0
BRDA:333,27,0,0
BRDA:333,27,1,0
BRDA:350,28,0,0
BRDA:350,28,1,0
BRDA:358,29,0,0
BRDA:358,29,1,0
BRDA:374,30,0,0
BRDA:374,30,1,0
BRDA:382,31,0,0
BRDA:382,31,1,0
BRDA:398,32,0,0
BRDA:398,32,1,0
BRDA:406,33,0,0
BRDA:406,33,1,0
BRDA:422,34,0,0
BRDA:422,34,1,0
BRDA:430,35,0,0
BRDA:430,35,1,0
BRF:72
BRH:0
end_of_record
TN:
SF:DAOTests.js
FN:4,(anonymous_0)
FN:8,(anonymous_1)
FN:9,(anonymous_2)
FN:10,(anonymous_3)
FN:15,(anonymous_4)
FNF:5
FNH:1
FNDA:1,(anonymous_0)
FNDA:0,(anonymous_1)
FNDA:0,(anonymous_2)
FNDA:0,(anonymous_3)
FNDA:0,(anonymous_4)
DA:5,1
DA:9,0
DA:10,0
DA:11,0
DA:12,0
DA:14,0
DA:15,0
DA:16,0
DA:17,0
DA:18,0
DA:21,0
DA:29,1
LF:12
LH:2
BRDA:11,0,0,0
BRDA:11,0,1,0
BRDA:17,1,0,0
BRDA:17,1,1,0
BRF:4
BRH:0
end_of_record
TN:
SF:routes\doctor.js
FN:26,(anonymous_0)
FN:34,(anonymous_1)
FN:42,(anonymous_2)
FN:46,(anonymous_3)
FN:59,(anonymous_4)
FN:72,(anonymous_5)
FN:165,(anonymous_6)
FN:182,(anonymous_7)
FN:192,(anonymous_8)
FN:199,(anonymous_9)
FN:216,(anonymous_10)
FN:252,obtenerFecha
FN:263,(anonymous_12)
FN:271,(anonymous_13)
FN:274,(anonymous_14)
FN:283,(anonymous_15)
FN:292,(anonymous_16)
FN:299,registrarUsuario
FN:335,(anonymous_18)
FN:340,(anonymous_19)
FN:365,cifrarContrasena
FN:376,(anonymous_21)
FN:404,(anonymous_22)
FN:459,(anonymous_23)
FN:473,(anonymous_24)
FN:494,(anonymous_25)
FN:502,(anonymous_26)
FN:507,obtenerFechaActual
FN:589,(anonymous_28)
FN:598,(anonymous_29)
FN:611,(anonymous_30)
FN:639,(anonymous_31)
FN:643,(anonymous_32)
FN:655,(anonymous_33)
FN:662,(anonymous_34)
FN:673,(anonymous_35)
FN:689,(anonymous_36)
FNF:37
FNH:2
FNDA:0,(anonymous_0)
FNDA:0,(anonymous_1)
FNDA:0,(anonymous_2)
FNDA:0,(anonymous_3)
FNDA:0,(anonymous_4)
FNDA:0,(anonymous_5)
FNDA:0,(anonymous_6)
FNDA:0,(anonymous_7)
FNDA:0,(anonymous_8)
FNDA:0,(anonymous_9)
FNDA:0,(anonymous_10)
FNDA:0,obtenerFecha
FNDA:0,(anonymous_12)
FNDA:0,(anonymous_13)
FNDA:0,(anonymous_14)
FNDA:0,(anonymous_15)
FNDA:0,(anonymous_16)
FNDA:7,registrarUsuario
FNDA:0,(anonymous_18)
FNDA:0,(anonymous_19)
FNDA:1,cifrarContrasena
FNDA:0,(anonymous_21)
FNDA:0,(anonymous_22)
FNDA:0,(anonymous_23)
FNDA:0,(anonymous_24)
FNDA:0,(anonymous_25)
FNDA:0,(anonymous_26)
FNDA:0,obtenerFechaActual
FNDA:0,(anonymous_28)
FNDA:0,(anonymous_29)
FNDA:0,(anonymous_30)
FNDA:0,(anonymous_31)
FNDA:0,(anonymous_32)
FNDA:0,(anonymous_33)
FNDA:0,(anonymous_34)
FNDA:0,(anonymous_35)
FNDA:0,(anonymous_36)
DA:2,1
DA:3,1
DA:4,1
DA:5,1
DA:6,1
DA:7,1
DA:8,1
DA:10,1
DA:13,1
DA:21,1
DA:22,1
DA:26,1
DA:27,0
DA:28,0
DA:30,0
DA:34,1
DA:35,0
DA:36,0
DA:38,0
DA:42,1
DA:43,0
DA:44,0
DA:45,0
DA:46,0
DA:47,0
DA:48,0
DA:49,0
DA:56,0
DA:59,1
DA:60,0
DA:61,0
DA:63,0
DA:65,0
DA:68,0
DA:72,1
DA:73,0
DA:74,0
DA:75,0
DA:76,0
DA:77,0
DA:78,0
DA:79,0
DA:81,0
DA:83,0
DA:84,0
DA:87,0
DA:96,0
DA:98,0
DA:99,0
DA:103,0
DA:104,0
DA:107,0
DA:116,0
DA:118,0
DA:119,0
DA:125,0
DA:126,0
DA:127,0
DA:128,0
DA:129,0
DA:131,0
DA:132,0
DA:133,0
DA:136,0
DA:138,0
DA:139,0
DA:142,0
DA:143,0
DA:146,0
DA:147,0
DA:149,0
DA:150,0
DA:151,0
DA:152,0
DA:153,0
DA:156,0
DA:158,0
DA:160,0
DA:161,0
DA:165,1
DA:166,0
DA:168,0
DA:170,0
DA:172,0
DA:174,0
DA:177,0
DA:178,0
DA:182,1
DA:183,0
DA:184,0
DA:186,0
DA:192,1
DA:193,0
DA:194,0
DA:197,0
DA:199,0
DA:200,0
DA:202,0
DA:203,0
DA:205,0
DA:209,0
DA:211,0
DA:216,1
DA:218,0
DA:220,0
DA:221,0
DA:223,0
DA:225,0
DA:227,0
DA:229,0
DA:230,0
DA:234,0
DA:235,0
DA:236,0
DA:237,0
DA:238,0
DA:239,0
DA:241,0
DA:242,0
DA:243,0
DA:248,0
DA:253,0
DA:254,0
DA:255,0
DA:256,0
DA:257,0
DA:258,0
DA:260,0
DA:263,1
DA:264,0
DA:265,0
DA:267,0
DA:268,0
DA:271,1
DA:272,0
DA:274,0
DA:275,0
DA:276,0
DA:277,0
DA:279,0
DA:283,1
DA:284,0
DA:285,0
DA:287,0
DA:288,0
DA:289,0
DA:292,1
DA:293,0
DA:297,1
DA:300,7
DA:301,7
DA:303,7
DA:304,7
DA:305,1
DA:306,1
DA:307,1
DA:308,1
DA:311,7
DA:312,2
DA:313,2
DA:314,2
DA:317,7
DA:318,7
DA:319,7
DA:320,1
DA:321,1
DA:322,1
DA:325,7
DA:326,2
DA:327,2
DA:328,2
DA:331,7
DA:332,1
DA:334,1
DA:336,0
DA:338,0
DA:341,0
DA:367,1
DA:370,1
DA:373,1
DA:376,1
DA:378,0
DA:380,0
DA:382,0
DA:384,0
DA:385,0
DA:386,0
DA:392,0
DA:393,0
DA:394,0
DA:395,0
DA:400,0
DA:404,1
DA:407,0
DA:408,0
DA:411,0
DA:414,0
DA:415,0
DA:419,0
DA:420,0
DA:421,0
DA:422,0
DA:423,0
DA:424,0
DA:425,0
DA:426,0
DA:428,0
DA:429,0
DA:430,0
DA:431,0
DA:432,0
DA:433,0
DA:435,0
DA:438,0
DA:439,0
DA:440,0
DA:441,0
DA:442,0
DA:443,0
DA:445,0
DA:446,0
DA:447,0
DA:448,0
DA:449,0
DA:450,0
DA:452,0
DA:455,0
DA:459,1
DA:460,0
DA:462,0
DA:464,0
DA:466,0
DA:468,0
DA:469,0
DA:473,1
DA:474,0
DA:476,0
DA:478,0
DA:481,0
DA:484,0
DA:490,0
DA:494,1
DA:495,0
DA:496,0
DA:498,0
DA:502,1
DA:504,0
DA:508,0
DA:509,0
DA:510,0
DA:511,0
DA:512,0
DA:516,0
DA:517,0
DA:518,0
DA:519,0
DA:520,0
DA:523,0
DA:531,0
DA:536,0
DA:540,0
DA:543,0
DA:544,0
DA:545,0
DA:546,0
DA:549,0
DA:553,0
DA:557,0
DA:558,0
DA:559,0
DA:560,0
DA:561,0
DA:564,0
DA:572,0
DA:585,0
DA:586,0
DA:587,0
DA:589,0
DA:590,0
DA:591,0
DA:593,0
DA:594,0
DA:595,0
DA:598,0
DA:599,0
DA:600,0
DA:602,0
DA:603,0
DA:604,0
DA:605,0
DA:607,0
DA:609,0
DA:611,0
DA:614,0
DA:615,0
DA:618,0
DA:619,0
DA:620,0
DA:624,0
DA:625,0
DA:627,0
DA:628,0
DA:631,0
DA:635,0
DA:636,0
DA:639,0
DA:640,0
DA:643,0
DA:644,0
DA:645,0
DA:649,0
DA:652,0
DA:655,1
DA:656,0
DA:659,0
DA:662,1
DA:663,0
DA:664,0
DA:667,0
DA:669,0
DA:673,1
DA:674,0
DA:675,0
DA:677,0
DA:678,0
DA:680,0
DA:683,0
DA:689,1
DA:690,0
DA:691,0
DA:693,0
DA:694,0
DA:696,0
DA:698,0
DA:700,0
DA:704,1
LF:336
LH:64
BRDA:27,0,0,0
BRDA:27,0,1,0
BRDA:27,1,0,0
BRDA:27,1,1,0
BRDA:27,1,2,0
BRDA:35,2,0,0
BRDA:35,2,1,0
BRDA:35,3,0,0
BRDA:35,3,1,0
BRDA:35,3,2,0
BRDA:81,4,0,0
BRDA:81,4,1,0
BRDA:132,5,0,0
BRDA:132,5,1,0
BRDA:138,6,0,0
BRDA:138,6,1,0
BRDA:142,7,0,0
BRDA:142,7,1,0
BRDA:142,8,0,0
BRDA:142,8,1,0
BRDA:146,9,0,0
BRDA:146,9,1,0
BRDA:152,10,0,0
BRDA:152,10,1,0
BRDA:183,11,0,0
BRDA:183,11,1,0
BRDA:183,12,0,0
BRDA:183,12,1,0
BRDA:183,12,2,0
BRDA:193,13,0,0
BRDA:193,13,1,0
BRDA:193,14,0,0
BRDA:193,14,1,0
BRDA:193,14,2,0
BRDA:229,15,0,0
BRDA:229,15,1,0
BRDA:253,16,0,0
BRDA:253,16,1,0
BRDA:256,17,0,0
BRDA:256,17,1,0
BRDA:264,18,0,0
BRDA:264,18,1,0
BRDA:264,19,0,0
BRDA:264,19,1,0
BRDA:264,19,2,0
BRDA:275,20,0,0
BRDA:275,20,1,0
BRDA:284,21,0,0
BRDA:284,21,1,0
BRDA:284,22,0,0
BRDA:284,22,1,0
BRDA:284,22,2,0
BRDA:304,23,0,1
BRDA:304,23,1,6
BRDA:311,24,0,2
BRDA:311,24,1,5
BRDA:319,25,0,1
BRDA:319,25,1,6
BRDA:325,26,0,2
BRDA:325,26,1,5
BRDA:331,27,0,1
BRDA:331,27,1,6
BRDA:380,28,0,0
BRDA:380,28,1,0
BRDA:384,29,0,0
BRDA:384,29,1,0
BRDA:393,30,0,0
BRDA:393,30,1,0
BRDA:419,31,0,0
BRDA:419,31,1,0
BRDA:495,32,0,0
BRDA:495,32,1,0
BRDA:495,33,0,0
BRDA:495,33,1,0
BRDA:495,33,2,0
BRDA:618,34,0,0
BRDA:618,34,1,0
BRDA:625,35,0,0
BRDA:625,35,1,0
BRDA:663,36,0,0
BRDA:663,36,1,0
BRDA:663,37,0,0
BRDA:663,37,1,0
BRDA:663,37,2,0
BRDA:674,38,0,0
BRDA:674,38,1,0
BRDA:674,39,0,0
BRDA:674,39,1,0
BRDA:674,39,2,0
BRDA:690,40,0,0
BRDA:690,40,1,0
BRDA:690,41,0,0
BRDA:690,41,1,0
BRDA:690,41,2,0
BRF:94
BRH:10
end_of_record
