TN:
SF:DAODoctores.js
FN:4,(anonymous_0)
FN:9,(anonymous_1)
FN:11,(anonymous_2)
FN:12,(anonymous_3)
FN:19,(anonymous_4)
FN:33,(anonymous_5)
FN:35,(anonymous_6)
FN:36,(anonymous_7)
FN:43,(anonymous_8)
FN:56,(anonymous_9)
FN:58,(anonymous_10)
FN:59,(anonymous_11)
FN:66,(anonymous_12)
FN:79,(anonymous_13)
FN:81,(anonymous_14)
FN:82,(anonymous_15)
FN:89,(anonymous_16)
FN:102,(anonymous_17)
FN:110,(anonymous_18)
FN:111,(anonymous_19)
FN:159,(anonymous_20)
FN:173,(anonymous_21)
FN:175,(anonymous_22)
FN:176,(anonymous_23)
FN:183,(anonymous_24)
FN:197,(anonymous_25)
FN:199,(anonymous_26)
FN:200,(anonymous_27)
FN:207,(anonymous_28)
FN:221,(anonymous_29)
FN:223,(anonymous_30)
FN:224,(anonymous_31)
FN:235,(anonymous_32)
FN:248,(anonymous_33)
FN:250,(anonymous_34)
FN:251,(anonymous_35)
FN:258,(anonymous_36)
FN:272,(anonymous_37)
FN:274,(anonymous_38)
FN:275,(anonymous_39)
FN:282,(anonymous_40)
FN:296,(anonymous_41)
FN:298,(anonymous_42)
FN:299,(anonymous_43)
FN:306,(anonymous_44)
FNF:45
FNH:1
FNDA:1,(anonymous_0)
FNDA:0,(anonymous_1)
FNDA:0,(anonymous_2)
FNDA:0,(anonymous_3)
FNDA:0,(anonymous_4)
FNDA:0,(anonymous_5)
FNDA:0,(anonymous_6)
FNDA:0,(anonymous_7)
FNDA:0,(anonymous_8)
FNDA:0,(anonymous_9)
FNDA:0,(anonymous_10)
FNDA:0,(anonymous_11)
FNDA:0,(anonymous_12)
FNDA:0,(anonymous_13)
FNDA:0,(anonymous_14)
FNDA:0,(anonymous_15)
FNDA:0,(anonymous_16)
FNDA:0,(anonymous_17)
FNDA:0,(anonymous_18)
FNDA:0,(anonymous_19)
FNDA:0,(anonymous_20)
FNDA:0,(anonymous_21)
FNDA:0,(anonymous_22)
FNDA:0,(anonymous_23)
FNDA:0,(anonymous_24)
FNDA:0,(anonymous_25)
FNDA:0,(anonymous_26)
FNDA:0,(anonymous_27)
FNDA:0,(anonymous_28)
FNDA:0,(anonymous_29)
FNDA:0,(anonymous_30)
FNDA:0,(anonymous_31)
FNDA:0,(anonymous_32)
FNDA:0,(anonymous_33)
FNDA:0,(anonymous_34)
FNDA:0,(anonymous_35)
FNDA:0,(anonymous_36)
FNDA:0,(anonymous_37)
FNDA:0,(anonymous_38)
FNDA:0,(anonymous_39)
FNDA:0,(anonymous_40)
FNDA:0,(anonymous_41)
FNDA:0,(anonymous_42)
FNDA:0,(anonymous_43)
FNDA:0,(anonymous_44)
DA:5,1
DA:11,0
DA:12,0
DA:13,0
DA:14,0
DA:15,0
DA:17,0
DA:18,0
DA:19,0
DA:20,0
DA:21,0
DA:22,0
DA:25,0
DA:35,0
DA:36,0
DA:37,0
DA:38,0
DA:39,0
DA:41,0
DA:42,0
DA:43,0
DA:44,0
DA:45,0
DA:46,0
DA:49,0
DA:58,0
DA:59,0
DA:60,0
DA:61,0
DA:62,0
DA:64,0
DA:65,0
DA:66,0
DA:67,0
DA:68,0
DA:69,0
DA:72,0
DA:81,0
DA:82,0
DA:83,0
DA:84,0
DA:85,0
DA:87,0
DA:88,0
DA:89,0
DA:90,0
DA:91,0
DA:92,0
DA:95,0
DA:104,0
DA:105,0
DA:108,0
DA:110,0
DA:111,0
DA:112,0
DA:113,0
DA:114,0
DA:116,0
DA:117,0
DA:159,0
DA:160,0
DA:161,0
DA:162,0
DA:164,0
DA:175,0
DA:176,0
DA:177,0
DA:178,0
DA:179,0
DA:181,0
DA:182,0
DA:183,0
DA:184,0
DA:185,0
DA:186,0
DA:189,0
DA:199,0
DA:200,0
DA:201,0
DA:202,0
DA:203,0
DA:205,0
DA:206,0
DA:207,0
DA:208,0
DA:209,0
DA:210,0
DA:213,0
DA:223,0
DA:224,0
DA:225,0
DA:226,0
DA:227,0
DA:229,0
DA:230,0
DA:235,0
DA:236,0
DA:237,0
DA:238,0
DA:241,0
DA:250,0
DA:251,0
DA:252,0
DA:253,0
DA:254,0
DA:256,0
DA:257,0
DA:258,0
DA:259,0
DA:260,0
DA:261,0
DA:264,0
DA:274,0
DA:275,0
DA:276,0
DA:277,0
DA:278,0
DA:280,0
DA:281,0
DA:282,0
DA:283,0
DA:284,0
DA:285,0
DA:288,0
DA:298,0
DA:299,0
DA:300,0
DA:301,0
DA:302,0
DA:304,0
DA:305,0
DA:306,0
DA:307,0
DA:308,0
DA:309,0
DA:312,0
DA:322,1
LF:137
LH:2
BRDA:13,0,0,0
BRDA:13,0,1,0
BRDA:21,1,0,0
BRDA:21,1,1,0
BRDA:37,2,0,0
BRDA:37,2,1,0
BRDA:45,3,0,0
BRDA:45,3,1,0
BRDA:60,4,0,0
BRDA:60,4,1,0
BRDA:68,5,0,0
BRDA:68,5,1,0
BRDA:83,6,0,0
BRDA:83,6,1,0
BRDA:91,7,0,0
BRDA:91,7,1,0
BRDA:112,8,0,0
BRDA:112,8,1,0
BRDA:161,9,0,0
BRDA:161,9,1,0
BRDA:177,10,0,0
BRDA:177,10,1,0
BRDA:185,11,0,0
BRDA:185,11,1,0
BRDA:201,12,0,0
BRDA:201,12,1,0
BRDA:209,13,0,0
BRDA:209,13,1,0
BRDA:225,14,0,0
BRDA:225,14,1,0
BRDA:237,15,0,0
BRDA:237,15,1,0
BRDA:252,16,0,0
BRDA:252,16,1,0
BRDA:260,17,0,0
BRDA:260,17,1,0
BRDA:276,18,0,0
BRDA:276,18,1,0
BRDA:284,19,0,0
BRDA:284,19,1,0
BRDA:300,20,0,0
BRDA:300,20,1,0
BRDA:308,21,0,0
BRDA:308,21,1,0
BRF:44
BRH:0
end_of_record
TN:
SF:DAOPacientes.js
FN:4,(anonymous_0)
FN:8,(anonymous_1)
FN:10,(anonymous_2)
FN:11,(anonymous_3)
FN:18,(anonymous_4)
FN:32,(anonymous_5)
FN:34,(anonymous_6)
FN:35,(anonymous_7)
FN:42,(anonymous_8)
FN:56,(anonymous_9)
FN:58,(anonymous_10)
FN:59,(anonymous_11)
FN:66,(anonymous_12)
FN:80,(anonymous_13)
FN:82,(anonymous_14)
FN:83,(anonymous_15)
FN:90,(anonymous_16)
FN:104,(anonymous_17)
FN:106,(anonymous_18)
FN:107,(anonymous_19)
FN:114,(anonymous_20)
FN:128,(anonymous_21)
FN:130,(anonymous_22)
FN:131,(anonymous_23)
FN:138,(anonymous_24)
FN:152,(anonymous_25)
FN:154,(anonymous_26)
FN:155,(anonymous_27)
FN:162,(anonymous_28)
FN:176,(anonymous_29)
FN:178,(anonymous_30)
FN:179,(anonymous_31)
FN:186,(anonymous_32)
FN:201,(anonymous_33)
FN:203,(anonymous_34)
FN:204,(anonymous_35)
FN:211,(anonymous_36)
FN:225,(anonymous_37)
FN:227,(anonymous_38)
FN:228,(anonymous_39)
FN:235,(anonymous_40)
FN:249,(anonymous_41)
FN:251,(anonymous_42)
FN:252,(anonymous_43)
FN:259,(anonymous_44)
FN:273,(anonymous_45)
FN:275,(anonymous_46)
FN:276,(anonymous_47)
FN:283,(anonymous_48)
FNF:49
FNH:1
FNDA:1,(anonymous_0)
FNDA:0,(anonymous_1)
FNDA:0,(anonymous_2)
FNDA:0,(anonymous_3)
FNDA:0,(anonymous_4)
FNDA:0,(anonymous_5)
FNDA:0,(anonymous_6)
FNDA:0,(anonymous_7)
FNDA:0,(anonymous_8)
FNDA:0,(anonymous_9)
FNDA:0,(anonymous_10)
FNDA:0,(anonymous_11)
FNDA:0,(anonymous_12)
FNDA:0,(anonymous_13)
FNDA:0,(anonymous_14)
FNDA:0,(anonymous_15)
FNDA:0,(anonymous_16)
FNDA:0,(anonymous_17)
FNDA:0,(anonymous_18)
FNDA:0,(anonymous_19)
FNDA:0,(anonymous_20)
FNDA:0,(anonymous_21)
FNDA:0,(anonymous_22)
FNDA:0,(anonymous_23)
FNDA:0,(anonymous_24)
FNDA:0,(anonymous_25)
FNDA:0,(anonymous_26)
FNDA:0,(anonymous_27)
FNDA:0,(anonymous_28)
FNDA:0,(anonymous_29)
FNDA:0,(anonymous_30)
FNDA:0,(anonymous_31)
FNDA:0,(anonymous_32)
FNDA:0,(anonymous_33)
FNDA:0,(anonymous_34)
FNDA:0,(anonymous_35)
FNDA:0,(anonymous_36)
FNDA:0,(anonymous_37)
FNDA:0,(anonymous_38)
FNDA:0,(anonymous_39)
FNDA:0,(anonymous_40)
FNDA:0,(anonymous_41)
FNDA:0,(anonymous_42)
FNDA:0,(anonymous_43)
FNDA:0,(anonymous_44)
FNDA:0,(anonymous_45)
FNDA:0,(anonymous_46)
FNDA:0,(anonymous_47)
FNDA:0,(anonymous_48)
DA:5,1
DA:10,0
DA:11,0
DA:12,0
DA:13,0
DA:14,0
DA:16,0
DA:17,0
DA:18,0
DA:19,0
DA:20,0
DA:21,0
DA:24,0
DA:34,0
DA:35,0
DA:36,0
DA:37,0
DA:38,0
DA:40,0
DA:41,0
DA:42,0
DA:43,0
DA:44,0
DA:45,0
DA:48,0
DA:58,0
DA:59,0
DA:60,0
DA:61,0
DA:62,0
DA:64,0
DA:65,0
DA:66,0
DA:67,0
DA:68,0
DA:69,0
DA:72,0
DA:82,0
DA:83,0
DA:84,0
DA:85,0
DA:86,0
DA:88,0
DA:89,0
DA:90,0
DA:91,0
DA:92,0
DA:93,0
DA:96,0
DA:106,0
DA:107,0
DA:108,0
DA:109,0
DA:110,0
DA:112,0
DA:113,0
DA:114,0
DA:115,0
DA:116,0
DA:117,0
DA:120,0
DA:130,0
DA:131,0
DA:132,0
DA:133,0
DA:134,0
DA:136,0
DA:137,0
DA:138,0
DA:139,0
DA:140,0
DA:141,0
DA:144,0
DA:154,0
DA:155,0
DA:156,0
DA:157,0
DA:158,0
DA:160,0
DA:161,0
DA:162,0
DA:163,0
DA:164,0
DA:165,0
DA:168,0
DA:178,0
DA:179,0
DA:180,0
DA:181,0
DA:182,0
DA:184,0
DA:185,0
DA:186,0
DA:187,0
DA:188,0
DA:189,0
DA:192,0
DA:203,0
DA:204,0
DA:205,0
DA:206,0
DA:207,0
DA:209,0
DA:210,0
DA:211,0
DA:212,0
DA:213,0
DA:214,0
DA:217,0
DA:227,0
DA:228,0
DA:229,0
DA:230,0
DA:231,0
DA:233,0
DA:234,0
DA:235,0
DA:236,0
DA:237,0
DA:238,0
DA:241,0
DA:251,0
DA:252,0
DA:253,0
DA:254,0
DA:255,0
DA:257,0
DA:258,0
DA:259,0
DA:260,0
DA:261,0
DA:262,0
DA:265,0
DA:275,0
DA:276,0
DA:277,0
DA:278,0
DA:279,0
DA:281,0
DA:282,0
DA:283,0
DA:284,0
DA:285,0
DA:286,0
DA:289,0
DA:299,1
LF:146
LH:2
BRDA:12,0,0,0
BRDA:12,0,1,0
BRDA:20,1,0,0
BRDA:20,1,1,0
BRDA:36,2,0,0
BRDA:36,2,1,0
BRDA:44,3,0,0
BRDA:44,3,1,0
BRDA:60,4,0,0
BRDA:60,4,1,0
BRDA:68,5,0,0
BRDA:68,5,1,0
BRDA:84,6,0,0
BRDA:84,6,1,0
BRDA:92,7,0,0
BRDA:92,7,1,0
BRDA:108,8,0,0
BRDA:108,8,1,0
BRDA:116,9,0,0
BRDA:116,9,1,0
BRDA:132,10,0,0
BRDA:132,10,1,0
BRDA:140,11,0,0
BRDA:140,11,1,0
BRDA:156,12,0,0
BRDA:156,12,1,0
BRDA:164,13,0,0
BRDA:164,13,1,0
BRDA:180,14,0,0
BRDA:180,14,1,0
BRDA:188,15,0,0
BRDA:188,15,1,0
BRDA:205,16,0,0
BRDA:205,16,1,0
BRDA:213,17,0,0
BRDA:213,17,1,0
BRDA:229,18,0,0
BRDA:229,18,1,0
BRDA:237,19,0,0
BRDA:237,19,1,0
BRDA:253,20,0,0
BRDA:253,20,1,0
BRDA:261,21,0,0
BRDA:261,21,1,0
BRDA:277,22,0,0
BRDA:277,22,1,0
BRDA:285,23,0,0
BRDA:285,23,1,0
BRF:48
BRH:0
end_of_record
TN:
SF:routes\doctor.js
FN:27,(anonymous_0)
FN:34,(anonymous_1)
FN:41,(anonymous_2)
FN:45,(anonymous_3)
FN:57,(anonymous_4)
FN:70,(anonymous_5)
FN:143,(anonymous_6)
FN:153,(anonymous_7)
FN:162,(anonymous_8)
FN:180,(anonymous_9)
FN:216,obtenerFecha
FN:227,(anonymous_11)
FN:235,(anonymous_12)
FN:238,(anonymous_13)
FN:247,(anonymous_14)
FN:256,(anonymous_15)
FN:263,registrarUsuario
FN:304,(anonymous_17)
FN:316,cifrarContrasena
FN:327,(anonymous_19)
FN:355,(anonymous_20)
FN:410,(anonymous_21)
FN:424,(anonymous_22)
FN:445,(anonymous_23)
FN:453,(anonymous_24)
FN:458,obtenerFechaActual
FN:540,(anonymous_26)
FN:549,(anonymous_27)
FN:562,(anonymous_28)
FN:595,(anonymous_29)
FN:599,(anonymous_30)
FN:611,(anonymous_31)
FNF:32
FNH:1
FNDA:0,(anonymous_0)
FNDA:0,(anonymous_1)
FNDA:0,(anonymous_2)
FNDA:0,(anonymous_3)
FNDA:0,(anonymous_4)
FNDA:0,(anonymous_5)
FNDA:0,(anonymous_6)
FNDA:0,(anonymous_7)
FNDA:0,(anonymous_8)
FNDA:0,(anonymous_9)
FNDA:0,obtenerFecha
FNDA:0,(anonymous_11)
FNDA:0,(anonymous_12)
FNDA:0,(anonymous_13)
FNDA:0,(anonymous_14)
FNDA:0,(anonymous_15)
FNDA:6,registrarUsuario
FNDA:0,(anonymous_17)
FNDA:0,cifrarContrasena
FNDA:0,(anonymous_19)
FNDA:0,(anonymous_20)
FNDA:0,(anonymous_21)
FNDA:0,(anonymous_22)
FNDA:0,(anonymous_23)
FNDA:0,(anonymous_24)
FNDA:0,obtenerFechaActual
FNDA:0,(anonymous_26)
FNDA:0,(anonymous_27)
FNDA:0,(anonymous_28)
FNDA:0,(anonymous_29)
FNDA:0,(anonymous_30)
FNDA:0,(anonymous_31)
DA:2,1
DA:3,1
DA:4,1
DA:5,1
DA:6,1
DA:7,1
DA:8,1
DA:11,1
DA:14,1
DA:22,1
DA:23,1
DA:27,1
DA:28,0
DA:29,0
DA:31,0
DA:34,1
DA:35,0
DA:36,0
DA:38,0
DA:41,1
DA:42,0
DA:43,0
DA:44,0
DA:45,0
DA:46,0
DA:47,0
DA:48,0
DA:55,0
DA:57,1
DA:58,0
DA:59,0
DA:61,0
DA:63,0
DA:66,0
DA:70,1
DA:71,0
DA:72,0
DA:73,0
DA:74,0
DA:75,0
DA:76,0
DA:77,0
DA:79,0
DA:81,0
DA:82,0
DA:85,0
DA:94,0
DA:96,0
DA:97,0
DA:103,0
DA:104,0
DA:105,0
DA:106,0
DA:107,0
DA:109,0
DA:110,0
DA:111,0
DA:114,0
DA:116,0
DA:117,0
DA:120,0
DA:121,0
DA:124,0
DA:125,0
DA:127,0
DA:128,0
DA:129,0
DA:130,0
DA:131,0
DA:134,0
DA:136,0
DA:138,0
DA:139,0
DA:143,1
DA:144,0
DA:145,0
DA:147,0
DA:153,1
DA:154,0
DA:155,0
DA:158,0
DA:162,0
DA:163,0
DA:165,0
DA:166,0
DA:168,0
DA:172,0
DA:175,0
DA:180,1
DA:182,0
DA:184,0
DA:185,0
DA:187,0
DA:189,0
DA:191,0
DA:193,0
DA:194,0
DA:198,0
DA:199,0
DA:200,0
DA:201,0
DA:202,0
DA:203,0
DA:205,0
DA:206,0
DA:207,0
DA:212,0
DA:217,0
DA:218,0
DA:219,0
DA:220,0
DA:221,0
DA:222,0
DA:224,0
DA:227,1
DA:228,0
DA:229,0
DA:231,0
DA:232,0
DA:235,1
DA:236,0
DA:238,0
DA:239,0
DA:240,0
DA:241,0
DA:243,0
DA:247,1
DA:248,0
DA:249,0
DA:251,0
DA:252,0
DA:253,0
DA:256,1
DA:257,0
DA:261,1
DA:264,6
DA:265,6
DA:267,6
DA:268,6
DA:269,1
DA:270,1
DA:271,1
DA:272,1
DA:275,6
DA:276,2
DA:277,2
DA:278,2
DA:281,6
DA:282,6
DA:283,6
DA:284,1
DA:285,1
DA:286,1
DA:289,6
DA:290,2
DA:291,2
DA:292,2
DA:295,6
DA:296,0
DA:298,0
DA:303,0
DA:304,0
DA:305,0
DA:306,0
DA:308,0
DA:309,0
DA:318,0
DA:321,0
DA:324,0
DA:327,1
DA:329,0
DA:331,0
DA:333,0
DA:335,0
DA:336,0
DA:337,0
DA:343,0
DA:344,0
DA:345,0
DA:346,0
DA:351,0
DA:355,1
DA:358,0
DA:359,0
DA:362,0
DA:365,0
DA:366,0
DA:370,0
DA:371,0
DA:372,0
DA:373,0
DA:374,0
DA:375,0
DA:376,0
DA:377,0
DA:379,0
DA:380,0
DA:381,0
DA:382,0
DA:383,0
DA:384,0
DA:386,0
DA:389,0
DA:390,0
DA:391,0
DA:392,0
DA:393,0
DA:394,0
DA:396,0
DA:397,0
DA:398,0
DA:399,0
DA:400,0
DA:401,0
DA:403,0
DA:406,0
DA:410,1
DA:411,0
DA:413,0
DA:415,0
DA:417,0
DA:419,0
DA:420,0
DA:424,1
DA:425,0
DA:427,0
DA:429,0
DA:432,0
DA:435,0
DA:441,0
DA:445,1
DA:446,0
DA:447,0
DA:449,0
DA:453,1
DA:455,0
DA:459,0
DA:460,0
DA:461,0
DA:462,0
DA:463,0
DA:467,0
DA:468,0
DA:469,0
DA:470,0
DA:471,0
DA:474,0
DA:482,0
DA:487,0
DA:491,0
DA:494,0
DA:495,0
DA:496,0
DA:497,0
DA:500,0
DA:504,0
DA:508,0
DA:509,0
DA:510,0
DA:511,0
DA:512,0
DA:515,0
DA:523,0
DA:536,0
DA:537,0
DA:538,0
DA:540,0
DA:541,0
DA:542,0
DA:544,0
DA:545,0
DA:546,0
DA:549,0
DA:550,0
DA:551,0
DA:553,0
DA:554,0
DA:555,0
DA:556,0
DA:558,0
DA:560,0
DA:562,0
DA:565,0
DA:566,0
DA:569,0
DA:570,0
DA:571,0
DA:575,0
DA:576,0
DA:578,0
DA:579,0
DA:582,0
DA:591,0
DA:592,0
DA:595,0
DA:596,0
DA:599,0
DA:600,0
DA:601,0
DA:605,0
DA:608,0
DA:611,1
DA:612,0
DA:615,0
DA:618,1
LF:305
LH:55
BRDA:28,0,0,0
BRDA:28,0,1,0
BRDA:28,1,0,0
BRDA:28,1,1,0
BRDA:28,1,2,0
BRDA:35,2,0,0
BRDA:35,2,1,0
BRDA:35,3,0,0
BRDA:35,3,1,0
BRDA:35,3,2,0
BRDA:79,4,0,0
BRDA:79,4,1,0
BRDA:110,5,0,0
BRDA:110,5,1,0
BRDA:116,6,0,0
BRDA:116,6,1,0
BRDA:120,7,0,0
BRDA:120,7,1,0
BRDA:120,8,0,0
BRDA:120,8,1,0
BRDA:124,9,0,0
BRDA:124,9,1,0
BRDA:130,10,0,0
BRDA:130,10,1,0
BRDA:144,11,0,0
BRDA:144,11,1,0
BRDA:144,12,0,0
BRDA:144,12,1,0
BRDA:144,12,2,0
BRDA:154,13,0,0
BRDA:154,13,1,0
BRDA:154,14,0,0
BRDA:154,14,1,0
BRDA:154,14,2,0
BRDA:193,15,0,0
BRDA:193,15,1,0
BRDA:217,16,0,0
BRDA:217,16,1,0
BRDA:220,17,0,0
BRDA:220,17,1,0
BRDA:228,18,0,0
BRDA:228,18,1,0
BRDA:228,19,0,0
BRDA:228,19,1,0
BRDA:228,19,2,0
BRDA:239,20,0,0
BRDA:239,20,1,0
BRDA:248,21,0,0
BRDA:248,21,1,0
BRDA:248,22,0,0
BRDA:248,22,1,0
BRDA:248,22,2,0
BRDA:268,23,0,1
BRDA:268,23,1,5
BRDA:275,24,0,2
BRDA:275,24,1,4
BRDA:283,25,0,1
BRDA:283,25,1,5
BRDA:289,26,0,2
BRDA:289,26,1,4
BRDA:295,27,0,0
BRDA:295,27,1,6
BRDA:305,28,0,0
BRDA:305,28,1,0
BRDA:331,29,0,0
BRDA:331,29,1,0
BRDA:335,30,0,0
BRDA:335,30,1,0
BRDA:344,31,0,0
BRDA:344,31,1,0
BRDA:370,32,0,0
BRDA:370,32,1,0
BRDA:446,33,0,0
BRDA:446,33,1,0
BRDA:446,34,0,0
BRDA:446,34,1,0
BRDA:446,34,2,0
BRDA:569,35,0,0
BRDA:569,35,1,0
BRDA:576,36,0,0
BRDA:576,36,1,0
BRF:81
BRH:9
end_of_record
